15-Nov-2023 01:29:56.482 정보 [Thread-3] org.apache.coyote.AbstractProtocol.pause Pausing ProtocolHandler ["http-nio-8080"]
15-Nov-2023 01:29:56.598 정보 [Thread-3] org.apache.coyote.AbstractProtocol.pause Pausing ProtocolHandler ["ajp-nio-8009"]
15-Nov-2023 01:29:56.609 정보 [Thread-3] org.apache.catalina.core.StandardService.stopInternal Stopping service Catalina
15-Nov-2023 01:29:56.888 경고 [localhost-startStop-2] org.apache.catalina.loader.WebappClassLoaderBase.checkThreadLocalsForLeaks Failed to check for ThreadLocal references for web application [ROOT]
 java.lang.reflect.InaccessibleObjectException: Unable to make field java.lang.ThreadLocal$ThreadLocalMap java.lang.Thread.threadLocals accessible: module java.base does not "opens java.lang" to unnamed module @7a07c5b4
	at java.base/java.lang.reflect.AccessibleObject.checkCanSetAccessible(AccessibleObject.java:354)
	at java.base/java.lang.reflect.AccessibleObject.checkCanSetAccessible(AccessibleObject.java:297)
	at java.base/java.lang.reflect.Field.checkCanSetAccessible(Field.java:178)
	at java.base/java.lang.reflect.Field.setAccessible(Field.java:172)
	at org.apache.catalina.loader.WebappClassLoaderBase.checkThreadLocalsForLeaks(WebappClassLoaderBase.java:1841)
	at org.apache.catalina.loader.WebappClassLoaderBase.clearReferences(WebappClassLoaderBase.java:1531)
	at org.apache.catalina.loader.WebappClassLoaderBase.stop(WebappClassLoaderBase.java:1477)
	at org.apache.catalina.loader.WebappLoader.stopInternal(WebappLoader.java:447)
	at org.apache.catalina.util.LifecycleBase.stop(LifecycleBase.java:226)
	at org.apache.catalina.core.StandardContext.stopInternal(StandardContext.java:5447)
	at org.apache.catalina.util.LifecycleBase.stop(LifecycleBase.java:226)
	at org.apache.catalina.core.ContainerBase$StopChild.call(ContainerBase.java:1435)
	at org.apache.catalina.core.ContainerBase$StopChild.call(ContainerBase.java:1424)
	at java.base/java.util.concurrent.FutureTask.run(FutureTask.java:264)
	at java.base/java.util.concurrent.ThreadPoolExecutor.runWorker(ThreadPoolExecutor.java:1136)
	at java.base/java.util.concurrent.ThreadPoolExecutor$Worker.run(ThreadPoolExecutor.java:635)
	at java.base/java.lang.Thread.run(Thread.java:833)

15-Nov-2023 01:29:56.916 경고 [localhost-startStop-2] org.apache.catalina.loader.WebappClassLoaderBase.clearReferencesRmiTargets When running on Java 9 you need to add "--add-exports java.rmi/sun.rmi.transport=ALL-UNNAMED" to the JVM command line arguments to enable RMI Target memory leak detection. Alternatively, you can suppress this warning by disabling RMI Target memory leak detection.
15-Nov-2023 01:29:57.052 경고 [localhost-startStop-2] org.apache.catalina.loader.WebappClassLoaderBase.checkThreadLocalsForLeaks Failed to check for ThreadLocal references for web application [examples]
 java.lang.reflect.InaccessibleObjectException: Unable to make field java.lang.ThreadLocal$ThreadLocalMap java.lang.Thread.threadLocals accessible: module java.base does not "opens java.lang" to unnamed module @7a07c5b4
	at java.base/java.lang.reflect.AccessibleObject.checkCanSetAccessible(AccessibleObject.java:354)
	at java.base/java.lang.reflect.AccessibleObject.checkCanSetAccessible(AccessibleObject.java:297)
	at java.base/java.lang.reflect.Field.checkCanSetAccessible(Field.java:178)
	at java.base/java.lang.reflect.Field.setAccessible(Field.java:172)
	at org.apache.catalina.loader.WebappClassLoaderBase.checkThreadLocalsForLeaks(WebappClassLoaderBase.java:1841)
	at org.apache.catalina.loader.WebappClassLoaderBase.clearReferences(WebappClassLoaderBase.java:1531)
	at org.apache.catalina.loader.WebappClassLoaderBase.stop(WebappClassLoaderBase.java:1477)
	at org.apache.catalina.loader.WebappLoader.stopInternal(WebappLoader.java:447)
	at org.apache.catalina.util.LifecycleBase.stop(LifecycleBase.java:226)
	at org.apache.catalina.core.StandardContext.stopInternal(StandardContext.java:5447)
	at org.apache.catalina.util.LifecycleBase.stop(LifecycleBase.java:226)
	at org.apache.catalina.core.ContainerBase$StopChild.call(ContainerBase.java:1435)
	at org.apache.catalina.core.ContainerBase$StopChild.call(ContainerBase.java:1424)
	at java.base/java.util.concurrent.FutureTask.run(FutureTask.java:264)
	at java.base/java.util.concurrent.ThreadPoolExecutor.runWorker(ThreadPoolExecutor.java:1136)
	at java.base/java.util.concurrent.ThreadPoolExecutor$Worker.run(ThreadPoolExecutor.java:635)
	at java.base/java.lang.Thread.run(Thread.java:833)

15-Nov-2023 01:29:57.060 경고 [localhost-startStop-2] org.apache.catalina.loader.WebappClassLoaderBase.clearReferencesRmiTargets When running on Java 9 you need to add "--add-exports java.rmi/sun.rmi.transport=ALL-UNNAMED" to the JVM command line arguments to enable RMI Target memory leak detection. Alternatively, you can suppress this warning by disabling RMI Target memory leak detection.
15-Nov-2023 01:29:57.089 경고 [localhost-startStop-2] org.apache.catalina.loader.WebappClassLoaderBase.checkThreadLocalsForLeaks Failed to check for ThreadLocal references for web application [chap09]
 java.lang.reflect.InaccessibleObjectException: Unable to make field java.lang.ThreadLocal$ThreadLocalMap java.lang.Thread.threadLocals accessible: module java.base does not "opens java.lang" to unnamed module @7a07c5b4
	at java.base/java.lang.reflect.AccessibleObject.checkCanSetAccessible(AccessibleObject.java:354)
	at java.base/java.lang.reflect.AccessibleObject.checkCanSetAccessible(AccessibleObject.java:297)
	at java.base/java.lang.reflect.Field.checkCanSetAccessible(Field.java:178)
	at java.base/java.lang.reflect.Field.setAccessible(Field.java:172)
	at org.apache.catalina.loader.WebappClassLoaderBase.checkThreadLocalsForLeaks(WebappClassLoaderBase.java:1841)
	at org.apache.catalina.loader.WebappClassLoaderBase.clearReferences(WebappClassLoaderBase.java:1531)
	at org.apache.catalina.loader.WebappClassLoaderBase.stop(WebappClassLoaderBase.java:1477)
	at org.apache.catalina.loader.WebappLoader.stopInternal(WebappLoader.java:447)
	at org.apache.catalina.util.LifecycleBase.stop(LifecycleBase.java:226)
	at org.apache.catalina.core.StandardContext.stopInternal(StandardContext.java:5447)
	at org.apache.catalina.util.LifecycleBase.stop(LifecycleBase.java:226)
	at org.apache.catalina.core.ContainerBase$StopChild.call(ContainerBase.java:1435)
	at org.apache.catalina.core.ContainerBase$StopChild.call(ContainerBase.java:1424)
	at java.base/java.util.concurrent.FutureTask.run(FutureTask.java:264)
	at java.base/java.util.concurrent.ThreadPoolExecutor.runWorker(ThreadPoolExecutor.java:1136)
	at java.base/java.util.concurrent.ThreadPoolExecutor$Worker.run(ThreadPoolExecutor.java:635)
	at java.base/java.lang.Thread.run(Thread.java:833)

15-Nov-2023 01:29:57.097 경고 [localhost-startStop-2] org.apache.catalina.loader.WebappClassLoaderBase.clearReferencesRmiTargets When running on Java 9 you need to add "--add-exports java.rmi/sun.rmi.transport=ALL-UNNAMED" to the JVM command line arguments to enable RMI Target memory leak detection. Alternatively, you can suppress this warning by disabling RMI Target memory leak detection.
15-Nov-2023 01:29:57.129 경고 [localhost-startStop-2] org.apache.catalina.loader.WebappClassLoaderBase.checkThreadLocalsForLeaks Failed to check for ThreadLocal references for web application [host-manager]
 java.lang.reflect.InaccessibleObjectException: Unable to make field java.lang.ThreadLocal$ThreadLocalMap java.lang.Thread.threadLocals accessible: module java.base does not "opens java.lang" to unnamed module @7a07c5b4
	at java.base/java.lang.reflect.AccessibleObject.checkCanSetAccessible(AccessibleObject.java:354)
	at java.base/java.lang.reflect.AccessibleObject.checkCanSetAccessible(AccessibleObject.java:297)
	at java.base/java.lang.reflect.Field.checkCanSetAccessible(Field.java:178)
	at java.base/java.lang.reflect.Field.setAccessible(Field.java:172)
	at org.apache.catalina.loader.WebappClassLoaderBase.checkThreadLocalsForLeaks(WebappClassLoaderBase.java:1841)
	at org.apache.catalina.loader.WebappClassLoaderBase.clearReferences(WebappClassLoaderBase.java:1531)
	at org.apache.catalina.loader.WebappClassLoaderBase.stop(WebappClassLoaderBase.java:1477)
	at org.apache.catalina.loader.WebappLoader.stopInternal(WebappLoader.java:447)
	at org.apache.catalina.util.LifecycleBase.stop(LifecycleBase.java:226)
	at org.apache.catalina.core.StandardContext.stopInternal(StandardContext.java:5447)
	at org.apache.catalina.util.LifecycleBase.stop(LifecycleBase.java:226)
	at org.apache.catalina.core.ContainerBase$StopChild.call(ContainerBase.java:1435)
	at org.apache.catalina.core.ContainerBase$StopChild.call(ContainerBase.java:1424)
	at java.base/java.util.concurrent.FutureTask.run(FutureTask.java:264)
	at java.base/java.util.concurrent.ThreadPoolExecutor.runWorker(ThreadPoolExecutor.java:1136)
	at java.base/java.util.concurrent.ThreadPoolExecutor$Worker.run(ThreadPoolExecutor.java:635)
	at java.base/java.lang.Thread.run(Thread.java:833)

15-Nov-2023 01:29:57.135 경고 [localhost-startStop-2] org.apache.catalina.loader.WebappClassLoaderBase.clearReferencesRmiTargets When running on Java 9 you need to add "--add-exports java.rmi/sun.rmi.transport=ALL-UNNAMED" to the JVM command line arguments to enable RMI Target memory leak detection. Alternatively, you can suppress this warning by disabling RMI Target memory leak detection.
15-Nov-2023 01:29:57.163 경고 [localhost-startStop-2] org.apache.catalina.loader.WebappClassLoaderBase.checkThreadLocalsForLeaks Failed to check for ThreadLocal references for web application [.idea]
 java.lang.reflect.InaccessibleObjectException: Unable to make field java.lang.ThreadLocal$ThreadLocalMap java.lang.Thread.threadLocals accessible: module java.base does not "opens java.lang" to unnamed module @7a07c5b4
	at java.base/java.lang.reflect.AccessibleObject.checkCanSetAccessible(AccessibleObject.java:354)
	at java.base/java.lang.reflect.AccessibleObject.checkCanSetAccessible(AccessibleObject.java:297)
	at java.base/java.lang.reflect.Field.checkCanSetAccessible(Field.java:178)
	at java.base/java.lang.reflect.Field.setAccessible(Field.java:172)
	at org.apache.catalina.loader.WebappClassLoaderBase.checkThreadLocalsForLeaks(WebappClassLoaderBase.java:1841)
	at org.apache.catalina.loader.WebappClassLoaderBase.clearReferences(WebappClassLoaderBase.java:1531)
	at org.apache.catalina.loader.WebappClassLoaderBase.stop(WebappClassLoaderBase.java:1477)
	at org.apache.catalina.loader.WebappLoader.stopInternal(WebappLoader.java:447)
	at org.apache.catalina.util.LifecycleBase.stop(LifecycleBase.java:226)
	at org.apache.catalina.core.StandardContext.stopInternal(StandardContext.java:5447)
	at org.apache.catalina.util.LifecycleBase.stop(LifecycleBase.java:226)
	at org.apache.catalina.core.ContainerBase$StopChild.call(ContainerBase.java:1435)
	at org.apache.catalina.core.ContainerBase$StopChild.call(ContainerBase.java:1424)
	at java.base/java.util.concurrent.FutureTask.run(FutureTask.java:264)
	at java.base/java.util.concurrent.ThreadPoolExecutor.runWorker(ThreadPoolExecutor.java:1136)
	at java.base/java.util.concurrent.ThreadPoolExecutor$Worker.run(ThreadPoolExecutor.java:635)
	at java.base/java.lang.Thread.run(Thread.java:833)

15-Nov-2023 01:29:57.170 경고 [localhost-startStop-2] org.apache.catalina.loader.WebappClassLoaderBase.clearReferencesRmiTargets When running on Java 9 you need to add "--add-exports java.rmi/sun.rmi.transport=ALL-UNNAMED" to the JVM command line arguments to enable RMI Target memory leak detection. Alternatively, you can suppress this warning by disabling RMI Target memory leak detection.
15-Nov-2023 01:29:57.182 경고 [localhost-startStop-2] org.apache.catalina.loader.WebappClassLoaderBase.checkThreadLocalsForLeaks Failed to check for ThreadLocal references for web application [chap04]
 java.lang.reflect.InaccessibleObjectException: Unable to make field java.lang.ThreadLocal$ThreadLocalMap java.lang.Thread.threadLocals accessible: module java.base does not "opens java.lang" to unnamed module @7a07c5b4
	at java.base/java.lang.reflect.AccessibleObject.checkCanSetAccessible(AccessibleObject.java:354)
	at java.base/java.lang.reflect.AccessibleObject.checkCanSetAccessible(AccessibleObject.java:297)
	at java.base/java.lang.reflect.Field.checkCanSetAccessible(Field.java:178)
	at java.base/java.lang.reflect.Field.setAccessible(Field.java:172)
	at org.apache.catalina.loader.WebappClassLoaderBase.checkThreadLocalsForLeaks(WebappClassLoaderBase.java:1841)
	at org.apache.catalina.loader.WebappClassLoaderBase.clearReferences(WebappClassLoaderBase.java:1531)
	at org.apache.catalina.loader.WebappClassLoaderBase.stop(WebappClassLoaderBase.java:1477)
	at org.apache.catalina.loader.WebappLoader.stopInternal(WebappLoader.java:447)
	at org.apache.catalina.util.LifecycleBase.stop(LifecycleBase.java:226)
	at org.apache.catalina.core.StandardContext.stopInternal(StandardContext.java:5447)
	at org.apache.catalina.util.LifecycleBase.stop(LifecycleBase.java:226)
	at org.apache.catalina.core.ContainerBase$StopChild.call(ContainerBase.java:1435)
	at org.apache.catalina.core.ContainerBase$StopChild.call(ContainerBase.java:1424)
	at java.base/java.util.concurrent.FutureTask.run(FutureTask.java:264)
	at java.base/java.util.concurrent.ThreadPoolExecutor.runWorker(ThreadPoolExecutor.java:1136)
	at java.base/java.util.concurrent.ThreadPoolExecutor$Worker.run(ThreadPoolExecutor.java:635)
	at java.base/java.lang.Thread.run(Thread.java:833)

15-Nov-2023 01:29:57.189 경고 [localhost-startStop-2] org.apache.catalina.loader.WebappClassLoaderBase.clearReferencesRmiTargets When running on Java 9 you need to add "--add-exports java.rmi/sun.rmi.transport=ALL-UNNAMED" to the JVM command line arguments to enable RMI Target memory leak detection. Alternatively, you can suppress this warning by disabling RMI Target memory leak detection.
15-Nov-2023 01:29:57.206 경고 [localhost-startStop-2] org.apache.catalina.loader.WebappClassLoaderBase.checkThreadLocalsForLeaks Failed to check for ThreadLocal references for web application [chap03]
 java.lang.reflect.InaccessibleObjectException: Unable to make field java.lang.ThreadLocal$ThreadLocalMap java.lang.Thread.threadLocals accessible: module java.base does not "opens java.lang" to unnamed module @7a07c5b4
	at java.base/java.lang.reflect.AccessibleObject.checkCanSetAccessible(AccessibleObject.java:354)
	at java.base/java.lang.reflect.AccessibleObject.checkCanSetAccessible(AccessibleObject.java:297)
	at java.base/java.lang.reflect.Field.checkCanSetAccessible(Field.java:178)
	at java.base/java.lang.reflect.Field.setAccessible(Field.java:172)
	at org.apache.catalina.loader.WebappClassLoaderBase.checkThreadLocalsForLeaks(WebappClassLoaderBase.java:1841)
	at org.apache.catalina.loader.WebappClassLoaderBase.clearReferences(WebappClassLoaderBase.java:1531)
	at org.apache.catalina.loader.WebappClassLoaderBase.stop(WebappClassLoaderBase.java:1477)
	at org.apache.catalina.loader.WebappLoader.stopInternal(WebappLoader.java:447)
	at org.apache.catalina.util.LifecycleBase.stop(LifecycleBase.java:226)
	at org.apache.catalina.core.StandardContext.stopInternal(StandardContext.java:5447)
	at org.apache.catalina.util.LifecycleBase.stop(LifecycleBase.java:226)
	at org.apache.catalina.core.ContainerBase$StopChild.call(ContainerBase.java:1435)
	at org.apache.catalina.core.ContainerBase$StopChild.call(ContainerBase.java:1424)
	at java.base/java.util.concurrent.FutureTask.run(FutureTask.java:264)
	at java.base/java.util.concurrent.ThreadPoolExecutor.runWorker(ThreadPoolExecutor.java:1136)
	at java.base/java.util.concurrent.ThreadPoolExecutor$Worker.run(ThreadPoolExecutor.java:635)
	at java.base/java.lang.Thread.run(Thread.java:833)

15-Nov-2023 01:29:57.209 경고 [localhost-startStop-2] org.apache.catalina.loader.WebappClassLoaderBase.clearReferencesRmiTargets When running on Java 9 you need to add "--add-exports java.rmi/sun.rmi.transport=ALL-UNNAMED" to the JVM command line arguments to enable RMI Target memory leak detection. Alternatively, you can suppress this warning by disabling RMI Target memory leak detection.
15-Nov-2023 01:29:57.238 경고 [localhost-startStop-2] org.apache.catalina.loader.WebappClassLoaderBase.checkThreadLocalsForLeaks Failed to check for ThreadLocal references for web application [chap02]
 java.lang.reflect.InaccessibleObjectException: Unable to make field java.lang.ThreadLocal$ThreadLocalMap java.lang.Thread.threadLocals accessible: module java.base does not "opens java.lang" to unnamed module @7a07c5b4
	at java.base/java.lang.reflect.AccessibleObject.checkCanSetAccessible(AccessibleObject.java:354)
	at java.base/java.lang.reflect.AccessibleObject.checkCanSetAccessible(AccessibleObject.java:297)
	at java.base/java.lang.reflect.Field.checkCanSetAccessible(Field.java:178)
	at java.base/java.lang.reflect.Field.setAccessible(Field.java:172)
	at org.apache.catalina.loader.WebappClassLoaderBase.checkThreadLocalsForLeaks(WebappClassLoaderBase.java:1841)
	at org.apache.catalina.loader.WebappClassLoaderBase.clearReferences(WebappClassLoaderBase.java:1531)
	at org.apache.catalina.loader.WebappClassLoaderBase.stop(WebappClassLoaderBase.java:1477)
	at org.apache.catalina.loader.WebappLoader.stopInternal(WebappLoader.java:447)
	at org.apache.catalina.util.LifecycleBase.stop(LifecycleBase.java:226)
	at org.apache.catalina.core.StandardContext.stopInternal(StandardContext.java:5447)
	at org.apache.catalina.util.LifecycleBase.stop(LifecycleBase.java:226)
	at org.apache.catalina.core.ContainerBase$StopChild.call(ContainerBase.java:1435)
	at org.apache.catalina.core.ContainerBase$StopChild.call(ContainerBase.java:1424)
	at java.base/java.util.concurrent.FutureTask.run(FutureTask.java:264)
	at java.base/java.util.concurrent.ThreadPoolExecutor.runWorker(ThreadPoolExecutor.java:1136)
	at java.base/java.util.concurrent.ThreadPoolExecutor$Worker.run(ThreadPoolExecutor.java:635)
	at java.base/java.lang.Thread.run(Thread.java:833)

15-Nov-2023 01:29:57.240 경고 [localhost-startStop-2] org.apache.catalina.loader.WebappClassLoaderBase.clearReferencesRmiTargets When running on Java 9 you need to add "--add-exports java.rmi/sun.rmi.transport=ALL-UNNAMED" to the JVM command line arguments to enable RMI Target memory leak detection. Alternatively, you can suppress this warning by disabling RMI Target memory leak detection.
15-Nov-2023 01:29:57.257 경고 [localhost-startStop-2] org.apache.catalina.loader.WebappClassLoaderBase.checkThreadLocalsForLeaks Failed to check for ThreadLocal references for web application [manager]
 java.lang.reflect.InaccessibleObjectException: Unable to make field java.lang.ThreadLocal$ThreadLocalMap java.lang.Thread.threadLocals accessible: module java.base does not "opens java.lang" to unnamed module @7a07c5b4
	at java.base/java.lang.reflect.AccessibleObject.checkCanSetAccessible(AccessibleObject.java:354)
	at java.base/java.lang.reflect.AccessibleObject.checkCanSetAccessible(AccessibleObject.java:297)
	at java.base/java.lang.reflect.Field.checkCanSetAccessible(Field.java:178)
	at java.base/java.lang.reflect.Field.setAccessible(Field.java:172)
	at org.apache.catalina.loader.WebappClassLoaderBase.checkThreadLocalsForLeaks(WebappClassLoaderBase.java:1841)
	at org.apache.catalina.loader.WebappClassLoaderBase.clearReferences(WebappClassLoaderBase.java:1531)
	at org.apache.catalina.loader.WebappClassLoaderBase.stop(WebappClassLoaderBase.java:1477)
	at org.apache.catalina.loader.WebappLoader.stopInternal(WebappLoader.java:447)
	at org.apache.catalina.util.LifecycleBase.stop(LifecycleBase.java:226)
	at org.apache.catalina.core.StandardContext.stopInternal(StandardContext.java:5447)
	at org.apache.catalina.util.LifecycleBase.stop(LifecycleBase.java:226)
	at org.apache.catalina.core.ContainerBase$StopChild.call(ContainerBase.java:1435)
	at org.apache.catalina.core.ContainerBase$StopChild.call(ContainerBase.java:1424)
	at java.base/java.util.concurrent.FutureTask.run(FutureTask.java:264)
	at java.base/java.util.concurrent.ThreadPoolExecutor.runWorker(ThreadPoolExecutor.java:1136)
	at java.base/java.util.concurrent.ThreadPoolExecutor$Worker.run(ThreadPoolExecutor.java:635)
	at java.base/java.lang.Thread.run(Thread.java:833)

15-Nov-2023 01:29:57.265 경고 [localhost-startStop-2] org.apache.catalina.loader.WebappClassLoaderBase.clearReferencesRmiTargets When running on Java 9 you need to add "--add-exports java.rmi/sun.rmi.transport=ALL-UNNAMED" to the JVM command line arguments to enable RMI Target memory leak detection. Alternatively, you can suppress this warning by disabling RMI Target memory leak detection.
15-Nov-2023 01:29:57.305 경고 [localhost-startStop-2] org.apache.catalina.loader.WebappClassLoaderBase.checkThreadLocalsForLeaks Failed to check for ThreadLocal references for web application [docs]
 java.lang.reflect.InaccessibleObjectException: Unable to make field java.lang.ThreadLocal$ThreadLocalMap java.lang.Thread.threadLocals accessible: module java.base does not "opens java.lang" to unnamed module @7a07c5b4
	at java.base/java.lang.reflect.AccessibleObject.checkCanSetAccessible(AccessibleObject.java:354)
	at java.base/java.lang.reflect.AccessibleObject.checkCanSetAccessible(AccessibleObject.java:297)
	at java.base/java.lang.reflect.Field.checkCanSetAccessible(Field.java:178)
	at java.base/java.lang.reflect.Field.setAccessible(Field.java:172)
	at org.apache.catalina.loader.WebappClassLoaderBase.checkThreadLocalsForLeaks(WebappClassLoaderBase.java:1841)
	at org.apache.catalina.loader.WebappClassLoaderBase.clearReferences(WebappClassLoaderBase.java:1531)
	at org.apache.catalina.loader.WebappClassLoaderBase.stop(WebappClassLoaderBase.java:1477)
	at org.apache.catalina.loader.WebappLoader.stopInternal(WebappLoader.java:447)
	at org.apache.catalina.util.LifecycleBase.stop(LifecycleBase.java:226)
	at org.apache.catalina.core.StandardContext.stopInternal(StandardContext.java:5447)
	at org.apache.catalina.util.LifecycleBase.stop(LifecycleBase.java:226)
	at org.apache.catalina.core.ContainerBase$StopChild.call(ContainerBase.java:1435)
	at org.apache.catalina.core.ContainerBase$StopChild.call(ContainerBase.java:1424)
	at java.base/java.util.concurrent.FutureTask.run(FutureTask.java:264)
	at java.base/java.util.concurrent.ThreadPoolExecutor.runWorker(ThreadPoolExecutor.java:1136)
	at java.base/java.util.concurrent.ThreadPoolExecutor$Worker.run(ThreadPoolExecutor.java:635)
	at java.base/java.lang.Thread.run(Thread.java:833)

15-Nov-2023 01:29:57.366 경고 [localhost-startStop-2] org.apache.catalina.loader.WebappClassLoaderBase.clearReferencesRmiTargets When running on Java 9 you need to add "--add-exports java.rmi/sun.rmi.transport=ALL-UNNAMED" to the JVM command line arguments to enable RMI Target memory leak detection. Alternatively, you can suppress this warning by disabling RMI Target memory leak detection.
15-Nov-2023 01:29:57.384 정보 [Thread-3] org.apache.coyote.AbstractProtocol.stop Stopping ProtocolHandler ["http-nio-8080"]
15-Nov-2023 01:29:57.440 정보 [Thread-3] org.apache.coyote.AbstractProtocol.destroy Destroying ProtocolHandler ["http-nio-8080"]
15-Nov-2023 01:29:57.453 정보 [Thread-3] org.apache.coyote.AbstractProtocol.stop Stopping ProtocolHandler ["ajp-nio-8009"]
15-Nov-2023 01:29:57.454 정보 [Thread-3] org.apache.coyote.AbstractProtocol.destroy Destroying ProtocolHandler ["ajp-nio-8009"]
15-Nov-2023 15:59:06.885 정보 [main] org.apache.catalina.startup.VersionLoggerListener.log Server version:        Apache Tomcat/8.5.9
15-Nov-2023 15:59:06.891 정보 [main] org.apache.catalina.startup.VersionLoggerListener.log Server built:          Dec 5 2016 20:18:12 UTC
15-Nov-2023 15:59:06.891 정보 [main] org.apache.catalina.startup.VersionLoggerListener.log Server number:         8.5.9.0
15-Nov-2023 15:59:06.892 정보 [main] org.apache.catalina.startup.VersionLoggerListener.log OS Name:               Mac OS X
15-Nov-2023 15:59:06.893 정보 [main] org.apache.catalina.startup.VersionLoggerListener.log OS Version:            13.0
15-Nov-2023 15:59:06.893 정보 [main] org.apache.catalina.startup.VersionLoggerListener.log Architecture:          x86_64
15-Nov-2023 15:59:06.893 정보 [main] org.apache.catalina.startup.VersionLoggerListener.log Java Home:             /Users/kimzoo/Library/Java/JavaVirtualMachines/corretto-17.0.7/Contents/Home
15-Nov-2023 15:59:06.894 정보 [main] org.apache.catalina.startup.VersionLoggerListener.log JVM Version:           17.0.7+7-LTS
15-Nov-2023 15:59:06.894 정보 [main] org.apache.catalina.startup.VersionLoggerListener.log JVM Vendor:            Amazon.com Inc.
15-Nov-2023 15:59:06.894 정보 [main] org.apache.catalina.startup.VersionLoggerListener.log CATALINA_BASE:         /Users/kimzoo/study/apache-tomcat-8.5.9
15-Nov-2023 15:59:06.894 정보 [main] org.apache.catalina.startup.VersionLoggerListener.log CATALINA_HOME:         /Users/kimzoo/study/apache-tomcat-8.5.9
15-Nov-2023 15:59:06.903 정보 [main] org.apache.catalina.startup.VersionLoggerListener.log Command line argument: -Djava.util.logging.config.file=/Users/kimzoo/study/apache-tomcat-8.5.9/conf/logging.properties
15-Nov-2023 15:59:06.903 정보 [main] org.apache.catalina.startup.VersionLoggerListener.log Command line argument: -Djava.util.logging.manager=org.apache.juli.ClassLoaderLogManager
15-Nov-2023 15:59:06.904 정보 [main] org.apache.catalina.startup.VersionLoggerListener.log Command line argument: -Djdk.tls.ephemeralDHKeySize=2048
15-Nov-2023 15:59:06.904 정보 [main] org.apache.catalina.startup.VersionLoggerListener.log Command line argument: -Djava.protocol.handler.pkgs=org.apache.catalina.webresources
15-Nov-2023 15:59:06.904 정보 [main] org.apache.catalina.startup.VersionLoggerListener.log Command line argument: -Dcatalina.base=/Users/kimzoo/study/apache-tomcat-8.5.9
15-Nov-2023 15:59:06.904 정보 [main] org.apache.catalina.startup.VersionLoggerListener.log Command line argument: -Dcatalina.home=/Users/kimzoo/study/apache-tomcat-8.5.9
15-Nov-2023 15:59:06.904 정보 [main] org.apache.catalina.startup.VersionLoggerListener.log Command line argument: -Djava.io.tmpdir=/Users/kimzoo/study/apache-tomcat-8.5.9/temp
15-Nov-2023 15:59:06.904 정보 [main] org.apache.catalina.core.AprLifecycleListener.lifecycleEvent The APR based Apache Tomcat Native library which allows optimal performance in production environments was not found on the java.library.path: /Users/kimzoo/Library/Java/Extensions:/Library/Java/Extensions:/Network/Library/Java/Extensions:/System/Library/Java/Extensions:/usr/lib/java:.
15-Nov-2023 15:59:06.983 정보 [main] org.apache.coyote.AbstractProtocol.init Initializing ProtocolHandler ["http-nio-8080"]
15-Nov-2023 15:59:07.021 정보 [main] org.apache.tomcat.util.net.NioSelectorPool.getSharedSelector Using a shared selector for servlet write/read
15-Nov-2023 15:59:07.025 정보 [main] org.apache.coyote.AbstractProtocol.init Initializing ProtocolHandler ["ajp-nio-8009"]
15-Nov-2023 15:59:07.029 심각 [main] org.apache.coyote.AbstractProtocol.init Failed to initialize end point associated with ProtocolHandler ["ajp-nio-8009"]
 java.lang.IllegalArgumentException: timeout < 0
	at java.base/sun.nio.ch.ServerSocketAdaptor.setSoTimeout(ServerSocketAdaptor.java:162)
	at org.apache.tomcat.util.net.NioEndpoint.bind(NioEndpoint.java:212)
	at org.apache.tomcat.util.net.AbstractEndpoint.init(AbstractEndpoint.java:941)
	at org.apache.tomcat.util.net.AbstractJsseEndpoint.init(AbstractJsseEndpoint.java:237)
	at org.apache.coyote.AbstractProtocol.init(AbstractProtocol.java:558)
	at org.apache.catalina.connector.Connector.initInternal(Connector.java:968)
	at org.apache.catalina.util.LifecycleBase.init(LifecycleBase.java:107)
	at org.apache.catalina.core.StandardService.initInternal(StandardService.java:549)
	at org.apache.catalina.util.LifecycleBase.init(LifecycleBase.java:107)
	at org.apache.catalina.core.StandardServer.initInternal(StandardServer.java:875)
	at org.apache.catalina.util.LifecycleBase.init(LifecycleBase.java:107)
	at org.apache.catalina.startup.Catalina.load(Catalina.java:606)
	at org.apache.catalina.startup.Catalina.load(Catalina.java:629)
	at java.base/jdk.internal.reflect.NativeMethodAccessorImpl.invoke0(Native Method)
	at java.base/jdk.internal.reflect.NativeMethodAccessorImpl.invoke(NativeMethodAccessorImpl.java:77)
	at java.base/jdk.internal.reflect.DelegatingMethodAccessorImpl.invoke(DelegatingMethodAccessorImpl.java:43)
	at java.base/java.lang.reflect.Method.invoke(Method.java:568)
	at org.apache.catalina.startup.Bootstrap.load(Bootstrap.java:311)
	at org.apache.catalina.startup.Bootstrap.main(Bootstrap.java:494)

15-Nov-2023 15:59:07.031 심각 [main] org.apache.catalina.core.StandardService.initInternal Failed to initialize connector [Connector[AJP/1.3-8009]]
 org.apache.catalina.LifecycleException: Failed to initialize component [Connector[AJP/1.3-8009]]
	at org.apache.catalina.util.LifecycleBase.init(LifecycleBase.java:112)
	at org.apache.catalina.core.StandardService.initInternal(StandardService.java:549)
	at org.apache.catalina.util.LifecycleBase.init(LifecycleBase.java:107)
	at org.apache.catalina.core.StandardServer.initInternal(StandardServer.java:875)
	at org.apache.catalina.util.LifecycleBase.init(LifecycleBase.java:107)
	at org.apache.catalina.startup.Catalina.load(Catalina.java:606)
	at org.apache.catalina.startup.Catalina.load(Catalina.java:629)
	at java.base/jdk.internal.reflect.NativeMethodAccessorImpl.invoke0(Native Method)
	at java.base/jdk.internal.reflect.NativeMethodAccessorImpl.invoke(NativeMethodAccessorImpl.java:77)
	at java.base/jdk.internal.reflect.DelegatingMethodAccessorImpl.invoke(DelegatingMethodAccessorImpl.java:43)
	at java.base/java.lang.reflect.Method.invoke(Method.java:568)
	at org.apache.catalina.startup.Bootstrap.load(Bootstrap.java:311)
	at org.apache.catalina.startup.Bootstrap.main(Bootstrap.java:494)
Caused by: org.apache.catalina.LifecycleException: Protocol handler initialization failed
	at org.apache.catalina.connector.Connector.initInternal(Connector.java:970)
	at org.apache.catalina.util.LifecycleBase.init(LifecycleBase.java:107)
	... 12 more
Caused by: java.lang.IllegalArgumentException: timeout < 0
	at java.base/sun.nio.ch.ServerSocketAdaptor.setSoTimeout(ServerSocketAdaptor.java:162)
	at org.apache.tomcat.util.net.NioEndpoint.bind(NioEndpoint.java:212)
	at org.apache.tomcat.util.net.AbstractEndpoint.init(AbstractEndpoint.java:941)
	at org.apache.tomcat.util.net.AbstractJsseEndpoint.init(AbstractJsseEndpoint.java:237)
	at org.apache.coyote.AbstractProtocol.init(AbstractProtocol.java:558)
	at org.apache.catalina.connector.Connector.initInternal(Connector.java:968)
	... 13 more

15-Nov-2023 15:59:07.032 정보 [main] org.apache.catalina.startup.Catalina.load Initialization processed in 881 ms
15-Nov-2023 15:59:07.103 정보 [main] org.apache.catalina.core.StandardService.startInternal Starting service Catalina
15-Nov-2023 15:59:07.104 정보 [main] org.apache.catalina.core.StandardEngine.startInternal Starting Servlet Engine: Apache Tomcat/8.5.9
15-Nov-2023 15:59:07.117 정보 [localhost-startStop-1] org.apache.catalina.startup.HostConfig.deployDirectory Deploying web application directory /Users/kimzoo/study/apache-tomcat-8.5.9/webapps/chap04
15-Nov-2023 15:59:07.606 정보 [localhost-startStop-1] org.apache.catalina.startup.HostConfig.deployDirectory Deployment of web application directory /Users/kimzoo/study/apache-tomcat-8.5.9/webapps/chap04 has finished in 488 ms
15-Nov-2023 15:59:07.609 정보 [localhost-startStop-1] org.apache.catalina.startup.HostConfig.deployDirectory Deploying web application directory /Users/kimzoo/study/apache-tomcat-8.5.9/webapps/chap03
15-Nov-2023 15:59:07.647 정보 [localhost-startStop-1] org.apache.catalina.startup.HostConfig.deployDirectory Deployment of web application directory /Users/kimzoo/study/apache-tomcat-8.5.9/webapps/chap03 has finished in 38 ms
15-Nov-2023 15:59:07.647 정보 [localhost-startStop-1] org.apache.catalina.startup.HostConfig.deployDirectory Deploying web application directory /Users/kimzoo/study/apache-tomcat-8.5.9/webapps/chap02
15-Nov-2023 15:59:07.691 정보 [localhost-startStop-1] org.apache.catalina.startup.HostConfig.deployDirectory Deployment of web application directory /Users/kimzoo/study/apache-tomcat-8.5.9/webapps/chap02 has finished in 44 ms
15-Nov-2023 15:59:07.691 정보 [localhost-startStop-1] org.apache.catalina.startup.HostConfig.deployDirectory Deploying web application directory /Users/kimzoo/study/apache-tomcat-8.5.9/webapps/docs
15-Nov-2023 15:59:07.726 정보 [localhost-startStop-1] org.apache.catalina.startup.HostConfig.deployDirectory Deployment of web application directory /Users/kimzoo/study/apache-tomcat-8.5.9/webapps/docs has finished in 35 ms
15-Nov-2023 15:59:07.726 정보 [localhost-startStop-1] org.apache.catalina.startup.HostConfig.deployDirectory Deploying web application directory /Users/kimzoo/study/apache-tomcat-8.5.9/webapps/chap09
15-Nov-2023 15:59:07.756 정보 [localhost-startStop-1] org.apache.catalina.startup.HostConfig.deployDirectory Deployment of web application directory /Users/kimzoo/study/apache-tomcat-8.5.9/webapps/chap09 has finished in 30 ms
15-Nov-2023 15:59:07.756 정보 [localhost-startStop-1] org.apache.catalina.startup.HostConfig.deployDirectory Deploying web application directory /Users/kimzoo/study/apache-tomcat-8.5.9/webapps/manager
15-Nov-2023 15:59:07.816 정보 [localhost-startStop-1] org.apache.catalina.startup.HostConfig.deployDirectory Deployment of web application directory /Users/kimzoo/study/apache-tomcat-8.5.9/webapps/manager has finished in 60 ms
15-Nov-2023 15:59:07.816 정보 [localhost-startStop-1] org.apache.catalina.startup.HostConfig.deployDirectory Deploying web application directory /Users/kimzoo/study/apache-tomcat-8.5.9/webapps/examples
15-Nov-2023 15:59:08.218 정보 [localhost-startStop-1] org.apache.catalina.startup.HostConfig.deployDirectory Deployment of web application directory /Users/kimzoo/study/apache-tomcat-8.5.9/webapps/examples has finished in 401 ms
15-Nov-2023 15:59:08.218 정보 [localhost-startStop-1] org.apache.catalina.startup.HostConfig.deployDirectory Deploying web application directory /Users/kimzoo/study/apache-tomcat-8.5.9/webapps/ROOT
15-Nov-2023 15:59:08.257 정보 [localhost-startStop-1] org.apache.catalina.startup.HostConfig.deployDirectory Deployment of web application directory /Users/kimzoo/study/apache-tomcat-8.5.9/webapps/ROOT has finished in 39 ms
15-Nov-2023 15:59:08.258 정보 [localhost-startStop-1] org.apache.catalina.startup.HostConfig.deployDirectory Deploying web application directory /Users/kimzoo/study/apache-tomcat-8.5.9/webapps/host-manager
15-Nov-2023 15:59:08.304 정보 [localhost-startStop-1] org.apache.catalina.startup.HostConfig.deployDirectory Deployment of web application directory /Users/kimzoo/study/apache-tomcat-8.5.9/webapps/host-manager has finished in 46 ms
15-Nov-2023 15:59:08.304 정보 [localhost-startStop-1] org.apache.catalina.startup.HostConfig.deployDirectory Deploying web application directory /Users/kimzoo/study/apache-tomcat-8.5.9/webapps/.idea
15-Nov-2023 15:59:08.372 정보 [localhost-startStop-1] org.apache.catalina.startup.HostConfig.deployDirectory Deployment of web application directory /Users/kimzoo/study/apache-tomcat-8.5.9/webapps/.idea has finished in 67 ms
15-Nov-2023 15:59:08.380 정보 [main] org.apache.coyote.AbstractProtocol.start Starting ProtocolHandler [http-nio-8080]
15-Nov-2023 15:59:08.389 정보 [main] org.apache.catalina.startup.Catalina.start Server startup in 1357 ms
