06-Nov-2023 15:05:59.768 정보 [main] org.apache.catalina.startup.VersionLoggerListener.log Server version:        Apache Tomcat/8.5.9
06-Nov-2023 15:05:59.777 정보 [main] org.apache.catalina.startup.VersionLoggerListener.log Server built:          Dec 5 2016 20:18:12 UTC
06-Nov-2023 15:05:59.777 정보 [main] org.apache.catalina.startup.VersionLoggerListener.log Server number:         8.5.9.0
06-Nov-2023 15:05:59.777 정보 [main] org.apache.catalina.startup.VersionLoggerListener.log OS Name:               Mac OS X
06-Nov-2023 15:05:59.778 정보 [main] org.apache.catalina.startup.VersionLoggerListener.log OS Version:            13.0
06-Nov-2023 15:05:59.779 정보 [main] org.apache.catalina.startup.VersionLoggerListener.log Architecture:          x86_64
06-Nov-2023 15:05:59.779 정보 [main] org.apache.catalina.startup.VersionLoggerListener.log Java Home:             /Users/kimzoo/Library/Java/JavaVirtualMachines/corretto-17.0.7/Contents/Home
06-Nov-2023 15:05:59.779 정보 [main] org.apache.catalina.startup.VersionLoggerListener.log JVM Version:           17.0.7+7-LTS
06-Nov-2023 15:05:59.779 정보 [main] org.apache.catalina.startup.VersionLoggerListener.log JVM Vendor:            Amazon.com Inc.
06-Nov-2023 15:05:59.779 정보 [main] org.apache.catalina.startup.VersionLoggerListener.log CATALINA_BASE:         /Users/kimzoo/study/apache-tomcat-8.5.9
06-Nov-2023 15:05:59.779 정보 [main] org.apache.catalina.startup.VersionLoggerListener.log CATALINA_HOME:         /Users/kimzoo/study/apache-tomcat-8.5.9
06-Nov-2023 15:05:59.787 정보 [main] org.apache.catalina.startup.VersionLoggerListener.log Command line argument: -Djava.util.logging.config.file=/Users/kimzoo/study/apache-tomcat-8.5.9/conf/logging.properties
06-Nov-2023 15:05:59.789 정보 [main] org.apache.catalina.startup.VersionLoggerListener.log Command line argument: -Djava.util.logging.manager=org.apache.juli.ClassLoaderLogManager
06-Nov-2023 15:05:59.789 정보 [main] org.apache.catalina.startup.VersionLoggerListener.log Command line argument: -Djdk.tls.ephemeralDHKeySize=2048
06-Nov-2023 15:05:59.789 정보 [main] org.apache.catalina.startup.VersionLoggerListener.log Command line argument: -Djava.protocol.handler.pkgs=org.apache.catalina.webresources
06-Nov-2023 15:05:59.789 정보 [main] org.apache.catalina.startup.VersionLoggerListener.log Command line argument: -Dcatalina.base=/Users/kimzoo/study/apache-tomcat-8.5.9
06-Nov-2023 15:05:59.789 정보 [main] org.apache.catalina.startup.VersionLoggerListener.log Command line argument: -Dcatalina.home=/Users/kimzoo/study/apache-tomcat-8.5.9
06-Nov-2023 15:05:59.789 정보 [main] org.apache.catalina.startup.VersionLoggerListener.log Command line argument: -Djava.io.tmpdir=/Users/kimzoo/study/apache-tomcat-8.5.9/temp
06-Nov-2023 15:05:59.790 정보 [main] org.apache.catalina.core.AprLifecycleListener.lifecycleEvent The APR based Apache Tomcat Native library which allows optimal performance in production environments was not found on the java.library.path: /Users/kimzoo/Library/Java/Extensions:/Library/Java/Extensions:/Network/Library/Java/Extensions:/System/Library/Java/Extensions:/usr/lib/java:.
06-Nov-2023 15:05:59.873 정보 [main] org.apache.coyote.AbstractProtocol.init Initializing ProtocolHandler ["http-nio-8080"]
06-Nov-2023 15:05:59.937 정보 [main] org.apache.tomcat.util.net.NioSelectorPool.getSharedSelector Using a shared selector for servlet write/read
06-Nov-2023 15:05:59.940 정보 [main] org.apache.coyote.AbstractProtocol.init Initializing ProtocolHandler ["ajp-nio-8009"]
06-Nov-2023 15:05:59.944 심각 [main] org.apache.coyote.AbstractProtocol.init Failed to initialize end point associated with ProtocolHandler ["ajp-nio-8009"]
 java.lang.IllegalArgumentException: timeout < 0
	at java.base/sun.nio.ch.ServerSocketAdaptor.setSoTimeout(ServerSocketAdaptor.java:162)
	at org.apache.tomcat.util.net.NioEndpoint.bind(NioEndpoint.java:212)
	at org.apache.tomcat.util.net.AbstractEndpoint.init(AbstractEndpoint.java:941)
	at org.apache.tomcat.util.net.AbstractJsseEndpoint.init(AbstractJsseEndpoint.java:237)
	at org.apache.coyote.AbstractProtocol.init(AbstractProtocol.java:558)
	at org.apache.catalina.connector.Connector.initInternal(Connector.java:968)
	at org.apache.catalina.util.LifecycleBase.init(LifecycleBase.java:107)
	at org.apache.catalina.core.StandardService.initInternal(StandardService.java:549)
	at org.apache.catalina.util.LifecycleBase.init(LifecycleBase.java:107)
	at org.apache.catalina.core.StandardServer.initInternal(StandardServer.java:875)
	at org.apache.catalina.util.LifecycleBase.init(LifecycleBase.java:107)
	at org.apache.catalina.startup.Catalina.load(Catalina.java:606)
	at org.apache.catalina.startup.Catalina.load(Catalina.java:629)
	at java.base/jdk.internal.reflect.NativeMethodAccessorImpl.invoke0(Native Method)
	at java.base/jdk.internal.reflect.NativeMethodAccessorImpl.invoke(NativeMethodAccessorImpl.java:77)
	at java.base/jdk.internal.reflect.DelegatingMethodAccessorImpl.invoke(DelegatingMethodAccessorImpl.java:43)
	at java.base/java.lang.reflect.Method.invoke(Method.java:568)
	at org.apache.catalina.startup.Bootstrap.load(Bootstrap.java:311)
	at org.apache.catalina.startup.Bootstrap.main(Bootstrap.java:494)

06-Nov-2023 15:05:59.946 심각 [main] org.apache.catalina.core.StandardService.initInternal Failed to initialize connector [Connector[AJP/1.3-8009]]
 org.apache.catalina.LifecycleException: Failed to initialize component [Connector[AJP/1.3-8009]]
	at org.apache.catalina.util.LifecycleBase.init(LifecycleBase.java:112)
	at org.apache.catalina.core.StandardService.initInternal(StandardService.java:549)
	at org.apache.catalina.util.LifecycleBase.init(LifecycleBase.java:107)
	at org.apache.catalina.core.StandardServer.initInternal(StandardServer.java:875)
	at org.apache.catalina.util.LifecycleBase.init(LifecycleBase.java:107)
	at org.apache.catalina.startup.Catalina.load(Catalina.java:606)
	at org.apache.catalina.startup.Catalina.load(Catalina.java:629)
	at java.base/jdk.internal.reflect.NativeMethodAccessorImpl.invoke0(Native Method)
	at java.base/jdk.internal.reflect.NativeMethodAccessorImpl.invoke(NativeMethodAccessorImpl.java:77)
	at java.base/jdk.internal.reflect.DelegatingMethodAccessorImpl.invoke(DelegatingMethodAccessorImpl.java:43)
	at java.base/java.lang.reflect.Method.invoke(Method.java:568)
	at org.apache.catalina.startup.Bootstrap.load(Bootstrap.java:311)
	at org.apache.catalina.startup.Bootstrap.main(Bootstrap.java:494)
Caused by: org.apache.catalina.LifecycleException: Protocol handler initialization failed
	at org.apache.catalina.connector.Connector.initInternal(Connector.java:970)
	at org.apache.catalina.util.LifecycleBase.init(LifecycleBase.java:107)
	... 12 more
Caused by: java.lang.IllegalArgumentException: timeout < 0
	at java.base/sun.nio.ch.ServerSocketAdaptor.setSoTimeout(ServerSocketAdaptor.java:162)
	at org.apache.tomcat.util.net.NioEndpoint.bind(NioEndpoint.java:212)
	at org.apache.tomcat.util.net.AbstractEndpoint.init(AbstractEndpoint.java:941)
	at org.apache.tomcat.util.net.AbstractJsseEndpoint.init(AbstractJsseEndpoint.java:237)
	at org.apache.coyote.AbstractProtocol.init(AbstractProtocol.java:558)
	at org.apache.catalina.connector.Connector.initInternal(Connector.java:968)
	... 13 more

06-Nov-2023 15:05:59.948 정보 [main] org.apache.catalina.startup.Catalina.load Initialization processed in 962 ms
06-Nov-2023 15:06:00.011 정보 [main] org.apache.catalina.core.StandardService.startInternal Starting service Catalina
06-Nov-2023 15:06:00.012 정보 [main] org.apache.catalina.core.StandardEngine.startInternal Starting Servlet Engine: Apache Tomcat/8.5.9
06-Nov-2023 15:06:00.031 정보 [localhost-startStop-1] org.apache.catalina.startup.HostConfig.deployDirectory Deploying web application directory /Users/kimzoo/study/apache-tomcat-8.5.9/webapps/chap03
06-Nov-2023 15:06:00.547 정보 [localhost-startStop-1] org.apache.catalina.startup.HostConfig.deployDirectory Deployment of web application directory /Users/kimzoo/study/apache-tomcat-8.5.9/webapps/chap03 has finished in 516 ms
06-Nov-2023 15:06:00.549 정보 [localhost-startStop-1] org.apache.catalina.startup.HostConfig.deployDirectory Deploying web application directory /Users/kimzoo/study/apache-tomcat-8.5.9/webapps/chap02
06-Nov-2023 15:06:00.581 정보 [localhost-startStop-1] org.apache.catalina.startup.HostConfig.deployDirectory Deployment of web application directory /Users/kimzoo/study/apache-tomcat-8.5.9/webapps/chap02 has finished in 32 ms
06-Nov-2023 15:06:00.582 정보 [localhost-startStop-1] org.apache.catalina.startup.HostConfig.deployDirectory Deploying web application directory /Users/kimzoo/study/apache-tomcat-8.5.9/webapps/docs
06-Nov-2023 15:06:00.620 정보 [localhost-startStop-1] org.apache.catalina.startup.HostConfig.deployDirectory Deployment of web application directory /Users/kimzoo/study/apache-tomcat-8.5.9/webapps/docs has finished in 38 ms
06-Nov-2023 15:06:00.621 정보 [localhost-startStop-1] org.apache.catalina.startup.HostConfig.deployDirectory Deploying web application directory /Users/kimzoo/study/apache-tomcat-8.5.9/webapps/manager
06-Nov-2023 15:06:00.699 정보 [localhost-startStop-1] org.apache.catalina.startup.HostConfig.deployDirectory Deployment of web application directory /Users/kimzoo/study/apache-tomcat-8.5.9/webapps/manager has finished in 78 ms
06-Nov-2023 15:06:00.700 정보 [localhost-startStop-1] org.apache.catalina.startup.HostConfig.deployDirectory Deploying web application directory /Users/kimzoo/study/apache-tomcat-8.5.9/webapps/examples
06-Nov-2023 15:06:01.231 정보 [localhost-startStop-1] org.apache.catalina.startup.HostConfig.deployDirectory Deployment of web application directory /Users/kimzoo/study/apache-tomcat-8.5.9/webapps/examples has finished in 531 ms
06-Nov-2023 15:06:01.232 정보 [localhost-startStop-1] org.apache.catalina.startup.HostConfig.deployDirectory Deploying web application directory /Users/kimzoo/study/apache-tomcat-8.5.9/webapps/ROOT
06-Nov-2023 15:06:01.258 정보 [localhost-startStop-1] org.apache.catalina.startup.HostConfig.deployDirectory Deployment of web application directory /Users/kimzoo/study/apache-tomcat-8.5.9/webapps/ROOT has finished in 26 ms
06-Nov-2023 15:06:01.259 정보 [localhost-startStop-1] org.apache.catalina.startup.HostConfig.deployDirectory Deploying web application directory /Users/kimzoo/study/apache-tomcat-8.5.9/webapps/host-manager
06-Nov-2023 15:06:01.296 정보 [localhost-startStop-1] org.apache.catalina.startup.HostConfig.deployDirectory Deployment of web application directory /Users/kimzoo/study/apache-tomcat-8.5.9/webapps/host-manager has finished in 37 ms
06-Nov-2023 15:06:01.297 정보 [localhost-startStop-1] org.apache.catalina.startup.HostConfig.deployDirectory Deploying web application directory /Users/kimzoo/study/apache-tomcat-8.5.9/webapps/.idea
06-Nov-2023 15:06:01.329 정보 [localhost-startStop-1] org.apache.catalina.startup.HostConfig.deployDirectory Deployment of web application directory /Users/kimzoo/study/apache-tomcat-8.5.9/webapps/.idea has finished in 32 ms
06-Nov-2023 15:06:01.336 정보 [main] org.apache.coyote.AbstractProtocol.start Starting ProtocolHandler [http-nio-8080]
06-Nov-2023 15:06:01.363 정보 [main] org.apache.catalina.startup.Catalina.start Server startup in 1414 ms
06-Nov-2023 20:42:09.440 정보 [localhost-startStop-2] org.apache.catalina.startup.HostConfig.deployDirectory Deploying web application directory /Users/kimzoo/study/apache-tomcat-8.5.9/webapps/chap04
06-Nov-2023 20:42:09.548 정보 [localhost-startStop-2] org.apache.catalina.startup.HostConfig.deployDirectory Deployment of web application directory /Users/kimzoo/study/apache-tomcat-8.5.9/webapps/chap04 has finished in 108 ms
