20-Nov-2023 15:57:35.264 정보 [localhost-startStop-1] org.apache.catalina.core.ApplicationContext.log ContextListener: contextInitialized()
20-Nov-2023 15:57:35.265 정보 [localhost-startStop-1] org.apache.catalina.core.ApplicationContext.log SessionListener: contextInitialized()
20-Nov-2023 17:09:38.082 심각 [http-nio-8080-exec-3] org.apache.catalina.core.StandardWrapperValve.invoke Servlet.service() for servlet [jsp] in context with path [/chap09] threw exception [Unable to compile class for JSP: 

An error occurred at line: [14] in the generated java file: [/Users/kimzoo/study/apache-tomcat-8.5.9/work/Catalina/localhost/chap09/org/apache/jsp/makeCookieUsingCookies_jsp.java]
Only a type can be imported. util.Cookies resolves to a package

An error occurred at line: 4 in the jsp file: /makeCookieUsingCookies.jsp
Cookies cannot be resolved
1: <%@ page contentType="text/html; charset=utf-8" %>
2: <%@ page import ="util.Cookies" %>
3: <%
4:     response.addCookie(Cookies.createCookie("name", "최범균"));
5:     response.addCookie(Cookies.createCookie("id", "madvirus", "/chap09", -1));
6: %>
7: <html>


An error occurred at line: 5 in the jsp file: /makeCookieUsingCookies.jsp
Cookies cannot be resolved
2: <%@ page import ="util.Cookies" %>
3: <%
4:     response.addCookie(Cookies.createCookie("name", "최범균"));
5:     response.addCookie(Cookies.createCookie("id", "madvirus", "/chap09", -1));
6: %>
7: <html>
8: <head><title>Cookie 사용 예</title></head>


Stacktrace:] with root cause
 org.apache.jasper.JasperException: Unable to compile class for JSP: 

An error occurred at line: [14] in the generated java file: [/Users/kimzoo/study/apache-tomcat-8.5.9/work/Catalina/localhost/chap09/org/apache/jsp/makeCookieUsingCookies_jsp.java]
Only a type can be imported. util.Cookies resolves to a package

An error occurred at line: 4 in the jsp file: /makeCookieUsingCookies.jsp
Cookies cannot be resolved
1: <%@ page contentType="text/html; charset=utf-8" %>
2: <%@ page import ="util.Cookies" %>
3: <%
4:     response.addCookie(Cookies.createCookie("name", "최범균"));
5:     response.addCookie(Cookies.createCookie("id", "madvirus", "/chap09", -1));
6: %>
7: <html>


An error occurred at line: 5 in the jsp file: /makeCookieUsingCookies.jsp
Cookies cannot be resolved
2: <%@ page import ="util.Cookies" %>
3: <%
4:     response.addCookie(Cookies.createCookie("name", "최범균"));
5:     response.addCookie(Cookies.createCookie("id", "madvirus", "/chap09", -1));
6: %>
7: <html>
8: <head><title>Cookie 사용 예</title></head>


Stacktrace:
	at org.apache.jasper.compiler.DefaultErrorHandler.javacError(DefaultErrorHandler.java:102)
	at org.apache.jasper.compiler.ErrorDispatcher.javacError(ErrorDispatcher.java:212)
	at org.apache.jasper.compiler.JDTCompiler.generateClass(JDTCompiler.java:457)
	at org.apache.jasper.compiler.Compiler.compile(Compiler.java:377)
	at org.apache.jasper.compiler.Compiler.compile(Compiler.java:349)
	at org.apache.jasper.compiler.Compiler.compile(Compiler.java:333)
	at org.apache.jasper.JspCompilationContext.compile(JspCompilationContext.java:600)
	at org.apache.jasper.servlet.JspServletWrapper.service(JspServletWrapper.java:368)
	at org.apache.jasper.servlet.JspServlet.serviceJspFile(JspServlet.java:385)
	at org.apache.jasper.servlet.JspServlet.service(JspServlet.java:329)
	at javax.servlet.http.HttpServlet.service(HttpServlet.java:729)
	at org.apache.catalina.core.ApplicationFilterChain.internalDoFilter(ApplicationFilterChain.java:230)
	at org.apache.catalina.core.ApplicationFilterChain.doFilter(ApplicationFilterChain.java:165)
	at org.apache.tomcat.websocket.server.WsFilter.doFilter(WsFilter.java:52)
	at org.apache.catalina.core.ApplicationFilterChain.internalDoFilter(ApplicationFilterChain.java:192)
	at org.apache.catalina.core.ApplicationFilterChain.doFilter(ApplicationFilterChain.java:165)
	at org.apache.catalina.core.StandardWrapperValve.invoke(StandardWrapperValve.java:198)
	at org.apache.catalina.core.StandardContextValve.invoke(StandardContextValve.java:96)
	at org.apache.catalina.authenticator.AuthenticatorBase.invoke(AuthenticatorBase.java:474)
	at org.apache.catalina.core.StandardHostValve.invoke(StandardHostValve.java:140)
	at org.apache.catalina.valves.ErrorReportValve.invoke(ErrorReportValve.java:79)
	at org.apache.catalina.valves.AbstractAccessLogValve.invoke(AbstractAccessLogValve.java:624)
	at org.apache.catalina.core.StandardEngineValve.invoke(StandardEngineValve.java:87)
	at org.apache.catalina.connector.CoyoteAdapter.service(CoyoteAdapter.java:349)
	at org.apache.coyote.http11.Http11Processor.service(Http11Processor.java:783)
	at org.apache.coyote.AbstractProcessorLight.process(AbstractProcessorLight.java:66)
	at org.apache.coyote.AbstractProtocol$ConnectionHandler.process(AbstractProtocol.java:789)
	at org.apache.tomcat.util.net.NioEndpoint$SocketProcessor.doRun(NioEndpoint.java:1437)
	at org.apache.tomcat.util.net.SocketProcessorBase.run(SocketProcessorBase.java:49)
	at java.base/java.util.concurrent.ThreadPoolExecutor.runWorker(ThreadPoolExecutor.java:1136)
	at java.base/java.util.concurrent.ThreadPoolExecutor$Worker.run(ThreadPoolExecutor.java:635)
	at org.apache.tomcat.util.threads.TaskThread$WrappingRunnable.run(TaskThread.java:61)
	at java.base/java.lang.Thread.run(Thread.java:833)

20-Nov-2023 17:20:17.666 정보 [localhost-startStop-2] org.apache.catalina.core.ApplicationContext.log SessionListener: contextDestroyed()
20-Nov-2023 17:20:17.666 정보 [localhost-startStop-2] org.apache.catalina.core.ApplicationContext.log ContextListener: contextDestroyed()
20-Nov-2023 17:20:29.129 정보 [localhost-startStop-1] org.apache.catalina.core.ApplicationContext.log ContextListener: contextInitialized()
20-Nov-2023 17:20:29.130 정보 [localhost-startStop-1] org.apache.catalina.core.ApplicationContext.log SessionListener: contextInitialized()
20-Nov-2023 17:20:33.861 심각 [http-nio-8080-exec-1] org.apache.catalina.core.StandardWrapperValve.invoke Servlet.service() for servlet [jsp] in context with path [/chap09] threw exception [Unable to compile class for JSP: 

An error occurred at line: [14] in the generated java file: [/Users/kimzoo/study/apache-tomcat-8.5.9/work/Catalina/localhost/chap09/org/apache/jsp/makeCookieUsingCookies_jsp.java]
Only a type can be imported. util.Cookies resolves to a package

An error occurred at line: 4 in the jsp file: /makeCookieUsingCookies.jsp
Cookies cannot be resolved
1: <%@ page contentType="text/html; charset=utf-8" %>
2: <%@ page import ="util.Cookies"%>
3: <%
4:     response.addCookie(Cookies.createCookie("name", "최범균"));
5:     response.addCookie(Cookies.createCookie("id", "madvirus", "/chap09", -1));
6: %>
7: <html>


An error occurred at line: 5 in the jsp file: /makeCookieUsingCookies.jsp
Cookies cannot be resolved
2: <%@ page import ="util.Cookies"%>
3: <%
4:     response.addCookie(Cookies.createCookie("name", "최범균"));
5:     response.addCookie(Cookies.createCookie("id", "madvirus", "/chap09", -1));
6: %>
7: <html>
8: <head><title>Cookie 사용 예</title></head>


Stacktrace:] with root cause
 org.apache.jasper.JasperException: Unable to compile class for JSP: 

An error occurred at line: [14] in the generated java file: [/Users/kimzoo/study/apache-tomcat-8.5.9/work/Catalina/localhost/chap09/org/apache/jsp/makeCookieUsingCookies_jsp.java]
Only a type can be imported. util.Cookies resolves to a package

An error occurred at line: 4 in the jsp file: /makeCookieUsingCookies.jsp
Cookies cannot be resolved
1: <%@ page contentType="text/html; charset=utf-8" %>
2: <%@ page import ="util.Cookies"%>
3: <%
4:     response.addCookie(Cookies.createCookie("name", "최범균"));
5:     response.addCookie(Cookies.createCookie("id", "madvirus", "/chap09", -1));
6: %>
7: <html>


An error occurred at line: 5 in the jsp file: /makeCookieUsingCookies.jsp
Cookies cannot be resolved
2: <%@ page import ="util.Cookies"%>
3: <%
4:     response.addCookie(Cookies.createCookie("name", "최범균"));
5:     response.addCookie(Cookies.createCookie("id", "madvirus", "/chap09", -1));
6: %>
7: <html>
8: <head><title>Cookie 사용 예</title></head>


Stacktrace:
	at org.apache.jasper.compiler.DefaultErrorHandler.javacError(DefaultErrorHandler.java:102)
	at org.apache.jasper.compiler.ErrorDispatcher.javacError(ErrorDispatcher.java:212)
	at org.apache.jasper.compiler.JDTCompiler.generateClass(JDTCompiler.java:457)
	at org.apache.jasper.compiler.Compiler.compile(Compiler.java:377)
	at org.apache.jasper.compiler.Compiler.compile(Compiler.java:349)
	at org.apache.jasper.compiler.Compiler.compile(Compiler.java:333)
	at org.apache.jasper.JspCompilationContext.compile(JspCompilationContext.java:600)
	at org.apache.jasper.servlet.JspServletWrapper.service(JspServletWrapper.java:368)
	at org.apache.jasper.servlet.JspServlet.serviceJspFile(JspServlet.java:385)
	at org.apache.jasper.servlet.JspServlet.service(JspServlet.java:329)
	at javax.servlet.http.HttpServlet.service(HttpServlet.java:729)
	at org.apache.catalina.core.ApplicationFilterChain.internalDoFilter(ApplicationFilterChain.java:230)
	at org.apache.catalina.core.ApplicationFilterChain.doFilter(ApplicationFilterChain.java:165)
	at org.apache.tomcat.websocket.server.WsFilter.doFilter(WsFilter.java:52)
	at org.apache.catalina.core.ApplicationFilterChain.internalDoFilter(ApplicationFilterChain.java:192)
	at org.apache.catalina.core.ApplicationFilterChain.doFilter(ApplicationFilterChain.java:165)
	at org.apache.catalina.core.StandardWrapperValve.invoke(StandardWrapperValve.java:198)
	at org.apache.catalina.core.StandardContextValve.invoke(StandardContextValve.java:96)
	at org.apache.catalina.authenticator.AuthenticatorBase.invoke(AuthenticatorBase.java:474)
	at org.apache.catalina.core.StandardHostValve.invoke(StandardHostValve.java:140)
	at org.apache.catalina.valves.ErrorReportValve.invoke(ErrorReportValve.java:79)
	at org.apache.catalina.valves.AbstractAccessLogValve.invoke(AbstractAccessLogValve.java:624)
	at org.apache.catalina.core.StandardEngineValve.invoke(StandardEngineValve.java:87)
	at org.apache.catalina.connector.CoyoteAdapter.service(CoyoteAdapter.java:349)
	at org.apache.coyote.http11.Http11Processor.service(Http11Processor.java:783)
	at org.apache.coyote.AbstractProcessorLight.process(AbstractProcessorLight.java:66)
	at org.apache.coyote.AbstractProtocol$ConnectionHandler.process(AbstractProtocol.java:789)
	at org.apache.tomcat.util.net.NioEndpoint$SocketProcessor.doRun(NioEndpoint.java:1437)
	at org.apache.tomcat.util.net.SocketProcessorBase.run(SocketProcessorBase.java:49)
	at java.base/java.util.concurrent.ThreadPoolExecutor.runWorker(ThreadPoolExecutor.java:1136)
	at java.base/java.util.concurrent.ThreadPoolExecutor$Worker.run(ThreadPoolExecutor.java:635)
	at org.apache.tomcat.util.threads.TaskThread$WrappingRunnable.run(TaskThread.java:61)
	at java.base/java.lang.Thread.run(Thread.java:833)

20-Nov-2023 17:29:29.244 정보 [localhost-startStop-2] org.apache.catalina.core.ApplicationContext.log SessionListener: contextDestroyed()
20-Nov-2023 17:29:29.244 정보 [localhost-startStop-2] org.apache.catalina.core.ApplicationContext.log ContextListener: contextDestroyed()
20-Nov-2023 17:31:20.326 정보 [localhost-startStop-1] org.apache.catalina.core.ApplicationContext.log ContextListener: contextInitialized()
20-Nov-2023 17:31:20.326 정보 [localhost-startStop-1] org.apache.catalina.core.ApplicationContext.log SessionListener: contextInitialized()
20-Nov-2023 17:31:23.639 심각 [http-nio-8080-exec-1] org.apache.catalina.core.StandardWrapperValve.invoke Servlet.service() for servlet [jsp] in context with path [/chap09] threw exception [Unable to compile class for JSP: 

An error occurred at line: [14] in the generated java file: [/Users/kimzoo/study/apache-tomcat-8.5.9/work/Catalina/localhost/chap09/org/apache/jsp/makeCookieUsingCookies_jsp.java]
Only a type can be imported. util.Cookies resolves to a package

An error occurred at line: 4 in the jsp file: /makeCookieUsingCookies.jsp
Cookies cannot be resolved
1: <%@ page contentType="text/html; charset=utf-8" %>
2: <%@ page import ="util.Cookies"%>
3: <%
4:     response.addCookie(Cookies.createCookie("name", "최범균"));
5:     response.addCookie(Cookies.createCookie("id", "madvirus", "/chap09", -1));
6: %>
7: <html>


An error occurred at line: 5 in the jsp file: /makeCookieUsingCookies.jsp
Cookies cannot be resolved
2: <%@ page import ="util.Cookies"%>
3: <%
4:     response.addCookie(Cookies.createCookie("name", "최범균"));
5:     response.addCookie(Cookies.createCookie("id", "madvirus", "/chap09", -1));
6: %>
7: <html>
8: <head><title>Cookie 사용 예</title></head>


Stacktrace:] with root cause
 org.apache.jasper.JasperException: Unable to compile class for JSP: 

An error occurred at line: [14] in the generated java file: [/Users/kimzoo/study/apache-tomcat-8.5.9/work/Catalina/localhost/chap09/org/apache/jsp/makeCookieUsingCookies_jsp.java]
Only a type can be imported. util.Cookies resolves to a package

An error occurred at line: 4 in the jsp file: /makeCookieUsingCookies.jsp
Cookies cannot be resolved
1: <%@ page contentType="text/html; charset=utf-8" %>
2: <%@ page import ="util.Cookies"%>
3: <%
4:     response.addCookie(Cookies.createCookie("name", "최범균"));
5:     response.addCookie(Cookies.createCookie("id", "madvirus", "/chap09", -1));
6: %>
7: <html>


An error occurred at line: 5 in the jsp file: /makeCookieUsingCookies.jsp
Cookies cannot be resolved
2: <%@ page import ="util.Cookies"%>
3: <%
4:     response.addCookie(Cookies.createCookie("name", "최범균"));
5:     response.addCookie(Cookies.createCookie("id", "madvirus", "/chap09", -1));
6: %>
7: <html>
8: <head><title>Cookie 사용 예</title></head>


Stacktrace:
	at org.apache.jasper.compiler.DefaultErrorHandler.javacError(DefaultErrorHandler.java:102)
	at org.apache.jasper.compiler.ErrorDispatcher.javacError(ErrorDispatcher.java:212)
	at org.apache.jasper.compiler.JDTCompiler.generateClass(JDTCompiler.java:457)
	at org.apache.jasper.compiler.Compiler.compile(Compiler.java:377)
	at org.apache.jasper.compiler.Compiler.compile(Compiler.java:349)
	at org.apache.jasper.compiler.Compiler.compile(Compiler.java:333)
	at org.apache.jasper.JspCompilationContext.compile(JspCompilationContext.java:600)
	at org.apache.jasper.servlet.JspServletWrapper.service(JspServletWrapper.java:368)
	at org.apache.jasper.servlet.JspServlet.serviceJspFile(JspServlet.java:385)
	at org.apache.jasper.servlet.JspServlet.service(JspServlet.java:329)
	at javax.servlet.http.HttpServlet.service(HttpServlet.java:729)
	at org.apache.catalina.core.ApplicationFilterChain.internalDoFilter(ApplicationFilterChain.java:230)
	at org.apache.catalina.core.ApplicationFilterChain.doFilter(ApplicationFilterChain.java:165)
	at org.apache.tomcat.websocket.server.WsFilter.doFilter(WsFilter.java:52)
	at org.apache.catalina.core.ApplicationFilterChain.internalDoFilter(ApplicationFilterChain.java:192)
	at org.apache.catalina.core.ApplicationFilterChain.doFilter(ApplicationFilterChain.java:165)
	at org.apache.catalina.core.StandardWrapperValve.invoke(StandardWrapperValve.java:198)
	at org.apache.catalina.core.StandardContextValve.invoke(StandardContextValve.java:96)
	at org.apache.catalina.authenticator.AuthenticatorBase.invoke(AuthenticatorBase.java:474)
	at org.apache.catalina.core.StandardHostValve.invoke(StandardHostValve.java:140)
	at org.apache.catalina.valves.ErrorReportValve.invoke(ErrorReportValve.java:79)
	at org.apache.catalina.valves.AbstractAccessLogValve.invoke(AbstractAccessLogValve.java:624)
	at org.apache.catalina.core.StandardEngineValve.invoke(StandardEngineValve.java:87)
	at org.apache.catalina.connector.CoyoteAdapter.service(CoyoteAdapter.java:349)
	at org.apache.coyote.http11.Http11Processor.service(Http11Processor.java:783)
	at org.apache.coyote.AbstractProcessorLight.process(AbstractProcessorLight.java:66)
	at org.apache.coyote.AbstractProtocol$ConnectionHandler.process(AbstractProtocol.java:789)
	at org.apache.tomcat.util.net.NioEndpoint$SocketProcessor.doRun(NioEndpoint.java:1437)
	at org.apache.tomcat.util.net.SocketProcessorBase.run(SocketProcessorBase.java:49)
	at java.base/java.util.concurrent.ThreadPoolExecutor.runWorker(ThreadPoolExecutor.java:1136)
	at java.base/java.util.concurrent.ThreadPoolExecutor$Worker.run(ThreadPoolExecutor.java:635)
	at org.apache.tomcat.util.threads.TaskThread$WrappingRunnable.run(TaskThread.java:61)
	at java.base/java.lang.Thread.run(Thread.java:833)

20-Nov-2023 17:36:39.601 심각 [http-nio-8080-exec-2] org.apache.catalina.core.StandardWrapperValve.invoke Servlet.service() for servlet [jsp] in context with path [/chap09] threw exception [Unable to compile class for JSP: 

An error occurred at line: [14] in the generated java file: [/Users/kimzoo/study/apache-tomcat-8.5.9/work/Catalina/localhost/chap09/org/apache/jsp/makeCookieUsingCookies_jsp.java]
Only a type can be imported. util.Cookies resolves to a package

An error occurred at line: 4 in the jsp file: /makeCookieUsingCookies.jsp
Cookies cannot be resolved
1: <%@ page contentType="text/html; charset=utf-8" %>
2: <%@ page import ="util.Cookies"%>
3: <%
4:     response.addCookie(Cookies.createCookie("name", "최범균"));
5:     response.addCookie(Cookies.createCookie("id", "madvirus", "/chap09", -1));
6: %>
7: <html>


An error occurred at line: 5 in the jsp file: /makeCookieUsingCookies.jsp
Cookies cannot be resolved
2: <%@ page import ="util.Cookies"%>
3: <%
4:     response.addCookie(Cookies.createCookie("name", "최범균"));
5:     response.addCookie(Cookies.createCookie("id", "madvirus", "/chap09", -1));
6: %>
7: <html>
8: <head><title>Cookie 사용 예</title></head>


Stacktrace:] with root cause
 org.apache.jasper.JasperException: Unable to compile class for JSP: 

An error occurred at line: [14] in the generated java file: [/Users/kimzoo/study/apache-tomcat-8.5.9/work/Catalina/localhost/chap09/org/apache/jsp/makeCookieUsingCookies_jsp.java]
Only a type can be imported. util.Cookies resolves to a package

An error occurred at line: 4 in the jsp file: /makeCookieUsingCookies.jsp
Cookies cannot be resolved
1: <%@ page contentType="text/html; charset=utf-8" %>
2: <%@ page import ="util.Cookies"%>
3: <%
4:     response.addCookie(Cookies.createCookie("name", "최범균"));
5:     response.addCookie(Cookies.createCookie("id", "madvirus", "/chap09", -1));
6: %>
7: <html>


An error occurred at line: 5 in the jsp file: /makeCookieUsingCookies.jsp
Cookies cannot be resolved
2: <%@ page import ="util.Cookies"%>
3: <%
4:     response.addCookie(Cookies.createCookie("name", "최범균"));
5:     response.addCookie(Cookies.createCookie("id", "madvirus", "/chap09", -1));
6: %>
7: <html>
8: <head><title>Cookie 사용 예</title></head>


Stacktrace:
	at org.apache.jasper.compiler.DefaultErrorHandler.javacError(DefaultErrorHandler.java:102)
	at org.apache.jasper.compiler.ErrorDispatcher.javacError(ErrorDispatcher.java:212)
	at org.apache.jasper.compiler.JDTCompiler.generateClass(JDTCompiler.java:457)
	at org.apache.jasper.compiler.Compiler.compile(Compiler.java:377)
	at org.apache.jasper.compiler.Compiler.compile(Compiler.java:349)
	at org.apache.jasper.compiler.Compiler.compile(Compiler.java:333)
	at org.apache.jasper.JspCompilationContext.compile(JspCompilationContext.java:600)
	at org.apache.jasper.servlet.JspServletWrapper.service(JspServletWrapper.java:368)
	at org.apache.jasper.servlet.JspServlet.serviceJspFile(JspServlet.java:385)
	at org.apache.jasper.servlet.JspServlet.service(JspServlet.java:329)
	at javax.servlet.http.HttpServlet.service(HttpServlet.java:729)
	at org.apache.catalina.core.ApplicationFilterChain.internalDoFilter(ApplicationFilterChain.java:230)
	at org.apache.catalina.core.ApplicationFilterChain.doFilter(ApplicationFilterChain.java:165)
	at org.apache.tomcat.websocket.server.WsFilter.doFilter(WsFilter.java:52)
	at org.apache.catalina.core.ApplicationFilterChain.internalDoFilter(ApplicationFilterChain.java:192)
	at org.apache.catalina.core.ApplicationFilterChain.doFilter(ApplicationFilterChain.java:165)
	at org.apache.catalina.core.StandardWrapperValve.invoke(StandardWrapperValve.java:198)
	at org.apache.catalina.core.StandardContextValve.invoke(StandardContextValve.java:96)
	at org.apache.catalina.authenticator.AuthenticatorBase.invoke(AuthenticatorBase.java:474)
	at org.apache.catalina.core.StandardHostValve.invoke(StandardHostValve.java:140)
	at org.apache.catalina.valves.ErrorReportValve.invoke(ErrorReportValve.java:79)
	at org.apache.catalina.valves.AbstractAccessLogValve.invoke(AbstractAccessLogValve.java:624)
	at org.apache.catalina.core.StandardEngineValve.invoke(StandardEngineValve.java:87)
	at org.apache.catalina.connector.CoyoteAdapter.service(CoyoteAdapter.java:349)
	at org.apache.coyote.http11.Http11Processor.service(Http11Processor.java:783)
	at org.apache.coyote.AbstractProcessorLight.process(AbstractProcessorLight.java:66)
	at org.apache.coyote.AbstractProtocol$ConnectionHandler.process(AbstractProtocol.java:789)
	at org.apache.tomcat.util.net.NioEndpoint$SocketProcessor.doRun(NioEndpoint.java:1437)
	at org.apache.tomcat.util.net.SocketProcessorBase.run(SocketProcessorBase.java:49)
	at java.base/java.util.concurrent.ThreadPoolExecutor.runWorker(ThreadPoolExecutor.java:1136)
	at java.base/java.util.concurrent.ThreadPoolExecutor$Worker.run(ThreadPoolExecutor.java:635)
	at org.apache.tomcat.util.threads.TaskThread$WrappingRunnable.run(TaskThread.java:61)
	at java.base/java.lang.Thread.run(Thread.java:833)

20-Nov-2023 17:38:07.883 심각 [http-nio-8080-exec-3] org.apache.catalina.core.StandardWrapperValve.invoke Servlet.service() for servlet [jsp] in context with path [/chap09] threw exception [Unable to compile class for JSP: 

An error occurred at line: [14] in the generated java file: [/Users/kimzoo/study/apache-tomcat-8.5.9/work/Catalina/localhost/chap09/org/apache/jsp/makeCookieUsingCookies_jsp.java]
Only a type can be imported. util.Cookies resolves to a package

An error occurred at line: 4 in the jsp file: /makeCookieUsingCookies.jsp
Cookies cannot be resolved
1: <%@ page contentType="text/html; charset=utf-8" %>
2: <%@ page import ="util.Cookies"%>
3: <%
4:     response.addCookie(Cookies.createCookie("name", "최범균"));
5:     response.addCookie(Cookies.createCookie("id", "madvirus", "/chap09", -1));
6: %>
7: <html>


An error occurred at line: 5 in the jsp file: /makeCookieUsingCookies.jsp
Cookies cannot be resolved
2: <%@ page import ="util.Cookies"%>
3: <%
4:     response.addCookie(Cookies.createCookie("name", "최범균"));
5:     response.addCookie(Cookies.createCookie("id", "madvirus", "/chap09", -1));
6: %>
7: <html>
8: <head><title>Cookie 사용 예</title></head>


Stacktrace:] with root cause
 org.apache.jasper.JasperException: Unable to compile class for JSP: 

An error occurred at line: [14] in the generated java file: [/Users/kimzoo/study/apache-tomcat-8.5.9/work/Catalina/localhost/chap09/org/apache/jsp/makeCookieUsingCookies_jsp.java]
Only a type can be imported. util.Cookies resolves to a package

An error occurred at line: 4 in the jsp file: /makeCookieUsingCookies.jsp
Cookies cannot be resolved
1: <%@ page contentType="text/html; charset=utf-8" %>
2: <%@ page import ="util.Cookies"%>
3: <%
4:     response.addCookie(Cookies.createCookie("name", "최범균"));
5:     response.addCookie(Cookies.createCookie("id", "madvirus", "/chap09", -1));
6: %>
7: <html>


An error occurred at line: 5 in the jsp file: /makeCookieUsingCookies.jsp
Cookies cannot be resolved
2: <%@ page import ="util.Cookies"%>
3: <%
4:     response.addCookie(Cookies.createCookie("name", "최범균"));
5:     response.addCookie(Cookies.createCookie("id", "madvirus", "/chap09", -1));
6: %>
7: <html>
8: <head><title>Cookie 사용 예</title></head>


Stacktrace:
	at org.apache.jasper.compiler.DefaultErrorHandler.javacError(DefaultErrorHandler.java:102)
	at org.apache.jasper.compiler.ErrorDispatcher.javacError(ErrorDispatcher.java:212)
	at org.apache.jasper.compiler.JDTCompiler.generateClass(JDTCompiler.java:457)
	at org.apache.jasper.compiler.Compiler.compile(Compiler.java:377)
	at org.apache.jasper.compiler.Compiler.compile(Compiler.java:349)
	at org.apache.jasper.compiler.Compiler.compile(Compiler.java:333)
	at org.apache.jasper.JspCompilationContext.compile(JspCompilationContext.java:600)
	at org.apache.jasper.servlet.JspServletWrapper.service(JspServletWrapper.java:368)
	at org.apache.jasper.servlet.JspServlet.serviceJspFile(JspServlet.java:385)
	at org.apache.jasper.servlet.JspServlet.service(JspServlet.java:329)
	at javax.servlet.http.HttpServlet.service(HttpServlet.java:729)
	at org.apache.catalina.core.ApplicationFilterChain.internalDoFilter(ApplicationFilterChain.java:230)
	at org.apache.catalina.core.ApplicationFilterChain.doFilter(ApplicationFilterChain.java:165)
	at org.apache.tomcat.websocket.server.WsFilter.doFilter(WsFilter.java:52)
	at org.apache.catalina.core.ApplicationFilterChain.internalDoFilter(ApplicationFilterChain.java:192)
	at org.apache.catalina.core.ApplicationFilterChain.doFilter(ApplicationFilterChain.java:165)
	at org.apache.catalina.core.StandardWrapperValve.invoke(StandardWrapperValve.java:198)
	at org.apache.catalina.core.StandardContextValve.invoke(StandardContextValve.java:96)
	at org.apache.catalina.authenticator.AuthenticatorBase.invoke(AuthenticatorBase.java:474)
	at org.apache.catalina.core.StandardHostValve.invoke(StandardHostValve.java:140)
	at org.apache.catalina.valves.ErrorReportValve.invoke(ErrorReportValve.java:79)
	at org.apache.catalina.valves.AbstractAccessLogValve.invoke(AbstractAccessLogValve.java:624)
	at org.apache.catalina.core.StandardEngineValve.invoke(StandardEngineValve.java:87)
	at org.apache.catalina.connector.CoyoteAdapter.service(CoyoteAdapter.java:349)
	at org.apache.coyote.http11.Http11Processor.service(Http11Processor.java:783)
	at org.apache.coyote.AbstractProcessorLight.process(AbstractProcessorLight.java:66)
	at org.apache.coyote.AbstractProtocol$ConnectionHandler.process(AbstractProtocol.java:789)
	at org.apache.tomcat.util.net.NioEndpoint$SocketProcessor.doRun(NioEndpoint.java:1437)
	at org.apache.tomcat.util.net.SocketProcessorBase.run(SocketProcessorBase.java:49)
	at java.base/java.util.concurrent.ThreadPoolExecutor.runWorker(ThreadPoolExecutor.java:1136)
	at java.base/java.util.concurrent.ThreadPoolExecutor$Worker.run(ThreadPoolExecutor.java:635)
	at org.apache.tomcat.util.threads.TaskThread$WrappingRunnable.run(TaskThread.java:61)
	at java.base/java.lang.Thread.run(Thread.java:833)

20-Nov-2023 17:43:45.720 정보 [localhost-startStop-2] org.apache.catalina.core.ApplicationContext.log SessionListener: contextDestroyed()
20-Nov-2023 17:43:45.720 정보 [localhost-startStop-2] org.apache.catalina.core.ApplicationContext.log ContextListener: contextDestroyed()
20-Nov-2023 17:44:01.829 정보 [localhost-startStop-1] org.apache.catalina.core.ApplicationContext.log ContextListener: contextInitialized()
20-Nov-2023 17:44:01.829 정보 [localhost-startStop-1] org.apache.catalina.core.ApplicationContext.log SessionListener: contextInitialized()
20-Nov-2023 17:44:10.286 심각 [http-nio-8080-exec-1] org.apache.catalina.core.StandardWrapperValve.invoke Servlet.service() for servlet [jsp] in context with path [/chap09] threw exception [Unable to compile class for JSP: 

An error occurred at line: [14] in the generated java file: [/Users/kimzoo/study/apache-tomcat-8.5.9/work/Catalina/localhost/chap09/org/apache/jsp/makeCookieUsingCookies_jsp.java]
Only a type can be imported. util.Cookies resolves to a package

An error occurred at line: 4 in the jsp file: /makeCookieUsingCookies.jsp
Cookies cannot be resolved
1: <%@ page contentType="text/html; charset=utf-8" %>
2: <%@ page import ="util.Cookies"%>
3: <%
4:     response.addCookie(Cookies.createCookie("name", "최범균"));
5:     response.addCookie(Cookies.createCookie("id", "madvirus", "/chap09", -1));
6: %>
7: <html>


An error occurred at line: 5 in the jsp file: /makeCookieUsingCookies.jsp
Cookies cannot be resolved
2: <%@ page import ="util.Cookies"%>
3: <%
4:     response.addCookie(Cookies.createCookie("name", "최범균"));
5:     response.addCookie(Cookies.createCookie("id", "madvirus", "/chap09", -1));
6: %>
7: <html>
8: <head><title>Cookie 사용 예</title></head>


Stacktrace:] with root cause
 org.apache.jasper.JasperException: Unable to compile class for JSP: 

An error occurred at line: [14] in the generated java file: [/Users/kimzoo/study/apache-tomcat-8.5.9/work/Catalina/localhost/chap09/org/apache/jsp/makeCookieUsingCookies_jsp.java]
Only a type can be imported. util.Cookies resolves to a package

An error occurred at line: 4 in the jsp file: /makeCookieUsingCookies.jsp
Cookies cannot be resolved
1: <%@ page contentType="text/html; charset=utf-8" %>
2: <%@ page import ="util.Cookies"%>
3: <%
4:     response.addCookie(Cookies.createCookie("name", "최범균"));
5:     response.addCookie(Cookies.createCookie("id", "madvirus", "/chap09", -1));
6: %>
7: <html>


An error occurred at line: 5 in the jsp file: /makeCookieUsingCookies.jsp
Cookies cannot be resolved
2: <%@ page import ="util.Cookies"%>
3: <%
4:     response.addCookie(Cookies.createCookie("name", "최범균"));
5:     response.addCookie(Cookies.createCookie("id", "madvirus", "/chap09", -1));
6: %>
7: <html>
8: <head><title>Cookie 사용 예</title></head>


Stacktrace:
	at org.apache.jasper.compiler.DefaultErrorHandler.javacError(DefaultErrorHandler.java:102)
	at org.apache.jasper.compiler.ErrorDispatcher.javacError(ErrorDispatcher.java:212)
	at org.apache.jasper.compiler.JDTCompiler.generateClass(JDTCompiler.java:457)
	at org.apache.jasper.compiler.Compiler.compile(Compiler.java:377)
	at org.apache.jasper.compiler.Compiler.compile(Compiler.java:349)
	at org.apache.jasper.compiler.Compiler.compile(Compiler.java:333)
	at org.apache.jasper.JspCompilationContext.compile(JspCompilationContext.java:600)
	at org.apache.jasper.servlet.JspServletWrapper.service(JspServletWrapper.java:368)
	at org.apache.jasper.servlet.JspServlet.serviceJspFile(JspServlet.java:385)
	at org.apache.jasper.servlet.JspServlet.service(JspServlet.java:329)
	at javax.servlet.http.HttpServlet.service(HttpServlet.java:729)
	at org.apache.catalina.core.ApplicationFilterChain.internalDoFilter(ApplicationFilterChain.java:230)
	at org.apache.catalina.core.ApplicationFilterChain.doFilter(ApplicationFilterChain.java:165)
	at org.apache.tomcat.websocket.server.WsFilter.doFilter(WsFilter.java:52)
	at org.apache.catalina.core.ApplicationFilterChain.internalDoFilter(ApplicationFilterChain.java:192)
	at org.apache.catalina.core.ApplicationFilterChain.doFilter(ApplicationFilterChain.java:165)
	at org.apache.catalina.core.StandardWrapperValve.invoke(StandardWrapperValve.java:198)
	at org.apache.catalina.core.StandardContextValve.invoke(StandardContextValve.java:96)
	at org.apache.catalina.authenticator.AuthenticatorBase.invoke(AuthenticatorBase.java:474)
	at org.apache.catalina.core.StandardHostValve.invoke(StandardHostValve.java:140)
	at org.apache.catalina.valves.ErrorReportValve.invoke(ErrorReportValve.java:79)
	at org.apache.catalina.valves.AbstractAccessLogValve.invoke(AbstractAccessLogValve.java:624)
	at org.apache.catalina.core.StandardEngineValve.invoke(StandardEngineValve.java:87)
	at org.apache.catalina.connector.CoyoteAdapter.service(CoyoteAdapter.java:349)
	at org.apache.coyote.http11.Http11Processor.service(Http11Processor.java:783)
	at org.apache.coyote.AbstractProcessorLight.process(AbstractProcessorLight.java:66)
	at org.apache.coyote.AbstractProtocol$ConnectionHandler.process(AbstractProtocol.java:789)
	at org.apache.tomcat.util.net.NioEndpoint$SocketProcessor.doRun(NioEndpoint.java:1437)
	at org.apache.tomcat.util.net.SocketProcessorBase.run(SocketProcessorBase.java:49)
	at java.base/java.util.concurrent.ThreadPoolExecutor.runWorker(ThreadPoolExecutor.java:1136)
	at java.base/java.util.concurrent.ThreadPoolExecutor$Worker.run(ThreadPoolExecutor.java:635)
	at org.apache.tomcat.util.threads.TaskThread$WrappingRunnable.run(TaskThread.java:61)
	at java.base/java.lang.Thread.run(Thread.java:833)

20-Nov-2023 17:45:03.666 심각 [http-nio-8080-exec-2] org.apache.catalina.core.StandardWrapperValve.invoke Servlet.service() for servlet [jsp] in context with path [/chap09] threw exception [Unable to compile class for JSP: 

An error occurred at line: [14] in the generated java file: [/Users/kimzoo/study/apache-tomcat-8.5.9/work/Catalina/localhost/chap09/org/apache/jsp/makeCookieUsingCookies_jsp.java]
Only a type can be imported. util.Cookies resolves to a package

An error occurred at line: 4 in the jsp file: /makeCookieUsingCookies.jsp
Cookies cannot be resolved
1: <%@ page contentType="text/html; charset=utf-8" %>
2: <%@ page import="util.Cookies" %>
3: <%
4:     response.addCookie(Cookies.createCookie("name", "최범균"));
5:     response.addCookie(Cookies.createCookie("id", "madvirus", "/chap09", -1));
6: %>
7: <html>


An error occurred at line: 5 in the jsp file: /makeCookieUsingCookies.jsp
Cookies cannot be resolved
2: <%@ page import="util.Cookies" %>
3: <%
4:     response.addCookie(Cookies.createCookie("name", "최범균"));
5:     response.addCookie(Cookies.createCookie("id", "madvirus", "/chap09", -1));
6: %>
7: <html>
8: <head><title>Cookie 사용 예</title></head>


Stacktrace:] with root cause
 org.apache.jasper.JasperException: Unable to compile class for JSP: 

An error occurred at line: [14] in the generated java file: [/Users/kimzoo/study/apache-tomcat-8.5.9/work/Catalina/localhost/chap09/org/apache/jsp/makeCookieUsingCookies_jsp.java]
Only a type can be imported. util.Cookies resolves to a package

An error occurred at line: 4 in the jsp file: /makeCookieUsingCookies.jsp
Cookies cannot be resolved
1: <%@ page contentType="text/html; charset=utf-8" %>
2: <%@ page import="util.Cookies" %>
3: <%
4:     response.addCookie(Cookies.createCookie("name", "최범균"));
5:     response.addCookie(Cookies.createCookie("id", "madvirus", "/chap09", -1));
6: %>
7: <html>


An error occurred at line: 5 in the jsp file: /makeCookieUsingCookies.jsp
Cookies cannot be resolved
2: <%@ page import="util.Cookies" %>
3: <%
4:     response.addCookie(Cookies.createCookie("name", "최범균"));
5:     response.addCookie(Cookies.createCookie("id", "madvirus", "/chap09", -1));
6: %>
7: <html>
8: <head><title>Cookie 사용 예</title></head>


Stacktrace:
	at org.apache.jasper.compiler.DefaultErrorHandler.javacError(DefaultErrorHandler.java:102)
	at org.apache.jasper.compiler.ErrorDispatcher.javacError(ErrorDispatcher.java:212)
	at org.apache.jasper.compiler.JDTCompiler.generateClass(JDTCompiler.java:457)
	at org.apache.jasper.compiler.Compiler.compile(Compiler.java:377)
	at org.apache.jasper.compiler.Compiler.compile(Compiler.java:349)
	at org.apache.jasper.compiler.Compiler.compile(Compiler.java:333)
	at org.apache.jasper.JspCompilationContext.compile(JspCompilationContext.java:600)
	at org.apache.jasper.servlet.JspServletWrapper.service(JspServletWrapper.java:368)
	at org.apache.jasper.servlet.JspServlet.serviceJspFile(JspServlet.java:385)
	at org.apache.jasper.servlet.JspServlet.service(JspServlet.java:329)
	at javax.servlet.http.HttpServlet.service(HttpServlet.java:729)
	at org.apache.catalina.core.ApplicationFilterChain.internalDoFilter(ApplicationFilterChain.java:230)
	at org.apache.catalina.core.ApplicationFilterChain.doFilter(ApplicationFilterChain.java:165)
	at org.apache.tomcat.websocket.server.WsFilter.doFilter(WsFilter.java:52)
	at org.apache.catalina.core.ApplicationFilterChain.internalDoFilter(ApplicationFilterChain.java:192)
	at org.apache.catalina.core.ApplicationFilterChain.doFilter(ApplicationFilterChain.java:165)
	at org.apache.catalina.core.StandardWrapperValve.invoke(StandardWrapperValve.java:198)
	at org.apache.catalina.core.StandardContextValve.invoke(StandardContextValve.java:96)
	at org.apache.catalina.authenticator.AuthenticatorBase.invoke(AuthenticatorBase.java:474)
	at org.apache.catalina.core.StandardHostValve.invoke(StandardHostValve.java:140)
	at org.apache.catalina.valves.ErrorReportValve.invoke(ErrorReportValve.java:79)
	at org.apache.catalina.valves.AbstractAccessLogValve.invoke(AbstractAccessLogValve.java:624)
	at org.apache.catalina.core.StandardEngineValve.invoke(StandardEngineValve.java:87)
	at org.apache.catalina.connector.CoyoteAdapter.service(CoyoteAdapter.java:349)
	at org.apache.coyote.http11.Http11Processor.service(Http11Processor.java:783)
	at org.apache.coyote.AbstractProcessorLight.process(AbstractProcessorLight.java:66)
	at org.apache.coyote.AbstractProtocol$ConnectionHandler.process(AbstractProtocol.java:789)
	at org.apache.tomcat.util.net.NioEndpoint$SocketProcessor.doRun(NioEndpoint.java:1437)
	at org.apache.tomcat.util.net.SocketProcessorBase.run(SocketProcessorBase.java:49)
	at java.base/java.util.concurrent.ThreadPoolExecutor.runWorker(ThreadPoolExecutor.java:1136)
	at java.base/java.util.concurrent.ThreadPoolExecutor$Worker.run(ThreadPoolExecutor.java:635)
	at org.apache.tomcat.util.threads.TaskThread$WrappingRunnable.run(TaskThread.java:61)
	at java.base/java.lang.Thread.run(Thread.java:833)

20-Nov-2023 17:45:28.865 정보 [localhost-startStop-2] org.apache.catalina.core.ApplicationContext.log SessionListener: contextDestroyed()
20-Nov-2023 17:45:28.865 정보 [localhost-startStop-2] org.apache.catalina.core.ApplicationContext.log ContextListener: contextDestroyed()
20-Nov-2023 17:45:51.078 정보 [localhost-startStop-1] org.apache.catalina.core.ApplicationContext.log ContextListener: contextInitialized()
20-Nov-2023 17:45:51.078 정보 [localhost-startStop-1] org.apache.catalina.core.ApplicationContext.log SessionListener: contextInitialized()
20-Nov-2023 17:45:52.595 심각 [http-nio-8080-exec-1] org.apache.catalina.core.StandardWrapperValve.invoke Servlet.service() for servlet [jsp] in context with path [/chap09] threw exception [Unable to compile class for JSP: 

An error occurred at line: [14] in the generated java file: [/Users/kimzoo/study/apache-tomcat-8.5.9/work/Catalina/localhost/chap09/org/apache/jsp/makeCookieUsingCookies_jsp.java]
Only a type can be imported. util.Cookies resolves to a package

An error occurred at line: 4 in the jsp file: /makeCookieUsingCookies.jsp
Cookies cannot be resolved
1: <%@ page contentType="text/html; charset=utf-8" %>
2: <%@ page import="util.Cookies" %>
3: <%
4:     response.addCookie(Cookies.createCookie("name", "최범균"));
5:     response.addCookie(Cookies.createCookie("id", "madvirus", "/chap09", -1));
6: %>
7: <html>


An error occurred at line: 5 in the jsp file: /makeCookieUsingCookies.jsp
Cookies cannot be resolved
2: <%@ page import="util.Cookies" %>
3: <%
4:     response.addCookie(Cookies.createCookie("name", "최범균"));
5:     response.addCookie(Cookies.createCookie("id", "madvirus", "/chap09", -1));
6: %>
7: <html>
8: <head><title>Cookie 사용 예</title></head>


Stacktrace:] with root cause
 org.apache.jasper.JasperException: Unable to compile class for JSP: 

An error occurred at line: [14] in the generated java file: [/Users/kimzoo/study/apache-tomcat-8.5.9/work/Catalina/localhost/chap09/org/apache/jsp/makeCookieUsingCookies_jsp.java]
Only a type can be imported. util.Cookies resolves to a package

An error occurred at line: 4 in the jsp file: /makeCookieUsingCookies.jsp
Cookies cannot be resolved
1: <%@ page contentType="text/html; charset=utf-8" %>
2: <%@ page import="util.Cookies" %>
3: <%
4:     response.addCookie(Cookies.createCookie("name", "최범균"));
5:     response.addCookie(Cookies.createCookie("id", "madvirus", "/chap09", -1));
6: %>
7: <html>


An error occurred at line: 5 in the jsp file: /makeCookieUsingCookies.jsp
Cookies cannot be resolved
2: <%@ page import="util.Cookies" %>
3: <%
4:     response.addCookie(Cookies.createCookie("name", "최범균"));
5:     response.addCookie(Cookies.createCookie("id", "madvirus", "/chap09", -1));
6: %>
7: <html>
8: <head><title>Cookie 사용 예</title></head>


Stacktrace:
	at org.apache.jasper.compiler.DefaultErrorHandler.javacError(DefaultErrorHandler.java:102)
	at org.apache.jasper.compiler.ErrorDispatcher.javacError(ErrorDispatcher.java:212)
	at org.apache.jasper.compiler.JDTCompiler.generateClass(JDTCompiler.java:457)
	at org.apache.jasper.compiler.Compiler.compile(Compiler.java:377)
	at org.apache.jasper.compiler.Compiler.compile(Compiler.java:349)
	at org.apache.jasper.compiler.Compiler.compile(Compiler.java:333)
	at org.apache.jasper.JspCompilationContext.compile(JspCompilationContext.java:600)
	at org.apache.jasper.servlet.JspServletWrapper.service(JspServletWrapper.java:368)
	at org.apache.jasper.servlet.JspServlet.serviceJspFile(JspServlet.java:385)
	at org.apache.jasper.servlet.JspServlet.service(JspServlet.java:329)
	at javax.servlet.http.HttpServlet.service(HttpServlet.java:729)
	at org.apache.catalina.core.ApplicationFilterChain.internalDoFilter(ApplicationFilterChain.java:230)
	at org.apache.catalina.core.ApplicationFilterChain.doFilter(ApplicationFilterChain.java:165)
	at org.apache.tomcat.websocket.server.WsFilter.doFilter(WsFilter.java:52)
	at org.apache.catalina.core.ApplicationFilterChain.internalDoFilter(ApplicationFilterChain.java:192)
	at org.apache.catalina.core.ApplicationFilterChain.doFilter(ApplicationFilterChain.java:165)
	at org.apache.catalina.core.StandardWrapperValve.invoke(StandardWrapperValve.java:198)
	at org.apache.catalina.core.StandardContextValve.invoke(StandardContextValve.java:96)
	at org.apache.catalina.authenticator.AuthenticatorBase.invoke(AuthenticatorBase.java:474)
	at org.apache.catalina.core.StandardHostValve.invoke(StandardHostValve.java:140)
	at org.apache.catalina.valves.ErrorReportValve.invoke(ErrorReportValve.java:79)
	at org.apache.catalina.valves.AbstractAccessLogValve.invoke(AbstractAccessLogValve.java:624)
	at org.apache.catalina.core.StandardEngineValve.invoke(StandardEngineValve.java:87)
	at org.apache.catalina.connector.CoyoteAdapter.service(CoyoteAdapter.java:349)
	at org.apache.coyote.http11.Http11Processor.service(Http11Processor.java:783)
	at org.apache.coyote.AbstractProcessorLight.process(AbstractProcessorLight.java:66)
	at org.apache.coyote.AbstractProtocol$ConnectionHandler.process(AbstractProtocol.java:789)
	at org.apache.tomcat.util.net.NioEndpoint$SocketProcessor.doRun(NioEndpoint.java:1437)
	at org.apache.tomcat.util.net.SocketProcessorBase.run(SocketProcessorBase.java:49)
	at java.base/java.util.concurrent.ThreadPoolExecutor.runWorker(ThreadPoolExecutor.java:1136)
	at java.base/java.util.concurrent.ThreadPoolExecutor$Worker.run(ThreadPoolExecutor.java:635)
	at org.apache.tomcat.util.threads.TaskThread$WrappingRunnable.run(TaskThread.java:61)
	at java.base/java.lang.Thread.run(Thread.java:833)

20-Nov-2023 17:47:37.661 정보 [localhost-startStop-2] org.apache.catalina.core.ApplicationContext.log SessionListener: contextDestroyed()
20-Nov-2023 17:47:37.661 정보 [localhost-startStop-2] org.apache.catalina.core.ApplicationContext.log ContextListener: contextDestroyed()
20-Nov-2023 17:47:46.911 정보 [localhost-startStop-1] org.apache.catalina.core.ApplicationContext.log ContextListener: contextInitialized()
20-Nov-2023 17:47:46.911 정보 [localhost-startStop-1] org.apache.catalina.core.ApplicationContext.log SessionListener: contextInitialized()
20-Nov-2023 17:47:47.879 심각 [http-nio-8080-exec-1] org.apache.catalina.core.StandardWrapperValve.invoke Servlet.service() for servlet [jsp] in context with path [/chap09] threw exception [Unable to compile class for JSP: 

An error occurred at line: 4 in the jsp file: /makeCookieUsingCookies.jsp
Cookies cannot be resolved
1: <%@ page contentType="text/html; charset=utf-8" %>
2: <%@ page import="util.*" %>
3: <%
4:     response.addCookie(Cookies.createCookie("name", "최범균"));
5:     response.addCookie(Cookies.createCookie("id", "madvirus", "/chap09", -1));
6: %>
7: <html>


An error occurred at line: 5 in the jsp file: /makeCookieUsingCookies.jsp
Cookies cannot be resolved
2: <%@ page import="util.*" %>
3: <%
4:     response.addCookie(Cookies.createCookie("name", "최범균"));
5:     response.addCookie(Cookies.createCookie("id", "madvirus", "/chap09", -1));
6: %>
7: <html>
8: <head><title>Cookie 사용 예</title></head>


Stacktrace:] with root cause
 org.apache.jasper.JasperException: Unable to compile class for JSP: 

An error occurred at line: 4 in the jsp file: /makeCookieUsingCookies.jsp
Cookies cannot be resolved
1: <%@ page contentType="text/html; charset=utf-8" %>
2: <%@ page import="util.*" %>
3: <%
4:     response.addCookie(Cookies.createCookie("name", "최범균"));
5:     response.addCookie(Cookies.createCookie("id", "madvirus", "/chap09", -1));
6: %>
7: <html>


An error occurred at line: 5 in the jsp file: /makeCookieUsingCookies.jsp
Cookies cannot be resolved
2: <%@ page import="util.*" %>
3: <%
4:     response.addCookie(Cookies.createCookie("name", "최범균"));
5:     response.addCookie(Cookies.createCookie("id", "madvirus", "/chap09", -1));
6: %>
7: <html>
8: <head><title>Cookie 사용 예</title></head>


Stacktrace:
	at org.apache.jasper.compiler.DefaultErrorHandler.javacError(DefaultErrorHandler.java:102)
	at org.apache.jasper.compiler.ErrorDispatcher.javacError(ErrorDispatcher.java:212)
	at org.apache.jasper.compiler.JDTCompiler.generateClass(JDTCompiler.java:457)
	at org.apache.jasper.compiler.Compiler.compile(Compiler.java:377)
	at org.apache.jasper.compiler.Compiler.compile(Compiler.java:349)
	at org.apache.jasper.compiler.Compiler.compile(Compiler.java:333)
	at org.apache.jasper.JspCompilationContext.compile(JspCompilationContext.java:600)
	at org.apache.jasper.servlet.JspServletWrapper.service(JspServletWrapper.java:368)
	at org.apache.jasper.servlet.JspServlet.serviceJspFile(JspServlet.java:385)
	at org.apache.jasper.servlet.JspServlet.service(JspServlet.java:329)
	at javax.servlet.http.HttpServlet.service(HttpServlet.java:729)
	at org.apache.catalina.core.ApplicationFilterChain.internalDoFilter(ApplicationFilterChain.java:230)
	at org.apache.catalina.core.ApplicationFilterChain.doFilter(ApplicationFilterChain.java:165)
	at org.apache.tomcat.websocket.server.WsFilter.doFilter(WsFilter.java:52)
	at org.apache.catalina.core.ApplicationFilterChain.internalDoFilter(ApplicationFilterChain.java:192)
	at org.apache.catalina.core.ApplicationFilterChain.doFilter(ApplicationFilterChain.java:165)
	at org.apache.catalina.core.StandardWrapperValve.invoke(StandardWrapperValve.java:198)
	at org.apache.catalina.core.StandardContextValve.invoke(StandardContextValve.java:96)
	at org.apache.catalina.authenticator.AuthenticatorBase.invoke(AuthenticatorBase.java:474)
	at org.apache.catalina.core.StandardHostValve.invoke(StandardHostValve.java:140)
	at org.apache.catalina.valves.ErrorReportValve.invoke(ErrorReportValve.java:79)
	at org.apache.catalina.valves.AbstractAccessLogValve.invoke(AbstractAccessLogValve.java:624)
	at org.apache.catalina.core.StandardEngineValve.invoke(StandardEngineValve.java:87)
	at org.apache.catalina.connector.CoyoteAdapter.service(CoyoteAdapter.java:349)
	at org.apache.coyote.http11.Http11Processor.service(Http11Processor.java:783)
	at org.apache.coyote.AbstractProcessorLight.process(AbstractProcessorLight.java:66)
	at org.apache.coyote.AbstractProtocol$ConnectionHandler.process(AbstractProtocol.java:789)
	at org.apache.tomcat.util.net.NioEndpoint$SocketProcessor.doRun(NioEndpoint.java:1437)
	at org.apache.tomcat.util.net.SocketProcessorBase.run(SocketProcessorBase.java:49)
	at java.base/java.util.concurrent.ThreadPoolExecutor.runWorker(ThreadPoolExecutor.java:1136)
	at java.base/java.util.concurrent.ThreadPoolExecutor$Worker.run(ThreadPoolExecutor.java:635)
	at org.apache.tomcat.util.threads.TaskThread$WrappingRunnable.run(TaskThread.java:61)
	at java.base/java.lang.Thread.run(Thread.java:833)

20-Nov-2023 17:48:19.336 심각 [http-nio-8080-exec-2] org.apache.catalina.core.StandardWrapperValve.invoke Servlet.service() for servlet [jsp] in context with path [/chap09] threw exception [Unable to compile class for JSP: 

An error occurred at line: [14] in the generated java file: [/Users/kimzoo/study/apache-tomcat-8.5.9/work/Catalina/localhost/chap09/org/apache/jsp/makeCookieUsingCookies_jsp.java]
Only a type can be imported. util.Cookies resolves to a package

An error occurred at line: 4 in the jsp file: /makeCookieUsingCookies.jsp
Cookies cannot be resolved
1: <%@ page contentType="text/html; charset=utf-8" %>
2: <%@ page import="util.Cookies" %>
3: <%
4:     response.addCookie(Cookies.createCookie("name", "최범균"));
5:     response.addCookie(Cookies.createCookie("id", "madvirus", "/chap09", -1));
6: %>
7: <html>


An error occurred at line: 5 in the jsp file: /makeCookieUsingCookies.jsp
Cookies cannot be resolved
2: <%@ page import="util.Cookies" %>
3: <%
4:     response.addCookie(Cookies.createCookie("name", "최범균"));
5:     response.addCookie(Cookies.createCookie("id", "madvirus", "/chap09", -1));
6: %>
7: <html>
8: <head><title>Cookie 사용 예</title></head>


Stacktrace:] with root cause
 org.apache.jasper.JasperException: Unable to compile class for JSP: 

An error occurred at line: [14] in the generated java file: [/Users/kimzoo/study/apache-tomcat-8.5.9/work/Catalina/localhost/chap09/org/apache/jsp/makeCookieUsingCookies_jsp.java]
Only a type can be imported. util.Cookies resolves to a package

An error occurred at line: 4 in the jsp file: /makeCookieUsingCookies.jsp
Cookies cannot be resolved
1: <%@ page contentType="text/html; charset=utf-8" %>
2: <%@ page import="util.Cookies" %>
3: <%
4:     response.addCookie(Cookies.createCookie("name", "최범균"));
5:     response.addCookie(Cookies.createCookie("id", "madvirus", "/chap09", -1));
6: %>
7: <html>


An error occurred at line: 5 in the jsp file: /makeCookieUsingCookies.jsp
Cookies cannot be resolved
2: <%@ page import="util.Cookies" %>
3: <%
4:     response.addCookie(Cookies.createCookie("name", "최범균"));
5:     response.addCookie(Cookies.createCookie("id", "madvirus", "/chap09", -1));
6: %>
7: <html>
8: <head><title>Cookie 사용 예</title></head>


Stacktrace:
	at org.apache.jasper.compiler.DefaultErrorHandler.javacError(DefaultErrorHandler.java:102)
	at org.apache.jasper.compiler.ErrorDispatcher.javacError(ErrorDispatcher.java:212)
	at org.apache.jasper.compiler.JDTCompiler.generateClass(JDTCompiler.java:457)
	at org.apache.jasper.compiler.Compiler.compile(Compiler.java:377)
	at org.apache.jasper.compiler.Compiler.compile(Compiler.java:349)
	at org.apache.jasper.compiler.Compiler.compile(Compiler.java:333)
	at org.apache.jasper.JspCompilationContext.compile(JspCompilationContext.java:600)
	at org.apache.jasper.servlet.JspServletWrapper.service(JspServletWrapper.java:368)
	at org.apache.jasper.servlet.JspServlet.serviceJspFile(JspServlet.java:385)
	at org.apache.jasper.servlet.JspServlet.service(JspServlet.java:329)
	at javax.servlet.http.HttpServlet.service(HttpServlet.java:729)
	at org.apache.catalina.core.ApplicationFilterChain.internalDoFilter(ApplicationFilterChain.java:230)
	at org.apache.catalina.core.ApplicationFilterChain.doFilter(ApplicationFilterChain.java:165)
	at org.apache.tomcat.websocket.server.WsFilter.doFilter(WsFilter.java:52)
	at org.apache.catalina.core.ApplicationFilterChain.internalDoFilter(ApplicationFilterChain.java:192)
	at org.apache.catalina.core.ApplicationFilterChain.doFilter(ApplicationFilterChain.java:165)
	at org.apache.catalina.core.StandardWrapperValve.invoke(StandardWrapperValve.java:198)
	at org.apache.catalina.core.StandardContextValve.invoke(StandardContextValve.java:96)
	at org.apache.catalina.authenticator.AuthenticatorBase.invoke(AuthenticatorBase.java:474)
	at org.apache.catalina.core.StandardHostValve.invoke(StandardHostValve.java:140)
	at org.apache.catalina.valves.ErrorReportValve.invoke(ErrorReportValve.java:79)
	at org.apache.catalina.valves.AbstractAccessLogValve.invoke(AbstractAccessLogValve.java:624)
	at org.apache.catalina.core.StandardEngineValve.invoke(StandardEngineValve.java:87)
	at org.apache.catalina.connector.CoyoteAdapter.service(CoyoteAdapter.java:349)
	at org.apache.coyote.http11.Http11Processor.service(Http11Processor.java:783)
	at org.apache.coyote.AbstractProcessorLight.process(AbstractProcessorLight.java:66)
	at org.apache.coyote.AbstractProtocol$ConnectionHandler.process(AbstractProtocol.java:789)
	at org.apache.tomcat.util.net.NioEndpoint$SocketProcessor.doRun(NioEndpoint.java:1437)
	at org.apache.tomcat.util.net.SocketProcessorBase.run(SocketProcessorBase.java:49)
	at java.base/java.util.concurrent.ThreadPoolExecutor.runWorker(ThreadPoolExecutor.java:1136)
	at java.base/java.util.concurrent.ThreadPoolExecutor$Worker.run(ThreadPoolExecutor.java:635)
	at org.apache.tomcat.util.threads.TaskThread$WrappingRunnable.run(TaskThread.java:61)
	at java.base/java.lang.Thread.run(Thread.java:833)

20-Nov-2023 17:48:26.441 심각 [http-nio-8080-exec-3] org.apache.catalina.core.StandardWrapperValve.invoke Servlet.service() for servlet [jsp] in context with path [/chap09] threw exception [Unable to compile class for JSP: 

An error occurred at line: [14] in the generated java file: [/Users/kimzoo/study/apache-tomcat-8.5.9/work/Catalina/localhost/chap09/org/apache/jsp/makeCookieUsingCookies_jsp.java]
The import util cannot be resolved

An error occurred at line: 4 in the jsp file: /makeCookieUsingCookies.jsp
Cookies cannot be resolved
1: <%@ page contentType="text/html; charset=utf-8" %>
2: <%@ page import="util" %>
3: <%
4:     response.addCookie(Cookies.createCookie("name", "최범균"));
5:     response.addCookie(Cookies.createCookie("id", "madvirus", "/chap09", -1));
6: %>
7: <html>


An error occurred at line: 5 in the jsp file: /makeCookieUsingCookies.jsp
Cookies cannot be resolved
2: <%@ page import="util" %>
3: <%
4:     response.addCookie(Cookies.createCookie("name", "최범균"));
5:     response.addCookie(Cookies.createCookie("id", "madvirus", "/chap09", -1));
6: %>
7: <html>
8: <head><title>Cookie 사용 예</title></head>


Stacktrace:] with root cause
 org.apache.jasper.JasperException: Unable to compile class for JSP: 

An error occurred at line: [14] in the generated java file: [/Users/kimzoo/study/apache-tomcat-8.5.9/work/Catalina/localhost/chap09/org/apache/jsp/makeCookieUsingCookies_jsp.java]
The import util cannot be resolved

An error occurred at line: 4 in the jsp file: /makeCookieUsingCookies.jsp
Cookies cannot be resolved
1: <%@ page contentType="text/html; charset=utf-8" %>
2: <%@ page import="util" %>
3: <%
4:     response.addCookie(Cookies.createCookie("name", "최범균"));
5:     response.addCookie(Cookies.createCookie("id", "madvirus", "/chap09", -1));
6: %>
7: <html>


An error occurred at line: 5 in the jsp file: /makeCookieUsingCookies.jsp
Cookies cannot be resolved
2: <%@ page import="util" %>
3: <%
4:     response.addCookie(Cookies.createCookie("name", "최범균"));
5:     response.addCookie(Cookies.createCookie("id", "madvirus", "/chap09", -1));
6: %>
7: <html>
8: <head><title>Cookie 사용 예</title></head>


Stacktrace:
	at org.apache.jasper.compiler.DefaultErrorHandler.javacError(DefaultErrorHandler.java:102)
	at org.apache.jasper.compiler.ErrorDispatcher.javacError(ErrorDispatcher.java:212)
	at org.apache.jasper.compiler.JDTCompiler.generateClass(JDTCompiler.java:457)
	at org.apache.jasper.compiler.Compiler.compile(Compiler.java:377)
	at org.apache.jasper.compiler.Compiler.compile(Compiler.java:349)
	at org.apache.jasper.compiler.Compiler.compile(Compiler.java:333)
	at org.apache.jasper.JspCompilationContext.compile(JspCompilationContext.java:600)
	at org.apache.jasper.servlet.JspServletWrapper.service(JspServletWrapper.java:368)
	at org.apache.jasper.servlet.JspServlet.serviceJspFile(JspServlet.java:385)
	at org.apache.jasper.servlet.JspServlet.service(JspServlet.java:329)
	at javax.servlet.http.HttpServlet.service(HttpServlet.java:729)
	at org.apache.catalina.core.ApplicationFilterChain.internalDoFilter(ApplicationFilterChain.java:230)
	at org.apache.catalina.core.ApplicationFilterChain.doFilter(ApplicationFilterChain.java:165)
	at org.apache.tomcat.websocket.server.WsFilter.doFilter(WsFilter.java:52)
	at org.apache.catalina.core.ApplicationFilterChain.internalDoFilter(ApplicationFilterChain.java:192)
	at org.apache.catalina.core.ApplicationFilterChain.doFilter(ApplicationFilterChain.java:165)
	at org.apache.catalina.core.StandardWrapperValve.invoke(StandardWrapperValve.java:198)
	at org.apache.catalina.core.StandardContextValve.invoke(StandardContextValve.java:96)
	at org.apache.catalina.authenticator.AuthenticatorBase.invoke(AuthenticatorBase.java:474)
	at org.apache.catalina.core.StandardHostValve.invoke(StandardHostValve.java:140)
	at org.apache.catalina.valves.ErrorReportValve.invoke(ErrorReportValve.java:79)
	at org.apache.catalina.valves.AbstractAccessLogValve.invoke(AbstractAccessLogValve.java:624)
	at org.apache.catalina.core.StandardEngineValve.invoke(StandardEngineValve.java:87)
	at org.apache.catalina.connector.CoyoteAdapter.service(CoyoteAdapter.java:349)
	at org.apache.coyote.http11.Http11Processor.service(Http11Processor.java:783)
	at org.apache.coyote.AbstractProcessorLight.process(AbstractProcessorLight.java:66)
	at org.apache.coyote.AbstractProtocol$ConnectionHandler.process(AbstractProtocol.java:789)
	at org.apache.tomcat.util.net.NioEndpoint$SocketProcessor.doRun(NioEndpoint.java:1437)
	at org.apache.tomcat.util.net.SocketProcessorBase.run(SocketProcessorBase.java:49)
	at java.base/java.util.concurrent.ThreadPoolExecutor.runWorker(ThreadPoolExecutor.java:1136)
	at java.base/java.util.concurrent.ThreadPoolExecutor$Worker.run(ThreadPoolExecutor.java:635)
	at org.apache.tomcat.util.threads.TaskThread$WrappingRunnable.run(TaskThread.java:61)
	at java.base/java.lang.Thread.run(Thread.java:833)

20-Nov-2023 17:48:28.141 심각 [http-nio-8080-exec-4] org.apache.catalina.core.StandardWrapperValve.invoke Servlet.service() for servlet [jsp] in context with path [/chap09] threw exception [java.lang.ClassNotFoundException: org.apache.jsp.makeCookieUsingCookies_jsp] with root cause
 java.lang.ClassNotFoundException: org.apache.jsp.makeCookieUsingCookies_jsp
	at java.base/java.net.URLClassLoader.findClass(URLClassLoader.java:445)
	at org.apache.jasper.servlet.JasperLoader.loadClass(JasperLoader.java:129)
	at org.apache.jasper.servlet.JasperLoader.loadClass(JasperLoader.java:60)
	at org.apache.catalina.core.DefaultInstanceManager.newInstance(DefaultInstanceManager.java:127)
	at org.apache.jasper.servlet.JspServletWrapper.getServlet(JspServletWrapper.java:171)
	at org.apache.jasper.servlet.JspServletWrapper.service(JspServletWrapper.java:380)
	at org.apache.jasper.servlet.JspServlet.serviceJspFile(JspServlet.java:385)
	at org.apache.jasper.servlet.JspServlet.service(JspServlet.java:329)
	at javax.servlet.http.HttpServlet.service(HttpServlet.java:729)
	at org.apache.catalina.core.ApplicationFilterChain.internalDoFilter(ApplicationFilterChain.java:230)
	at org.apache.catalina.core.ApplicationFilterChain.doFilter(ApplicationFilterChain.java:165)
	at org.apache.tomcat.websocket.server.WsFilter.doFilter(WsFilter.java:52)
	at org.apache.catalina.core.ApplicationFilterChain.internalDoFilter(ApplicationFilterChain.java:192)
	at org.apache.catalina.core.ApplicationFilterChain.doFilter(ApplicationFilterChain.java:165)
	at org.apache.catalina.core.StandardWrapperValve.invoke(StandardWrapperValve.java:198)
	at org.apache.catalina.core.StandardContextValve.invoke(StandardContextValve.java:96)
	at org.apache.catalina.authenticator.AuthenticatorBase.invoke(AuthenticatorBase.java:474)
	at org.apache.catalina.core.StandardHostValve.invoke(StandardHostValve.java:140)
	at org.apache.catalina.valves.ErrorReportValve.invoke(ErrorReportValve.java:79)
	at org.apache.catalina.valves.AbstractAccessLogValve.invoke(AbstractAccessLogValve.java:624)
	at org.apache.catalina.core.StandardEngineValve.invoke(StandardEngineValve.java:87)
	at org.apache.catalina.connector.CoyoteAdapter.service(CoyoteAdapter.java:349)
	at org.apache.coyote.http11.Http11Processor.service(Http11Processor.java:783)
	at org.apache.coyote.AbstractProcessorLight.process(AbstractProcessorLight.java:66)
	at org.apache.coyote.AbstractProtocol$ConnectionHandler.process(AbstractProtocol.java:789)
	at org.apache.tomcat.util.net.NioEndpoint$SocketProcessor.doRun(NioEndpoint.java:1437)
	at org.apache.tomcat.util.net.SocketProcessorBase.run(SocketProcessorBase.java:49)
	at java.base/java.util.concurrent.ThreadPoolExecutor.runWorker(ThreadPoolExecutor.java:1136)
	at java.base/java.util.concurrent.ThreadPoolExecutor$Worker.run(ThreadPoolExecutor.java:635)
	at org.apache.tomcat.util.threads.TaskThread$WrappingRunnable.run(TaskThread.java:61)
	at java.base/java.lang.Thread.run(Thread.java:833)

20-Nov-2023 17:49:20.078 심각 [http-nio-8080-exec-5] org.apache.catalina.core.StandardWrapperValve.invoke Servlet.service() for servlet [jsp] in context with path [/chap09] threw exception [Unable to compile class for JSP: 

An error occurred at line: 4 in the jsp file: /makeCookieUsingCookies.jsp
Cookies cannot be resolved
1: <%@ page contentType="text/html; charset=utf-8" %>
2: <%@ page import="util.Cookies.*" %>
3: <%
4:     response.addCookie(Cookies.createCookie("name", "최범균"));
5:     response.addCookie(Cookies.createCookie("id", "madvirus", "/chap09", -1));
6: %>
7: <html>


An error occurred at line: 5 in the jsp file: /makeCookieUsingCookies.jsp
Cookies cannot be resolved
2: <%@ page import="util.Cookies.*" %>
3: <%
4:     response.addCookie(Cookies.createCookie("name", "최범균"));
5:     response.addCookie(Cookies.createCookie("id", "madvirus", "/chap09", -1));
6: %>
7: <html>
8: <head><title>Cookie 사용 예</title></head>


Stacktrace:] with root cause
 org.apache.jasper.JasperException: Unable to compile class for JSP: 

An error occurred at line: 4 in the jsp file: /makeCookieUsingCookies.jsp
Cookies cannot be resolved
1: <%@ page contentType="text/html; charset=utf-8" %>
2: <%@ page import="util.Cookies.*" %>
3: <%
4:     response.addCookie(Cookies.createCookie("name", "최범균"));
5:     response.addCookie(Cookies.createCookie("id", "madvirus", "/chap09", -1));
6: %>
7: <html>


An error occurred at line: 5 in the jsp file: /makeCookieUsingCookies.jsp
Cookies cannot be resolved
2: <%@ page import="util.Cookies.*" %>
3: <%
4:     response.addCookie(Cookies.createCookie("name", "최범균"));
5:     response.addCookie(Cookies.createCookie("id", "madvirus", "/chap09", -1));
6: %>
7: <html>
8: <head><title>Cookie 사용 예</title></head>


Stacktrace:
	at org.apache.jasper.compiler.DefaultErrorHandler.javacError(DefaultErrorHandler.java:102)
	at org.apache.jasper.compiler.ErrorDispatcher.javacError(ErrorDispatcher.java:212)
	at org.apache.jasper.compiler.JDTCompiler.generateClass(JDTCompiler.java:457)
	at org.apache.jasper.compiler.Compiler.compile(Compiler.java:377)
	at org.apache.jasper.compiler.Compiler.compile(Compiler.java:349)
	at org.apache.jasper.compiler.Compiler.compile(Compiler.java:333)
	at org.apache.jasper.JspCompilationContext.compile(JspCompilationContext.java:600)
	at org.apache.jasper.servlet.JspServletWrapper.service(JspServletWrapper.java:368)
	at org.apache.jasper.servlet.JspServlet.serviceJspFile(JspServlet.java:385)
	at org.apache.jasper.servlet.JspServlet.service(JspServlet.java:329)
	at javax.servlet.http.HttpServlet.service(HttpServlet.java:729)
	at org.apache.catalina.core.ApplicationFilterChain.internalDoFilter(ApplicationFilterChain.java:230)
	at org.apache.catalina.core.ApplicationFilterChain.doFilter(ApplicationFilterChain.java:165)
	at org.apache.tomcat.websocket.server.WsFilter.doFilter(WsFilter.java:52)
	at org.apache.catalina.core.ApplicationFilterChain.internalDoFilter(ApplicationFilterChain.java:192)
	at org.apache.catalina.core.ApplicationFilterChain.doFilter(ApplicationFilterChain.java:165)
	at org.apache.catalina.core.StandardWrapperValve.invoke(StandardWrapperValve.java:198)
	at org.apache.catalina.core.StandardContextValve.invoke(StandardContextValve.java:96)
	at org.apache.catalina.authenticator.AuthenticatorBase.invoke(AuthenticatorBase.java:474)
	at org.apache.catalina.core.StandardHostValve.invoke(StandardHostValve.java:140)
	at org.apache.catalina.valves.ErrorReportValve.invoke(ErrorReportValve.java:79)
	at org.apache.catalina.valves.AbstractAccessLogValve.invoke(AbstractAccessLogValve.java:624)
	at org.apache.catalina.core.StandardEngineValve.invoke(StandardEngineValve.java:87)
	at org.apache.catalina.connector.CoyoteAdapter.service(CoyoteAdapter.java:349)
	at org.apache.coyote.http11.Http11Processor.service(Http11Processor.java:783)
	at org.apache.coyote.AbstractProcessorLight.process(AbstractProcessorLight.java:66)
	at org.apache.coyote.AbstractProtocol$ConnectionHandler.process(AbstractProtocol.java:789)
	at org.apache.tomcat.util.net.NioEndpoint$SocketProcessor.doRun(NioEndpoint.java:1437)
	at org.apache.tomcat.util.net.SocketProcessorBase.run(SocketProcessorBase.java:49)
	at java.base/java.util.concurrent.ThreadPoolExecutor.runWorker(ThreadPoolExecutor.java:1136)
	at java.base/java.util.concurrent.ThreadPoolExecutor$Worker.run(ThreadPoolExecutor.java:635)
	at org.apache.tomcat.util.threads.TaskThread$WrappingRunnable.run(TaskThread.java:61)
	at java.base/java.lang.Thread.run(Thread.java:833)

20-Nov-2023 17:50:53.755 심각 [http-nio-8080-exec-6] org.apache.catalina.core.StandardWrapperValve.invoke Servlet.service() for servlet [jsp] in context with path [/chap09] threw exception [Unable to compile class for JSP: 

An error occurred at line: [14] in the generated java file: [/Users/kimzoo/study/apache-tomcat-8.5.9/work/Catalina/localhost/chap09/org/apache/jsp/makeCookieUsingCookies_jsp.java]
Only a type can be imported. util.Cookies resolves to a package

An error occurred at line: 4 in the jsp file: /makeCookieUsingCookies.jsp
util.Cookies cannot be resolved to a type
1: <%@ page contentType="text/html; charset=utf-8" %>
2: <%@ page import="util.Cookies" %>
3: <%
4:     response.addCookie(util.Cookies.createCookie("name", "최범균"));
5:     response.addCookie(util.Cookies.createCookie("id", "madvirus", "/chap09", -1));
6: %>
7: <html>


An error occurred at line: 5 in the jsp file: /makeCookieUsingCookies.jsp
util.Cookies cannot be resolved to a type
2: <%@ page import="util.Cookies" %>
3: <%
4:     response.addCookie(util.Cookies.createCookie("name", "최범균"));
5:     response.addCookie(util.Cookies.createCookie("id", "madvirus", "/chap09", -1));
6: %>
7: <html>
8: <head><title>Cookie 사용 예</title></head>


Stacktrace:] with root cause
 org.apache.jasper.JasperException: Unable to compile class for JSP: 

An error occurred at line: [14] in the generated java file: [/Users/kimzoo/study/apache-tomcat-8.5.9/work/Catalina/localhost/chap09/org/apache/jsp/makeCookieUsingCookies_jsp.java]
Only a type can be imported. util.Cookies resolves to a package

An error occurred at line: 4 in the jsp file: /makeCookieUsingCookies.jsp
util.Cookies cannot be resolved to a type
1: <%@ page contentType="text/html; charset=utf-8" %>
2: <%@ page import="util.Cookies" %>
3: <%
4:     response.addCookie(util.Cookies.createCookie("name", "최범균"));
5:     response.addCookie(util.Cookies.createCookie("id", "madvirus", "/chap09", -1));
6: %>
7: <html>


An error occurred at line: 5 in the jsp file: /makeCookieUsingCookies.jsp
util.Cookies cannot be resolved to a type
2: <%@ page import="util.Cookies" %>
3: <%
4:     response.addCookie(util.Cookies.createCookie("name", "최범균"));
5:     response.addCookie(util.Cookies.createCookie("id", "madvirus", "/chap09", -1));
6: %>
7: <html>
8: <head><title>Cookie 사용 예</title></head>


Stacktrace:
	at org.apache.jasper.compiler.DefaultErrorHandler.javacError(DefaultErrorHandler.java:102)
	at org.apache.jasper.compiler.ErrorDispatcher.javacError(ErrorDispatcher.java:212)
	at org.apache.jasper.compiler.JDTCompiler.generateClass(JDTCompiler.java:457)
	at org.apache.jasper.compiler.Compiler.compile(Compiler.java:377)
	at org.apache.jasper.compiler.Compiler.compile(Compiler.java:349)
	at org.apache.jasper.compiler.Compiler.compile(Compiler.java:333)
	at org.apache.jasper.JspCompilationContext.compile(JspCompilationContext.java:600)
	at org.apache.jasper.servlet.JspServletWrapper.service(JspServletWrapper.java:368)
	at org.apache.jasper.servlet.JspServlet.serviceJspFile(JspServlet.java:385)
	at org.apache.jasper.servlet.JspServlet.service(JspServlet.java:329)
	at javax.servlet.http.HttpServlet.service(HttpServlet.java:729)
	at org.apache.catalina.core.ApplicationFilterChain.internalDoFilter(ApplicationFilterChain.java:230)
	at org.apache.catalina.core.ApplicationFilterChain.doFilter(ApplicationFilterChain.java:165)
	at org.apache.tomcat.websocket.server.WsFilter.doFilter(WsFilter.java:52)
	at org.apache.catalina.core.ApplicationFilterChain.internalDoFilter(ApplicationFilterChain.java:192)
	at org.apache.catalina.core.ApplicationFilterChain.doFilter(ApplicationFilterChain.java:165)
	at org.apache.catalina.core.StandardWrapperValve.invoke(StandardWrapperValve.java:198)
	at org.apache.catalina.core.StandardContextValve.invoke(StandardContextValve.java:96)
	at org.apache.catalina.authenticator.AuthenticatorBase.invoke(AuthenticatorBase.java:474)
	at org.apache.catalina.core.StandardHostValve.invoke(StandardHostValve.java:140)
	at org.apache.catalina.valves.ErrorReportValve.invoke(ErrorReportValve.java:79)
	at org.apache.catalina.valves.AbstractAccessLogValve.invoke(AbstractAccessLogValve.java:624)
	at org.apache.catalina.core.StandardEngineValve.invoke(StandardEngineValve.java:87)
	at org.apache.catalina.connector.CoyoteAdapter.service(CoyoteAdapter.java:349)
	at org.apache.coyote.http11.Http11Processor.service(Http11Processor.java:783)
	at org.apache.coyote.AbstractProcessorLight.process(AbstractProcessorLight.java:66)
	at org.apache.coyote.AbstractProtocol$ConnectionHandler.process(AbstractProtocol.java:789)
	at org.apache.tomcat.util.net.NioEndpoint$SocketProcessor.doRun(NioEndpoint.java:1437)
	at org.apache.tomcat.util.net.SocketProcessorBase.run(SocketProcessorBase.java:49)
	at java.base/java.util.concurrent.ThreadPoolExecutor.runWorker(ThreadPoolExecutor.java:1136)
	at java.base/java.util.concurrent.ThreadPoolExecutor$Worker.run(ThreadPoolExecutor.java:635)
	at org.apache.tomcat.util.threads.TaskThread$WrappingRunnable.run(TaskThread.java:61)
	at java.base/java.lang.Thread.run(Thread.java:833)

20-Nov-2023 17:52:37.986 심각 [http-nio-8080-exec-7] org.apache.catalina.core.StandardWrapperValve.invoke Servlet.service() for servlet [jsp] in context with path [/chap09] threw exception [Unable to compile class for JSP: 

An error occurred at line: [14] in the generated java file: [/Users/kimzoo/study/apache-tomcat-8.5.9/work/Catalina/localhost/chap09/org/apache/jsp/makeCookieUsingCookies_jsp.java]
Only a type can be imported. util.Cookies resolves to a package

An error occurred at line: 4 in the jsp file: /makeCookieUsingCookies.jsp
util.Cookies cannot be resolved to a type
1: <%@ page contentType="text/html; charset=utf-8" %>
2: <%@ page import="util.Cookies" %>
3: <%
4:     response.addCookie(util.Cookies.createCookie("name", "최범균"));
5:     response.addCookie(util.Cookies.createCookie("id", "madvirus", "/chap09", -1));
6: %>
7: <html>


An error occurred at line: 5 in the jsp file: /makeCookieUsingCookies.jsp
util.Cookies cannot be resolved to a type
2: <%@ page import="util.Cookies" %>
3: <%
4:     response.addCookie(util.Cookies.createCookie("name", "최범균"));
5:     response.addCookie(util.Cookies.createCookie("id", "madvirus", "/chap09", -1));
6: %>
7: <html>
8: <head><title>Cookie 사용 예</title></head>


Stacktrace:] with root cause
 org.apache.jasper.JasperException: Unable to compile class for JSP: 

An error occurred at line: [14] in the generated java file: [/Users/kimzoo/study/apache-tomcat-8.5.9/work/Catalina/localhost/chap09/org/apache/jsp/makeCookieUsingCookies_jsp.java]
Only a type can be imported. util.Cookies resolves to a package

An error occurred at line: 4 in the jsp file: /makeCookieUsingCookies.jsp
util.Cookies cannot be resolved to a type
1: <%@ page contentType="text/html; charset=utf-8" %>
2: <%@ page import="util.Cookies" %>
3: <%
4:     response.addCookie(util.Cookies.createCookie("name", "최범균"));
5:     response.addCookie(util.Cookies.createCookie("id", "madvirus", "/chap09", -1));
6: %>
7: <html>


An error occurred at line: 5 in the jsp file: /makeCookieUsingCookies.jsp
util.Cookies cannot be resolved to a type
2: <%@ page import="util.Cookies" %>
3: <%
4:     response.addCookie(util.Cookies.createCookie("name", "최범균"));
5:     response.addCookie(util.Cookies.createCookie("id", "madvirus", "/chap09", -1));
6: %>
7: <html>
8: <head><title>Cookie 사용 예</title></head>


Stacktrace:
	at org.apache.jasper.compiler.DefaultErrorHandler.javacError(DefaultErrorHandler.java:102)
	at org.apache.jasper.compiler.ErrorDispatcher.javacError(ErrorDispatcher.java:212)
	at org.apache.jasper.compiler.JDTCompiler.generateClass(JDTCompiler.java:457)
	at org.apache.jasper.compiler.Compiler.compile(Compiler.java:377)
	at org.apache.jasper.compiler.Compiler.compile(Compiler.java:349)
	at org.apache.jasper.compiler.Compiler.compile(Compiler.java:333)
	at org.apache.jasper.JspCompilationContext.compile(JspCompilationContext.java:600)
	at org.apache.jasper.servlet.JspServletWrapper.service(JspServletWrapper.java:368)
	at org.apache.jasper.servlet.JspServlet.serviceJspFile(JspServlet.java:385)
	at org.apache.jasper.servlet.JspServlet.service(JspServlet.java:329)
	at javax.servlet.http.HttpServlet.service(HttpServlet.java:729)
	at org.apache.catalina.core.ApplicationFilterChain.internalDoFilter(ApplicationFilterChain.java:230)
	at org.apache.catalina.core.ApplicationFilterChain.doFilter(ApplicationFilterChain.java:165)
	at org.apache.tomcat.websocket.server.WsFilter.doFilter(WsFilter.java:52)
	at org.apache.catalina.core.ApplicationFilterChain.internalDoFilter(ApplicationFilterChain.java:192)
	at org.apache.catalina.core.ApplicationFilterChain.doFilter(ApplicationFilterChain.java:165)
	at org.apache.catalina.core.StandardWrapperValve.invoke(StandardWrapperValve.java:198)
	at org.apache.catalina.core.StandardContextValve.invoke(StandardContextValve.java:96)
	at org.apache.catalina.authenticator.AuthenticatorBase.invoke(AuthenticatorBase.java:474)
	at org.apache.catalina.core.StandardHostValve.invoke(StandardHostValve.java:140)
	at org.apache.catalina.valves.ErrorReportValve.invoke(ErrorReportValve.java:79)
	at org.apache.catalina.valves.AbstractAccessLogValve.invoke(AbstractAccessLogValve.java:624)
	at org.apache.catalina.core.StandardEngineValve.invoke(StandardEngineValve.java:87)
	at org.apache.catalina.connector.CoyoteAdapter.service(CoyoteAdapter.java:349)
	at org.apache.coyote.http11.Http11Processor.service(Http11Processor.java:783)
	at org.apache.coyote.AbstractProcessorLight.process(AbstractProcessorLight.java:66)
	at org.apache.coyote.AbstractProtocol$ConnectionHandler.process(AbstractProtocol.java:789)
	at org.apache.tomcat.util.net.NioEndpoint$SocketProcessor.doRun(NioEndpoint.java:1437)
	at org.apache.tomcat.util.net.SocketProcessorBase.run(SocketProcessorBase.java:49)
	at java.base/java.util.concurrent.ThreadPoolExecutor.runWorker(ThreadPoolExecutor.java:1136)
	at java.base/java.util.concurrent.ThreadPoolExecutor$Worker.run(ThreadPoolExecutor.java:635)
	at org.apache.tomcat.util.threads.TaskThread$WrappingRunnable.run(TaskThread.java:61)
	at java.base/java.lang.Thread.run(Thread.java:833)

20-Nov-2023 17:55:19.811 정보 [localhost-startStop-1] org.apache.catalina.core.ApplicationContext.log ContextListener: contextInitialized()
20-Nov-2023 17:55:19.811 정보 [localhost-startStop-1] org.apache.catalina.core.ApplicationContext.log SessionListener: contextInitialized()
20-Nov-2023 17:55:20.072 정보 [localhost-startStop-1] org.apache.catalina.core.ApplicationContext.log SessionListener: contextDestroyed()
20-Nov-2023 17:55:20.072 정보 [localhost-startStop-1] org.apache.catalina.core.ApplicationContext.log ContextListener: contextDestroyed()
20-Nov-2023 17:55:30.317 정보 [localhost-startStop-2] org.apache.catalina.core.ApplicationContext.log SessionListener: contextDestroyed()
20-Nov-2023 17:55:30.317 정보 [localhost-startStop-2] org.apache.catalina.core.ApplicationContext.log ContextListener: contextDestroyed()
20-Nov-2023 17:55:34.618 정보 [localhost-startStop-1] org.apache.catalina.core.ApplicationContext.log ContextListener: contextInitialized()
20-Nov-2023 17:55:34.618 정보 [localhost-startStop-1] org.apache.catalina.core.ApplicationContext.log SessionListener: contextInitialized()
20-Nov-2023 17:55:40.532 심각 [http-nio-8080-exec-1] org.apache.catalina.core.StandardWrapperValve.invoke Servlet.service() for servlet [jsp] in context with path [/chap09] threw exception [Unable to compile class for JSP: 

An error occurred at line: [14] in the generated java file: [/Users/kimzoo/study/apache-tomcat-8.5.9/work/Catalina/localhost/chap09/org/apache/jsp/makeCookieUsingCookies_jsp.java]
Only a type can be imported. util.Cookies resolves to a package

An error occurred at line: 4 in the jsp file: /makeCookieUsingCookies.jsp
util.Cookies cannot be resolved to a type
1: <%@ page contentType="text/html; charset=utf-8" %>
2: <%@ page import="util.Cookies" %>
3: <%
4:     response.addCookie(util.Cookies.createCookie("name", "최범균"));
5:     response.addCookie(util.Cookies.createCookie("id", "madvirus", "/chap09", -1));
6: %>
7: <html>


An error occurred at line: 5 in the jsp file: /makeCookieUsingCookies.jsp
util.Cookies cannot be resolved to a type
2: <%@ page import="util.Cookies" %>
3: <%
4:     response.addCookie(util.Cookies.createCookie("name", "최범균"));
5:     response.addCookie(util.Cookies.createCookie("id", "madvirus", "/chap09", -1));
6: %>
7: <html>
8: <head><title>Cookie 사용 예</title></head>


Stacktrace:] with root cause
 org.apache.jasper.JasperException: Unable to compile class for JSP: 

An error occurred at line: [14] in the generated java file: [/Users/kimzoo/study/apache-tomcat-8.5.9/work/Catalina/localhost/chap09/org/apache/jsp/makeCookieUsingCookies_jsp.java]
Only a type can be imported. util.Cookies resolves to a package

An error occurred at line: 4 in the jsp file: /makeCookieUsingCookies.jsp
util.Cookies cannot be resolved to a type
1: <%@ page contentType="text/html; charset=utf-8" %>
2: <%@ page import="util.Cookies" %>
3: <%
4:     response.addCookie(util.Cookies.createCookie("name", "최범균"));
5:     response.addCookie(util.Cookies.createCookie("id", "madvirus", "/chap09", -1));
6: %>
7: <html>


An error occurred at line: 5 in the jsp file: /makeCookieUsingCookies.jsp
util.Cookies cannot be resolved to a type
2: <%@ page import="util.Cookies" %>
3: <%
4:     response.addCookie(util.Cookies.createCookie("name", "최범균"));
5:     response.addCookie(util.Cookies.createCookie("id", "madvirus", "/chap09", -1));
6: %>
7: <html>
8: <head><title>Cookie 사용 예</title></head>


Stacktrace:
	at org.apache.jasper.compiler.DefaultErrorHandler.javacError(DefaultErrorHandler.java:102)
	at org.apache.jasper.compiler.ErrorDispatcher.javacError(ErrorDispatcher.java:212)
	at org.apache.jasper.compiler.JDTCompiler.generateClass(JDTCompiler.java:457)
	at org.apache.jasper.compiler.Compiler.compile(Compiler.java:377)
	at org.apache.jasper.compiler.Compiler.compile(Compiler.java:349)
	at org.apache.jasper.compiler.Compiler.compile(Compiler.java:333)
	at org.apache.jasper.JspCompilationContext.compile(JspCompilationContext.java:600)
	at org.apache.jasper.servlet.JspServletWrapper.service(JspServletWrapper.java:368)
	at org.apache.jasper.servlet.JspServlet.serviceJspFile(JspServlet.java:385)
	at org.apache.jasper.servlet.JspServlet.service(JspServlet.java:329)
	at javax.servlet.http.HttpServlet.service(HttpServlet.java:729)
	at org.apache.catalina.core.ApplicationFilterChain.internalDoFilter(ApplicationFilterChain.java:230)
	at org.apache.catalina.core.ApplicationFilterChain.doFilter(ApplicationFilterChain.java:165)
	at org.apache.tomcat.websocket.server.WsFilter.doFilter(WsFilter.java:52)
	at org.apache.catalina.core.ApplicationFilterChain.internalDoFilter(ApplicationFilterChain.java:192)
	at org.apache.catalina.core.ApplicationFilterChain.doFilter(ApplicationFilterChain.java:165)
	at org.apache.catalina.core.StandardWrapperValve.invoke(StandardWrapperValve.java:198)
	at org.apache.catalina.core.StandardContextValve.invoke(StandardContextValve.java:96)
	at org.apache.catalina.authenticator.AuthenticatorBase.invoke(AuthenticatorBase.java:474)
	at org.apache.catalina.core.StandardHostValve.invoke(StandardHostValve.java:140)
	at org.apache.catalina.valves.ErrorReportValve.invoke(ErrorReportValve.java:79)
	at org.apache.catalina.valves.AbstractAccessLogValve.invoke(AbstractAccessLogValve.java:624)
	at org.apache.catalina.core.StandardEngineValve.invoke(StandardEngineValve.java:87)
	at org.apache.catalina.connector.CoyoteAdapter.service(CoyoteAdapter.java:349)
	at org.apache.coyote.http11.Http11Processor.service(Http11Processor.java:783)
	at org.apache.coyote.AbstractProcessorLight.process(AbstractProcessorLight.java:66)
	at org.apache.coyote.AbstractProtocol$ConnectionHandler.process(AbstractProtocol.java:789)
	at org.apache.tomcat.util.net.NioEndpoint$SocketProcessor.doRun(NioEndpoint.java:1437)
	at org.apache.tomcat.util.net.SocketProcessorBase.run(SocketProcessorBase.java:49)
	at java.base/java.util.concurrent.ThreadPoolExecutor.runWorker(ThreadPoolExecutor.java:1136)
	at java.base/java.util.concurrent.ThreadPoolExecutor$Worker.run(ThreadPoolExecutor.java:635)
	at org.apache.tomcat.util.threads.TaskThread$WrappingRunnable.run(TaskThread.java:61)
	at java.base/java.lang.Thread.run(Thread.java:833)

20-Nov-2023 18:13:26.358 정보 [localhost-startStop-2] org.apache.catalina.core.ApplicationContext.log SessionListener: contextDestroyed()
20-Nov-2023 18:13:26.358 정보 [localhost-startStop-2] org.apache.catalina.core.ApplicationContext.log ContextListener: contextDestroyed()
20-Nov-2023 18:13:30.044 정보 [localhost-startStop-1] org.apache.catalina.core.ApplicationContext.log ContextListener: contextInitialized()
20-Nov-2023 18:13:30.044 정보 [localhost-startStop-1] org.apache.catalina.core.ApplicationContext.log SessionListener: contextInitialized()
20-Nov-2023 18:13:42.851 심각 [http-nio-8080-exec-1] org.apache.catalina.core.StandardWrapperValve.invoke Servlet.service() for servlet [jsp] in context with path [/chap09] threw exception [Unable to compile class for JSP: 

An error occurred at line: [14] in the generated java file: [/Users/kimzoo/study/apache-tomcat-8.5.9/work/Catalina/localhost/chap09/org/apache/jsp/makeCookieUsingCookies_jsp.java]
Only a type can be imported. util.Cookies resolves to a package

An error occurred at line: 4 in the jsp file: /makeCookieUsingCookies.jsp
util.Cookies cannot be resolved to a type
1: <%@ page contentType="text/html; charset=utf-8" %>
2: <%@ page import="util.Cookies" %>
3: <%
4:     response.addCookie(util.Cookies.createCookie("name", "최범균"));
5:     response.addCookie(util.Cookies.createCookie("id", "madvirus", "/chap09", -1));
6: %>
7: <html>


An error occurred at line: 5 in the jsp file: /makeCookieUsingCookies.jsp
util.Cookies cannot be resolved to a type
2: <%@ page import="util.Cookies" %>
3: <%
4:     response.addCookie(util.Cookies.createCookie("name", "최범균"));
5:     response.addCookie(util.Cookies.createCookie("id", "madvirus", "/chap09", -1));
6: %>
7: <html>
8: <head><title>Cookie 사용 예</title></head>


Stacktrace:] with root cause
 org.apache.jasper.JasperException: Unable to compile class for JSP: 

An error occurred at line: [14] in the generated java file: [/Users/kimzoo/study/apache-tomcat-8.5.9/work/Catalina/localhost/chap09/org/apache/jsp/makeCookieUsingCookies_jsp.java]
Only a type can be imported. util.Cookies resolves to a package

An error occurred at line: 4 in the jsp file: /makeCookieUsingCookies.jsp
util.Cookies cannot be resolved to a type
1: <%@ page contentType="text/html; charset=utf-8" %>
2: <%@ page import="util.Cookies" %>
3: <%
4:     response.addCookie(util.Cookies.createCookie("name", "최범균"));
5:     response.addCookie(util.Cookies.createCookie("id", "madvirus", "/chap09", -1));
6: %>
7: <html>


An error occurred at line: 5 in the jsp file: /makeCookieUsingCookies.jsp
util.Cookies cannot be resolved to a type
2: <%@ page import="util.Cookies" %>
3: <%
4:     response.addCookie(util.Cookies.createCookie("name", "최범균"));
5:     response.addCookie(util.Cookies.createCookie("id", "madvirus", "/chap09", -1));
6: %>
7: <html>
8: <head><title>Cookie 사용 예</title></head>


Stacktrace:
	at org.apache.jasper.compiler.DefaultErrorHandler.javacError(DefaultErrorHandler.java:102)
	at org.apache.jasper.compiler.ErrorDispatcher.javacError(ErrorDispatcher.java:212)
	at org.apache.jasper.compiler.JDTCompiler.generateClass(JDTCompiler.java:457)
	at org.apache.jasper.compiler.Compiler.compile(Compiler.java:377)
	at org.apache.jasper.compiler.Compiler.compile(Compiler.java:349)
	at org.apache.jasper.compiler.Compiler.compile(Compiler.java:333)
	at org.apache.jasper.JspCompilationContext.compile(JspCompilationContext.java:600)
	at org.apache.jasper.servlet.JspServletWrapper.service(JspServletWrapper.java:368)
	at org.apache.jasper.servlet.JspServlet.serviceJspFile(JspServlet.java:385)
	at org.apache.jasper.servlet.JspServlet.service(JspServlet.java:329)
	at javax.servlet.http.HttpServlet.service(HttpServlet.java:729)
	at org.apache.catalina.core.ApplicationFilterChain.internalDoFilter(ApplicationFilterChain.java:230)
	at org.apache.catalina.core.ApplicationFilterChain.doFilter(ApplicationFilterChain.java:165)
	at org.apache.tomcat.websocket.server.WsFilter.doFilter(WsFilter.java:52)
	at org.apache.catalina.core.ApplicationFilterChain.internalDoFilter(ApplicationFilterChain.java:192)
	at org.apache.catalina.core.ApplicationFilterChain.doFilter(ApplicationFilterChain.java:165)
	at org.apache.catalina.core.StandardWrapperValve.invoke(StandardWrapperValve.java:198)
	at org.apache.catalina.core.StandardContextValve.invoke(StandardContextValve.java:96)
	at org.apache.catalina.authenticator.AuthenticatorBase.invoke(AuthenticatorBase.java:474)
	at org.apache.catalina.core.StandardHostValve.invoke(StandardHostValve.java:140)
	at org.apache.catalina.valves.ErrorReportValve.invoke(ErrorReportValve.java:79)
	at org.apache.catalina.valves.AbstractAccessLogValve.invoke(AbstractAccessLogValve.java:624)
	at org.apache.catalina.core.StandardEngineValve.invoke(StandardEngineValve.java:87)
	at org.apache.catalina.connector.CoyoteAdapter.service(CoyoteAdapter.java:349)
	at org.apache.coyote.http11.Http11Processor.service(Http11Processor.java:783)
	at org.apache.coyote.AbstractProcessorLight.process(AbstractProcessorLight.java:66)
	at org.apache.coyote.AbstractProtocol$ConnectionHandler.process(AbstractProtocol.java:789)
	at org.apache.tomcat.util.net.NioEndpoint$SocketProcessor.doRun(NioEndpoint.java:1437)
	at org.apache.tomcat.util.net.SocketProcessorBase.run(SocketProcessorBase.java:49)
	at java.base/java.util.concurrent.ThreadPoolExecutor.runWorker(ThreadPoolExecutor.java:1136)
	at java.base/java.util.concurrent.ThreadPoolExecutor$Worker.run(ThreadPoolExecutor.java:635)
	at org.apache.tomcat.util.threads.TaskThread$WrappingRunnable.run(TaskThread.java:61)
	at java.base/java.lang.Thread.run(Thread.java:833)

20-Nov-2023 18:15:07.613 정보 [localhost-startStop-2] org.apache.catalina.core.ApplicationContext.log SessionListener: contextDestroyed()
20-Nov-2023 18:15:07.613 정보 [localhost-startStop-2] org.apache.catalina.core.ApplicationContext.log ContextListener: contextDestroyed()
20-Nov-2023 18:15:12.315 정보 [localhost-startStop-1] org.apache.catalina.core.ApplicationContext.log ContextListener: contextInitialized()
20-Nov-2023 18:15:12.316 정보 [localhost-startStop-1] org.apache.catalina.core.ApplicationContext.log SessionListener: contextInitialized()
20-Nov-2023 18:27:07.454 심각 [http-nio-8080-exec-1] org.apache.catalina.core.StandardWrapperValve.invoke Servlet.service() for servlet [jsp] in context with path [/chap09] threw exception [Unable to compile class for JSP: 

An error occurred at line: [14] in the generated java file: [/Users/kimzoo/study/apache-tomcat-8.5.9/work/Catalina/localhost/chap09/org/apache/jsp/makeCookieUsingCookies_jsp.java]
Only a type can be imported. util.Cookies resolves to a package

An error occurred at line: 4 in the jsp file: /makeCookieUsingCookies.jsp
util.Cookies cannot be resolved to a type
1: <%@ page contentType="text/html; charset=utf-8" %>
2: <%@ page import="util.Cookies" %>
3: <%
4:     response.addCookie(util.Cookies.createCookie("name", "최범균"));
5:     response.addCookie(util.Cookies.createCookie("id", "madvirus", "/chap09", -1));
6: %>
7: <html>


An error occurred at line: 5 in the jsp file: /makeCookieUsingCookies.jsp
util.Cookies cannot be resolved to a type
2: <%@ page import="util.Cookies" %>
3: <%
4:     response.addCookie(util.Cookies.createCookie("name", "최범균"));
5:     response.addCookie(util.Cookies.createCookie("id", "madvirus", "/chap09", -1));
6: %>
7: <html>
8: <head><title>Cookie 사용 예</title></head>


Stacktrace:] with root cause
 org.apache.jasper.JasperException: Unable to compile class for JSP: 

An error occurred at line: [14] in the generated java file: [/Users/kimzoo/study/apache-tomcat-8.5.9/work/Catalina/localhost/chap09/org/apache/jsp/makeCookieUsingCookies_jsp.java]
Only a type can be imported. util.Cookies resolves to a package

An error occurred at line: 4 in the jsp file: /makeCookieUsingCookies.jsp
util.Cookies cannot be resolved to a type
1: <%@ page contentType="text/html; charset=utf-8" %>
2: <%@ page import="util.Cookies" %>
3: <%
4:     response.addCookie(util.Cookies.createCookie("name", "최범균"));
5:     response.addCookie(util.Cookies.createCookie("id", "madvirus", "/chap09", -1));
6: %>
7: <html>


An error occurred at line: 5 in the jsp file: /makeCookieUsingCookies.jsp
util.Cookies cannot be resolved to a type
2: <%@ page import="util.Cookies" %>
3: <%
4:     response.addCookie(util.Cookies.createCookie("name", "최범균"));
5:     response.addCookie(util.Cookies.createCookie("id", "madvirus", "/chap09", -1));
6: %>
7: <html>
8: <head><title>Cookie 사용 예</title></head>


Stacktrace:
	at org.apache.jasper.compiler.DefaultErrorHandler.javacError(DefaultErrorHandler.java:102)
	at org.apache.jasper.compiler.ErrorDispatcher.javacError(ErrorDispatcher.java:212)
	at org.apache.jasper.compiler.JDTCompiler.generateClass(JDTCompiler.java:457)
	at org.apache.jasper.compiler.Compiler.compile(Compiler.java:377)
	at org.apache.jasper.compiler.Compiler.compile(Compiler.java:349)
	at org.apache.jasper.compiler.Compiler.compile(Compiler.java:333)
	at org.apache.jasper.JspCompilationContext.compile(JspCompilationContext.java:600)
	at org.apache.jasper.servlet.JspServletWrapper.service(JspServletWrapper.java:368)
	at org.apache.jasper.servlet.JspServlet.serviceJspFile(JspServlet.java:385)
	at org.apache.jasper.servlet.JspServlet.service(JspServlet.java:329)
	at javax.servlet.http.HttpServlet.service(HttpServlet.java:729)
	at org.apache.catalina.core.ApplicationFilterChain.internalDoFilter(ApplicationFilterChain.java:230)
	at org.apache.catalina.core.ApplicationFilterChain.doFilter(ApplicationFilterChain.java:165)
	at org.apache.tomcat.websocket.server.WsFilter.doFilter(WsFilter.java:52)
	at org.apache.catalina.core.ApplicationFilterChain.internalDoFilter(ApplicationFilterChain.java:192)
	at org.apache.catalina.core.ApplicationFilterChain.doFilter(ApplicationFilterChain.java:165)
	at org.apache.catalina.core.StandardWrapperValve.invoke(StandardWrapperValve.java:198)
	at org.apache.catalina.core.StandardContextValve.invoke(StandardContextValve.java:96)
	at org.apache.catalina.authenticator.AuthenticatorBase.invoke(AuthenticatorBase.java:474)
	at org.apache.catalina.core.StandardHostValve.invoke(StandardHostValve.java:140)
	at org.apache.catalina.valves.ErrorReportValve.invoke(ErrorReportValve.java:79)
	at org.apache.catalina.valves.AbstractAccessLogValve.invoke(AbstractAccessLogValve.java:624)
	at org.apache.catalina.core.StandardEngineValve.invoke(StandardEngineValve.java:87)
	at org.apache.catalina.connector.CoyoteAdapter.service(CoyoteAdapter.java:349)
	at org.apache.coyote.http11.Http11Processor.service(Http11Processor.java:783)
	at org.apache.coyote.AbstractProcessorLight.process(AbstractProcessorLight.java:66)
	at org.apache.coyote.AbstractProtocol$ConnectionHandler.process(AbstractProtocol.java:789)
	at org.apache.tomcat.util.net.NioEndpoint$SocketProcessor.doRun(NioEndpoint.java:1437)
	at org.apache.tomcat.util.net.SocketProcessorBase.run(SocketProcessorBase.java:49)
	at java.base/java.util.concurrent.ThreadPoolExecutor.runWorker(ThreadPoolExecutor.java:1136)
	at java.base/java.util.concurrent.ThreadPoolExecutor$Worker.run(ThreadPoolExecutor.java:635)
	at org.apache.tomcat.util.threads.TaskThread$WrappingRunnable.run(TaskThread.java:61)
	at java.base/java.lang.Thread.run(Thread.java:833)

20-Nov-2023 20:25:20.129 심각 [http-nio-8080-exec-10] org.apache.catalina.core.StandardWrapperValve.invoke Servlet.service() for servlet [jsp] in context with path [/chap09] threw exception [Unable to compile class for JSP: 

An error occurred at line: 5 in the jsp file: /member/login.jsp
The method getParamaeter(String) is undefined for the type HttpServletRequest
2: <%@ page import ="util.Cookies" %>
3: <%
4:     String id = request.getParameter("id");
5:     String password = request.getParamaeter("password");
6:     if(id.equals(password)){
7:         // ID와 암호가 같으면 로그인에 성공한 것으로 판단
8:         response.addCookie(Cookies.createCookie("AUTH", id, "/", -1));


Stacktrace:] with root cause
 org.apache.jasper.JasperException: Unable to compile class for JSP: 

An error occurred at line: 5 in the jsp file: /member/login.jsp
The method getParamaeter(String) is undefined for the type HttpServletRequest
2: <%@ page import ="util.Cookies" %>
3: <%
4:     String id = request.getParameter("id");
5:     String password = request.getParamaeter("password");
6:     if(id.equals(password)){
7:         // ID와 암호가 같으면 로그인에 성공한 것으로 판단
8:         response.addCookie(Cookies.createCookie("AUTH", id, "/", -1));


Stacktrace:
	at org.apache.jasper.compiler.DefaultErrorHandler.javacError(DefaultErrorHandler.java:102)
	at org.apache.jasper.compiler.ErrorDispatcher.javacError(ErrorDispatcher.java:212)
	at org.apache.jasper.compiler.JDTCompiler.generateClass(JDTCompiler.java:457)
	at org.apache.jasper.compiler.Compiler.compile(Compiler.java:377)
	at org.apache.jasper.compiler.Compiler.compile(Compiler.java:349)
	at org.apache.jasper.compiler.Compiler.compile(Compiler.java:333)
	at org.apache.jasper.JspCompilationContext.compile(JspCompilationContext.java:600)
	at org.apache.jasper.servlet.JspServletWrapper.service(JspServletWrapper.java:368)
	at org.apache.jasper.servlet.JspServlet.serviceJspFile(JspServlet.java:385)
	at org.apache.jasper.servlet.JspServlet.service(JspServlet.java:329)
	at javax.servlet.http.HttpServlet.service(HttpServlet.java:729)
	at org.apache.catalina.core.ApplicationFilterChain.internalDoFilter(ApplicationFilterChain.java:230)
	at org.apache.catalina.core.ApplicationFilterChain.doFilter(ApplicationFilterChain.java:165)
	at org.apache.tomcat.websocket.server.WsFilter.doFilter(WsFilter.java:52)
	at org.apache.catalina.core.ApplicationFilterChain.internalDoFilter(ApplicationFilterChain.java:192)
	at org.apache.catalina.core.ApplicationFilterChain.doFilter(ApplicationFilterChain.java:165)
	at org.apache.catalina.core.StandardWrapperValve.invoke(StandardWrapperValve.java:198)
	at org.apache.catalina.core.StandardContextValve.invoke(StandardContextValve.java:96)
	at org.apache.catalina.authenticator.AuthenticatorBase.invoke(AuthenticatorBase.java:474)
	at org.apache.catalina.core.StandardHostValve.invoke(StandardHostValve.java:140)
	at org.apache.catalina.valves.ErrorReportValve.invoke(ErrorReportValve.java:79)
	at org.apache.catalina.valves.AbstractAccessLogValve.invoke(AbstractAccessLogValve.java:624)
	at org.apache.catalina.core.StandardEngineValve.invoke(StandardEngineValve.java:87)
	at org.apache.catalina.connector.CoyoteAdapter.service(CoyoteAdapter.java:349)
	at org.apache.coyote.http11.Http11Processor.service(Http11Processor.java:783)
	at org.apache.coyote.AbstractProcessorLight.process(AbstractProcessorLight.java:66)
	at org.apache.coyote.AbstractProtocol$ConnectionHandler.process(AbstractProtocol.java:789)
	at org.apache.tomcat.util.net.NioEndpoint$SocketProcessor.doRun(NioEndpoint.java:1437)
	at org.apache.tomcat.util.net.SocketProcessorBase.run(SocketProcessorBase.java:49)
	at java.base/java.util.concurrent.ThreadPoolExecutor.runWorker(ThreadPoolExecutor.java:1136)
	at java.base/java.util.concurrent.ThreadPoolExecutor$Worker.run(ThreadPoolExecutor.java:635)
	at org.apache.tomcat.util.threads.TaskThread$WrappingRunnable.run(TaskThread.java:61)
	at java.base/java.lang.Thread.run(Thread.java:833)

20-Nov-2023 20:26:19.657 심각 [http-nio-8080-exec-1] org.apache.catalina.core.StandardWrapperValve.invoke Servlet.service() for servlet [jsp] in context with path [/chap09] threw exception [An exception occurred processing JSP page /member/login.jsp at line 6

3: <%
4:     String id = request.getParameter("id");
5:     String password = request.getParameter("password");
6:     if(id.equals(password)){
7:         // ID와 암호가 같으면 로그인에 성공한 것으로 판단
8:         response.addCookie(Cookies.createCookie("AUTH", id, "/", -1));
9: %>


Stacktrace:] with root cause
 java.lang.NullPointerException: Cannot invoke "String.equals(Object)" because "id" is null
	at org.apache.jsp.member.login_jsp._jspService(login_jsp.java:116)
	at org.apache.jasper.runtime.HttpJspBase.service(HttpJspBase.java:70)
	at javax.servlet.http.HttpServlet.service(HttpServlet.java:729)
	at org.apache.jasper.servlet.JspServletWrapper.service(JspServletWrapper.java:443)
	at org.apache.jasper.servlet.JspServlet.serviceJspFile(JspServlet.java:385)
	at org.apache.jasper.servlet.JspServlet.service(JspServlet.java:329)
	at javax.servlet.http.HttpServlet.service(HttpServlet.java:729)
	at org.apache.catalina.core.ApplicationFilterChain.internalDoFilter(ApplicationFilterChain.java:230)
	at org.apache.catalina.core.ApplicationFilterChain.doFilter(ApplicationFilterChain.java:165)
	at org.apache.tomcat.websocket.server.WsFilter.doFilter(WsFilter.java:52)
	at org.apache.catalina.core.ApplicationFilterChain.internalDoFilter(ApplicationFilterChain.java:192)
	at org.apache.catalina.core.ApplicationFilterChain.doFilter(ApplicationFilterChain.java:165)
	at org.apache.catalina.core.StandardWrapperValve.invoke(StandardWrapperValve.java:198)
	at org.apache.catalina.core.StandardContextValve.invoke(StandardContextValve.java:96)
	at org.apache.catalina.authenticator.AuthenticatorBase.invoke(AuthenticatorBase.java:474)
	at org.apache.catalina.core.StandardHostValve.invoke(StandardHostValve.java:140)
	at org.apache.catalina.valves.ErrorReportValve.invoke(ErrorReportValve.java:79)
	at org.apache.catalina.valves.AbstractAccessLogValve.invoke(AbstractAccessLogValve.java:624)
	at org.apache.catalina.core.StandardEngineValve.invoke(StandardEngineValve.java:87)
	at org.apache.catalina.connector.CoyoteAdapter.service(CoyoteAdapter.java:349)
	at org.apache.coyote.http11.Http11Processor.service(Http11Processor.java:783)
	at org.apache.coyote.AbstractProcessorLight.process(AbstractProcessorLight.java:66)
	at org.apache.coyote.AbstractProtocol$ConnectionHandler.process(AbstractProtocol.java:789)
	at org.apache.tomcat.util.net.NioEndpoint$SocketProcessor.doRun(NioEndpoint.java:1437)
	at org.apache.tomcat.util.net.SocketProcessorBase.run(SocketProcessorBase.java:49)
	at java.base/java.util.concurrent.ThreadPoolExecutor.runWorker(ThreadPoolExecutor.java:1136)
	at java.base/java.util.concurrent.ThreadPoolExecutor$Worker.run(ThreadPoolExecutor.java:635)
	at org.apache.tomcat.util.threads.TaskThread$WrappingRunnable.run(TaskThread.java:61)
	at java.base/java.lang.Thread.run(Thread.java:833)

20-Nov-2023 21:20:59.838 정보 [localhost-startStop-3] org.apache.catalina.core.ApplicationContext.log SessionListener: contextDestroyed()
20-Nov-2023 21:20:59.839 정보 [localhost-startStop-3] org.apache.catalina.core.ApplicationContext.log ContextListener: contextDestroyed()
