07-Nov-2023 14:13:19.174 심각 [http-nio-8080-exec-8] org.apache.catalina.core.StandardWrapperValve.invoke Servlet.service() for servlet [jsp] in context with path [/chap09] threw exception [Unable to compile class for JSP: 

An error occurred at line: 9 in the jsp file: /viewCookies.jsp
cookies.length cannot be resolved to a type
6: 쿠키 목록 <br>
7: <%
8:     Cookie[] cookie = request.getCookies();
9:     if(cookie != null && cookies.length > 0){
10:         for(int i = 0; i< cookies.length; i++){
11: %>
12:     <%= cookies[i].getName() %> =


An error occurred at line: 10 in the jsp file: /viewCookies.jsp
cookies.length cannot be resolved to a type
7: <%
8:     Cookie[] cookie = request.getCookies();
9:     if(cookie != null && cookies.length > 0){
10:         for(int i = 0; i< cookies.length; i++){
11: %>
12:     <%= cookies[i].getName() %> =
13: <%= URLEncoder.decode(cookie[i].getValue(), "utf-8")%><br>


An error occurred at line: 12 in the jsp file: /viewCookies.jsp
cookies cannot be resolved to a variable
9:     if(cookie != null && cookies.length > 0){
10:         for(int i = 0; i< cookies.length; i++){
11: %>
12:     <%= cookies[i].getName() %> =
13: <%= URLEncoder.decode(cookie[i].getValue(), "utf-8")%><br>
14: <%
15:         }


An error occurred at line: 13 in the jsp file: /viewCookies.jsp
The method decode(String, String) is undefined for the type URLEncoder
10:         for(int i = 0; i< cookies.length; i++){
11: %>
12:     <%= cookies[i].getName() %> =
13: <%= URLEncoder.decode(cookie[i].getValue(), "utf-8")%><br>
14: <%
15:         }
16:     } else {


Stacktrace:] with root cause
 org.apache.jasper.JasperException: Unable to compile class for JSP: 

An error occurred at line: 9 in the jsp file: /viewCookies.jsp
cookies.length cannot be resolved to a type
6: 쿠키 목록 <br>
7: <%
8:     Cookie[] cookie = request.getCookies();
9:     if(cookie != null && cookies.length > 0){
10:         for(int i = 0; i< cookies.length; i++){
11: %>
12:     <%= cookies[i].getName() %> =


An error occurred at line: 10 in the jsp file: /viewCookies.jsp
cookies.length cannot be resolved to a type
7: <%
8:     Cookie[] cookie = request.getCookies();
9:     if(cookie != null && cookies.length > 0){
10:         for(int i = 0; i< cookies.length; i++){
11: %>
12:     <%= cookies[i].getName() %> =
13: <%= URLEncoder.decode(cookie[i].getValue(), "utf-8")%><br>


An error occurred at line: 12 in the jsp file: /viewCookies.jsp
cookies cannot be resolved to a variable
9:     if(cookie != null && cookies.length > 0){
10:         for(int i = 0; i< cookies.length; i++){
11: %>
12:     <%= cookies[i].getName() %> =
13: <%= URLEncoder.decode(cookie[i].getValue(), "utf-8")%><br>
14: <%
15:         }


An error occurred at line: 13 in the jsp file: /viewCookies.jsp
The method decode(String, String) is undefined for the type URLEncoder
10:         for(int i = 0; i< cookies.length; i++){
11: %>
12:     <%= cookies[i].getName() %> =
13: <%= URLEncoder.decode(cookie[i].getValue(), "utf-8")%><br>
14: <%
15:         }
16:     } else {


Stacktrace:
	at org.apache.jasper.compiler.DefaultErrorHandler.javacError(DefaultErrorHandler.java:102)
	at org.apache.jasper.compiler.ErrorDispatcher.javacError(ErrorDispatcher.java:212)
	at org.apache.jasper.compiler.JDTCompiler.generateClass(JDTCompiler.java:457)
	at org.apache.jasper.compiler.Compiler.compile(Compiler.java:377)
	at org.apache.jasper.compiler.Compiler.compile(Compiler.java:349)
	at org.apache.jasper.compiler.Compiler.compile(Compiler.java:333)
	at org.apache.jasper.JspCompilationContext.compile(JspCompilationContext.java:600)
	at org.apache.jasper.servlet.JspServletWrapper.service(JspServletWrapper.java:368)
	at org.apache.jasper.servlet.JspServlet.serviceJspFile(JspServlet.java:385)
	at org.apache.jasper.servlet.JspServlet.service(JspServlet.java:329)
	at javax.servlet.http.HttpServlet.service(HttpServlet.java:729)
	at org.apache.catalina.core.ApplicationFilterChain.internalDoFilter(ApplicationFilterChain.java:230)
	at org.apache.catalina.core.ApplicationFilterChain.doFilter(ApplicationFilterChain.java:165)
	at org.apache.tomcat.websocket.server.WsFilter.doFilter(WsFilter.java:52)
	at org.apache.catalina.core.ApplicationFilterChain.internalDoFilter(ApplicationFilterChain.java:192)
	at org.apache.catalina.core.ApplicationFilterChain.doFilter(ApplicationFilterChain.java:165)
	at org.apache.catalina.core.StandardWrapperValve.invoke(StandardWrapperValve.java:198)
	at org.apache.catalina.core.StandardContextValve.invoke(StandardContextValve.java:96)
	at org.apache.catalina.authenticator.AuthenticatorBase.invoke(AuthenticatorBase.java:474)
	at org.apache.catalina.core.StandardHostValve.invoke(StandardHostValve.java:140)
	at org.apache.catalina.valves.ErrorReportValve.invoke(ErrorReportValve.java:79)
	at org.apache.catalina.valves.AbstractAccessLogValve.invoke(AbstractAccessLogValve.java:624)
	at org.apache.catalina.core.StandardEngineValve.invoke(StandardEngineValve.java:87)
	at org.apache.catalina.connector.CoyoteAdapter.service(CoyoteAdapter.java:349)
	at org.apache.coyote.http11.Http11Processor.service(Http11Processor.java:783)
	at org.apache.coyote.AbstractProcessorLight.process(AbstractProcessorLight.java:66)
	at org.apache.coyote.AbstractProtocol$ConnectionHandler.process(AbstractProtocol.java:789)
	at org.apache.tomcat.util.net.NioEndpoint$SocketProcessor.doRun(NioEndpoint.java:1437)
	at org.apache.tomcat.util.net.SocketProcessorBase.run(SocketProcessorBase.java:49)
	at java.base/java.util.concurrent.ThreadPoolExecutor.runWorker(ThreadPoolExecutor.java:1136)
	at java.base/java.util.concurrent.ThreadPoolExecutor$Worker.run(ThreadPoolExecutor.java:635)
	at org.apache.tomcat.util.threads.TaskThread$WrappingRunnable.run(TaskThread.java:61)
	at java.base/java.lang.Thread.run(Thread.java:833)

07-Nov-2023 14:13:51.533 심각 [http-nio-8080-exec-9] org.apache.catalina.core.StandardWrapperValve.invoke Servlet.service() for servlet [jsp] in context with path [/chap09] threw exception [Unable to compile class for JSP: 

An error occurred at line: 13 in the jsp file: /viewCookies.jsp
The method decode(String, String) is undefined for the type URLEncoder
10:         for(int i = 0; i< cookies.length; i++){
11: %>
12:     <%= cookies[i].getName() %> =
13: <%= URLEncoder.decode(cookies[i].getValue(), "utf-8")%><br>
14: <%
15:         }
16:     } else {


Stacktrace:] with root cause
 org.apache.jasper.JasperException: Unable to compile class for JSP: 

An error occurred at line: 13 in the jsp file: /viewCookies.jsp
The method decode(String, String) is undefined for the type URLEncoder
10:         for(int i = 0; i< cookies.length; i++){
11: %>
12:     <%= cookies[i].getName() %> =
13: <%= URLEncoder.decode(cookies[i].getValue(), "utf-8")%><br>
14: <%
15:         }
16:     } else {


Stacktrace:
	at org.apache.jasper.compiler.DefaultErrorHandler.javacError(DefaultErrorHandler.java:102)
	at org.apache.jasper.compiler.ErrorDispatcher.javacError(ErrorDispatcher.java:212)
	at org.apache.jasper.compiler.JDTCompiler.generateClass(JDTCompiler.java:457)
	at org.apache.jasper.compiler.Compiler.compile(Compiler.java:377)
	at org.apache.jasper.compiler.Compiler.compile(Compiler.java:349)
	at org.apache.jasper.compiler.Compiler.compile(Compiler.java:333)
	at org.apache.jasper.JspCompilationContext.compile(JspCompilationContext.java:600)
	at org.apache.jasper.servlet.JspServletWrapper.service(JspServletWrapper.java:368)
	at org.apache.jasper.servlet.JspServlet.serviceJspFile(JspServlet.java:385)
	at org.apache.jasper.servlet.JspServlet.service(JspServlet.java:329)
	at javax.servlet.http.HttpServlet.service(HttpServlet.java:729)
	at org.apache.catalina.core.ApplicationFilterChain.internalDoFilter(ApplicationFilterChain.java:230)
	at org.apache.catalina.core.ApplicationFilterChain.doFilter(ApplicationFilterChain.java:165)
	at org.apache.tomcat.websocket.server.WsFilter.doFilter(WsFilter.java:52)
	at org.apache.catalina.core.ApplicationFilterChain.internalDoFilter(ApplicationFilterChain.java:192)
	at org.apache.catalina.core.ApplicationFilterChain.doFilter(ApplicationFilterChain.java:165)
	at org.apache.catalina.core.StandardWrapperValve.invoke(StandardWrapperValve.java:198)
	at org.apache.catalina.core.StandardContextValve.invoke(StandardContextValve.java:96)
	at org.apache.catalina.authenticator.AuthenticatorBase.invoke(AuthenticatorBase.java:474)
	at org.apache.catalina.core.StandardHostValve.invoke(StandardHostValve.java:140)
	at org.apache.catalina.valves.ErrorReportValve.invoke(ErrorReportValve.java:79)
	at org.apache.catalina.valves.AbstractAccessLogValve.invoke(AbstractAccessLogValve.java:624)
	at org.apache.catalina.core.StandardEngineValve.invoke(StandardEngineValve.java:87)
	at org.apache.catalina.connector.CoyoteAdapter.service(CoyoteAdapter.java:349)
	at org.apache.coyote.http11.Http11Processor.service(Http11Processor.java:783)
	at org.apache.coyote.AbstractProcessorLight.process(AbstractProcessorLight.java:66)
	at org.apache.coyote.AbstractProtocol$ConnectionHandler.process(AbstractProtocol.java:789)
	at org.apache.tomcat.util.net.NioEndpoint$SocketProcessor.doRun(NioEndpoint.java:1437)
	at org.apache.tomcat.util.net.SocketProcessorBase.run(SocketProcessorBase.java:49)
	at java.base/java.util.concurrent.ThreadPoolExecutor.runWorker(ThreadPoolExecutor.java:1136)
	at java.base/java.util.concurrent.ThreadPoolExecutor$Worker.run(ThreadPoolExecutor.java:635)
	at org.apache.tomcat.util.threads.TaskThread$WrappingRunnable.run(TaskThread.java:61)
	at java.base/java.lang.Thread.run(Thread.java:833)

07-Nov-2023 14:20:52.138 심각 [http-nio-8080-exec-10] org.apache.catalina.core.StandardWrapperValve.invoke Servlet.service() for servlet [jsp] in context with path [/chap09] threw exception [Unable to compile class for JSP: 

An error occurred at line: 4 in the jsp file: /modifyCookie.jsp
Cookies cannot be resolved to a type
1: <%@ page contentType="text/html; charset=utf-8" %>
2: <%@ page import ="java.net.URLEncoder" %>
3: <%
4:     Cookies[] cookies = request.getCookies();
5:     if(cookies != null && cookies.length > 0){
6:         for(int i = 0 ; i<cookies.length; i++){
7:             if(cookies[i].getName().equals("name")){


Stacktrace:] with root cause
 org.apache.jasper.JasperException: Unable to compile class for JSP: 

An error occurred at line: 4 in the jsp file: /modifyCookie.jsp
Cookies cannot be resolved to a type
1: <%@ page contentType="text/html; charset=utf-8" %>
2: <%@ page import ="java.net.URLEncoder" %>
3: <%
4:     Cookies[] cookies = request.getCookies();
5:     if(cookies != null && cookies.length > 0){
6:         for(int i = 0 ; i<cookies.length; i++){
7:             if(cookies[i].getName().equals("name")){


Stacktrace:
	at org.apache.jasper.compiler.DefaultErrorHandler.javacError(DefaultErrorHandler.java:102)
	at org.apache.jasper.compiler.ErrorDispatcher.javacError(ErrorDispatcher.java:212)
	at org.apache.jasper.compiler.JDTCompiler.generateClass(JDTCompiler.java:457)
	at org.apache.jasper.compiler.Compiler.compile(Compiler.java:377)
	at org.apache.jasper.compiler.Compiler.compile(Compiler.java:349)
	at org.apache.jasper.compiler.Compiler.compile(Compiler.java:333)
	at org.apache.jasper.JspCompilationContext.compile(JspCompilationContext.java:600)
	at org.apache.jasper.servlet.JspServletWrapper.service(JspServletWrapper.java:368)
	at org.apache.jasper.servlet.JspServlet.serviceJspFile(JspServlet.java:385)
	at org.apache.jasper.servlet.JspServlet.service(JspServlet.java:329)
	at javax.servlet.http.HttpServlet.service(HttpServlet.java:729)
	at org.apache.catalina.core.ApplicationFilterChain.internalDoFilter(ApplicationFilterChain.java:230)
	at org.apache.catalina.core.ApplicationFilterChain.doFilter(ApplicationFilterChain.java:165)
	at org.apache.tomcat.websocket.server.WsFilter.doFilter(WsFilter.java:52)
	at org.apache.catalina.core.ApplicationFilterChain.internalDoFilter(ApplicationFilterChain.java:192)
	at org.apache.catalina.core.ApplicationFilterChain.doFilter(ApplicationFilterChain.java:165)
	at org.apache.catalina.core.StandardWrapperValve.invoke(StandardWrapperValve.java:198)
	at org.apache.catalina.core.StandardContextValve.invoke(StandardContextValve.java:96)
	at org.apache.catalina.authenticator.AuthenticatorBase.invoke(AuthenticatorBase.java:474)
	at org.apache.catalina.core.StandardHostValve.invoke(StandardHostValve.java:140)
	at org.apache.catalina.valves.ErrorReportValve.invoke(ErrorReportValve.java:79)
	at org.apache.catalina.valves.AbstractAccessLogValve.invoke(AbstractAccessLogValve.java:624)
	at org.apache.catalina.core.StandardEngineValve.invoke(StandardEngineValve.java:87)
	at org.apache.catalina.connector.CoyoteAdapter.service(CoyoteAdapter.java:349)
	at org.apache.coyote.http11.Http11Processor.service(Http11Processor.java:783)
	at org.apache.coyote.AbstractProcessorLight.process(AbstractProcessorLight.java:66)
	at org.apache.coyote.AbstractProtocol$ConnectionHandler.process(AbstractProtocol.java:789)
	at org.apache.tomcat.util.net.NioEndpoint$SocketProcessor.doRun(NioEndpoint.java:1437)
	at org.apache.tomcat.util.net.SocketProcessorBase.run(SocketProcessorBase.java:49)
	at java.base/java.util.concurrent.ThreadPoolExecutor.runWorker(ThreadPoolExecutor.java:1136)
	at java.base/java.util.concurrent.ThreadPoolExecutor$Worker.run(ThreadPoolExecutor.java:635)
	at org.apache.tomcat.util.threads.TaskThread$WrappingRunnable.run(TaskThread.java:61)
	at java.base/java.lang.Thread.run(Thread.java:833)

07-Nov-2023 14:32:59.186 심각 [http-nio-8080-exec-8] org.apache.catalina.core.StandardWrapperValve.invoke Servlet.service() for servlet [jsp] in context with path [/chap09] threw exception [An exception occurred processing JSP page /makeCookieWithDomain.jsp at line 6

3: <%
4:     Cookie cookie1 = new Cookie("id", "madvirus");
5:     cookie1.setDomain(".somehost.com");
6:     response.addCookie(cookie1);
7: 
8:     Cookie cookie2 = new Cookie("only", "onlycookie");
9:     response.addCookie(cookie2);


Stacktrace:] with root cause
 java.lang.IllegalArgumentException: An invalid domain [.somehost.com] was specified for this cookie
	at org.apache.tomcat.util.http.Rfc6265CookieProcessor.validateDomain(Rfc6265CookieProcessor.java:183)
	at org.apache.tomcat.util.http.Rfc6265CookieProcessor.generateHeader(Rfc6265CookieProcessor.java:125)
	at org.apache.catalina.connector.Response.generateCookieString(Response.java:989)
	at org.apache.catalina.connector.Response.addCookie(Response.java:937)
	at org.apache.catalina.connector.ResponseFacade.addCookie(ResponseFacade.java:386)
	at org.apache.jsp.makeCookieWithDomain_jsp._jspService(makeCookieWithDomain_jsp.java:116)
	at org.apache.jasper.runtime.HttpJspBase.service(HttpJspBase.java:70)
	at javax.servlet.http.HttpServlet.service(HttpServlet.java:729)
	at org.apache.jasper.servlet.JspServletWrapper.service(JspServletWrapper.java:443)
	at org.apache.jasper.servlet.JspServlet.serviceJspFile(JspServlet.java:385)
	at org.apache.jasper.servlet.JspServlet.service(JspServlet.java:329)
	at javax.servlet.http.HttpServlet.service(HttpServlet.java:729)
	at org.apache.catalina.core.ApplicationFilterChain.internalDoFilter(ApplicationFilterChain.java:230)
	at org.apache.catalina.core.ApplicationFilterChain.doFilter(ApplicationFilterChain.java:165)
	at org.apache.tomcat.websocket.server.WsFilter.doFilter(WsFilter.java:52)
	at org.apache.catalina.core.ApplicationFilterChain.internalDoFilter(ApplicationFilterChain.java:192)
	at org.apache.catalina.core.ApplicationFilterChain.doFilter(ApplicationFilterChain.java:165)
	at org.apache.catalina.core.StandardWrapperValve.invoke(StandardWrapperValve.java:198)
	at org.apache.catalina.core.StandardContextValve.invoke(StandardContextValve.java:96)
	at org.apache.catalina.authenticator.AuthenticatorBase.invoke(AuthenticatorBase.java:474)
	at org.apache.catalina.core.StandardHostValve.invoke(StandardHostValve.java:140)
	at org.apache.catalina.valves.ErrorReportValve.invoke(ErrorReportValve.java:79)
	at org.apache.catalina.valves.AbstractAccessLogValve.invoke(AbstractAccessLogValve.java:624)
	at org.apache.catalina.core.StandardEngineValve.invoke(StandardEngineValve.java:87)
	at org.apache.catalina.connector.CoyoteAdapter.service(CoyoteAdapter.java:349)
	at org.apache.coyote.http11.Http11Processor.service(Http11Processor.java:783)
	at org.apache.coyote.AbstractProcessorLight.process(AbstractProcessorLight.java:66)
	at org.apache.coyote.AbstractProtocol$ConnectionHandler.process(AbstractProtocol.java:789)
	at org.apache.tomcat.util.net.NioEndpoint$SocketProcessor.doRun(NioEndpoint.java:1437)
	at org.apache.tomcat.util.net.SocketProcessorBase.run(SocketProcessorBase.java:49)
	at java.base/java.util.concurrent.ThreadPoolExecutor.runWorker(ThreadPoolExecutor.java:1136)
	at java.base/java.util.concurrent.ThreadPoolExecutor$Worker.run(ThreadPoolExecutor.java:635)
	at org.apache.tomcat.util.threads.TaskThread$WrappingRunnable.run(TaskThread.java:61)
	at java.base/java.lang.Thread.run(Thread.java:833)

07-Nov-2023 14:39:24.736 심각 [http-nio-8080-exec-9] org.apache.catalina.core.StandardWrapperValve.invoke Servlet.service() for servlet [jsp] in context with path [/chap09] threw exception [An exception occurred processing JSP page /makeCookieWithDomain.jsp at line 6

3: <%
4:     Cookie cookie1 = new Cookie("id", "madvirus");
5:     cookie1.setDomain(".somehost.com");
6:     response.addCookie(cookie1);
7: 
8:     Cookie cookie2 = new Cookie("only", "onlycookie");
9:     response.addCookie(cookie2);


Stacktrace:] with root cause
 java.lang.IllegalArgumentException: An invalid domain [.somehost.com] was specified for this cookie
	at org.apache.tomcat.util.http.Rfc6265CookieProcessor.validateDomain(Rfc6265CookieProcessor.java:183)
	at org.apache.tomcat.util.http.Rfc6265CookieProcessor.generateHeader(Rfc6265CookieProcessor.java:125)
	at org.apache.catalina.connector.Response.generateCookieString(Response.java:989)
	at org.apache.catalina.connector.Response.addCookie(Response.java:937)
	at org.apache.catalina.connector.ResponseFacade.addCookie(ResponseFacade.java:386)
	at org.apache.jsp.makeCookieWithDomain_jsp._jspService(makeCookieWithDomain_jsp.java:116)
	at org.apache.jasper.runtime.HttpJspBase.service(HttpJspBase.java:70)
	at javax.servlet.http.HttpServlet.service(HttpServlet.java:729)
	at org.apache.jasper.servlet.JspServletWrapper.service(JspServletWrapper.java:443)
	at org.apache.jasper.servlet.JspServlet.serviceJspFile(JspServlet.java:385)
	at org.apache.jasper.servlet.JspServlet.service(JspServlet.java:329)
	at javax.servlet.http.HttpServlet.service(HttpServlet.java:729)
	at org.apache.catalina.core.ApplicationFilterChain.internalDoFilter(ApplicationFilterChain.java:230)
	at org.apache.catalina.core.ApplicationFilterChain.doFilter(ApplicationFilterChain.java:165)
	at org.apache.tomcat.websocket.server.WsFilter.doFilter(WsFilter.java:52)
	at org.apache.catalina.core.ApplicationFilterChain.internalDoFilter(ApplicationFilterChain.java:192)
	at org.apache.catalina.core.ApplicationFilterChain.doFilter(ApplicationFilterChain.java:165)
	at org.apache.catalina.core.StandardWrapperValve.invoke(StandardWrapperValve.java:198)
	at org.apache.catalina.core.StandardContextValve.invoke(StandardContextValve.java:96)
	at org.apache.catalina.authenticator.AuthenticatorBase.invoke(AuthenticatorBase.java:474)
	at org.apache.catalina.core.StandardHostValve.invoke(StandardHostValve.java:140)
	at org.apache.catalina.valves.ErrorReportValve.invoke(ErrorReportValve.java:79)
	at org.apache.catalina.valves.AbstractAccessLogValve.invoke(AbstractAccessLogValve.java:624)
	at org.apache.catalina.core.StandardEngineValve.invoke(StandardEngineValve.java:87)
	at org.apache.catalina.connector.CoyoteAdapter.service(CoyoteAdapter.java:349)
	at org.apache.coyote.http11.Http11Processor.service(Http11Processor.java:783)
	at org.apache.coyote.AbstractProcessorLight.process(AbstractProcessorLight.java:66)
	at org.apache.coyote.AbstractProtocol$ConnectionHandler.process(AbstractProtocol.java:789)
	at org.apache.tomcat.util.net.NioEndpoint$SocketProcessor.doRun(NioEndpoint.java:1437)
	at org.apache.tomcat.util.net.SocketProcessorBase.run(SocketProcessorBase.java:49)
	at java.base/java.util.concurrent.ThreadPoolExecutor.runWorker(ThreadPoolExecutor.java:1136)
	at java.base/java.util.concurrent.ThreadPoolExecutor$Worker.run(ThreadPoolExecutor.java:635)
	at org.apache.tomcat.util.threads.TaskThread$WrappingRunnable.run(TaskThread.java:61)
	at java.base/java.lang.Thread.run(Thread.java:833)

07-Nov-2023 14:47:23.871 심각 [http-nio-8080-exec-10] org.apache.catalina.core.StandardWrapperValve.invoke Servlet.service() for servlet [jsp] in context with path [/chap09] threw exception [An exception occurred processing JSP page /makeCookieWithDomain.jsp at line 6

3: <%
4:     Cookie cookie1 = new Cookie("id", "madvirus");
5:     cookie1.setDomain(".somehost.com");
6:     response.addCookie(cookie1);
7: 
8:     Cookie cookie2 = new Cookie("only", "onlycookie");
9:     response.addCookie(cookie2);


Stacktrace:] with root cause
 java.lang.IllegalArgumentException: An invalid domain [.somehost.com] was specified for this cookie
	at org.apache.tomcat.util.http.Rfc6265CookieProcessor.validateDomain(Rfc6265CookieProcessor.java:183)
	at org.apache.tomcat.util.http.Rfc6265CookieProcessor.generateHeader(Rfc6265CookieProcessor.java:125)
	at org.apache.catalina.connector.Response.generateCookieString(Response.java:989)
	at org.apache.catalina.connector.Response.addCookie(Response.java:937)
	at org.apache.catalina.connector.ResponseFacade.addCookie(ResponseFacade.java:386)
	at org.apache.jsp.makeCookieWithDomain_jsp._jspService(makeCookieWithDomain_jsp.java:116)
	at org.apache.jasper.runtime.HttpJspBase.service(HttpJspBase.java:70)
	at javax.servlet.http.HttpServlet.service(HttpServlet.java:729)
	at org.apache.jasper.servlet.JspServletWrapper.service(JspServletWrapper.java:443)
	at org.apache.jasper.servlet.JspServlet.serviceJspFile(JspServlet.java:385)
	at org.apache.jasper.servlet.JspServlet.service(JspServlet.java:329)
	at javax.servlet.http.HttpServlet.service(HttpServlet.java:729)
	at org.apache.catalina.core.ApplicationFilterChain.internalDoFilter(ApplicationFilterChain.java:230)
	at org.apache.catalina.core.ApplicationFilterChain.doFilter(ApplicationFilterChain.java:165)
	at org.apache.tomcat.websocket.server.WsFilter.doFilter(WsFilter.java:52)
	at org.apache.catalina.core.ApplicationFilterChain.internalDoFilter(ApplicationFilterChain.java:192)
	at org.apache.catalina.core.ApplicationFilterChain.doFilter(ApplicationFilterChain.java:165)
	at org.apache.catalina.core.StandardWrapperValve.invoke(StandardWrapperValve.java:198)
	at org.apache.catalina.core.StandardContextValve.invoke(StandardContextValve.java:96)
	at org.apache.catalina.authenticator.AuthenticatorBase.invoke(AuthenticatorBase.java:474)
	at org.apache.catalina.core.StandardHostValve.invoke(StandardHostValve.java:140)
	at org.apache.catalina.valves.ErrorReportValve.invoke(ErrorReportValve.java:79)
	at org.apache.catalina.valves.AbstractAccessLogValve.invoke(AbstractAccessLogValve.java:624)
	at org.apache.catalina.core.StandardEngineValve.invoke(StandardEngineValve.java:87)
	at org.apache.catalina.connector.CoyoteAdapter.service(CoyoteAdapter.java:349)
	at org.apache.coyote.http11.Http11Processor.service(Http11Processor.java:783)
	at org.apache.coyote.AbstractProcessorLight.process(AbstractProcessorLight.java:66)
	at org.apache.coyote.AbstractProtocol$ConnectionHandler.process(AbstractProtocol.java:789)
	at org.apache.tomcat.util.net.NioEndpoint$SocketProcessor.doRun(NioEndpoint.java:1437)
	at org.apache.tomcat.util.net.SocketProcessorBase.run(SocketProcessorBase.java:49)
	at java.base/java.util.concurrent.ThreadPoolExecutor.runWorker(ThreadPoolExecutor.java:1136)
	at java.base/java.util.concurrent.ThreadPoolExecutor$Worker.run(ThreadPoolExecutor.java:635)
	at org.apache.tomcat.util.threads.TaskThread$WrappingRunnable.run(TaskThread.java:61)
	at java.base/java.lang.Thread.run(Thread.java:833)

07-Nov-2023 14:52:00.798 심각 [http-nio-8080-exec-2] org.apache.catalina.core.StandardWrapperValve.invoke Servlet.service() for servlet [jsp] in context with path [/chap09] threw exception [An exception occurred processing JSP page /makeCookieWithDomain.jsp at line 6

3: <%
4:     Cookie cookie1 = new Cookie("id", "madvirus");
5:     cookie1.setDomain(".somehost.com");
6:     response.addCookie(cookie1);
7: 
8:     Cookie cookie2 = new Cookie("only", "onlycookie");
9:     response.addCookie(cookie2);


Stacktrace:] with root cause
 java.lang.IllegalArgumentException: An invalid domain [.somehost.com] was specified for this cookie
	at org.apache.tomcat.util.http.Rfc6265CookieProcessor.validateDomain(Rfc6265CookieProcessor.java:183)
	at org.apache.tomcat.util.http.Rfc6265CookieProcessor.generateHeader(Rfc6265CookieProcessor.java:125)
	at org.apache.catalina.connector.Response.generateCookieString(Response.java:989)
	at org.apache.catalina.connector.Response.addCookie(Response.java:937)
	at org.apache.catalina.connector.ResponseFacade.addCookie(ResponseFacade.java:386)
	at org.apache.jsp.makeCookieWithDomain_jsp._jspService(makeCookieWithDomain_jsp.java:116)
	at org.apache.jasper.runtime.HttpJspBase.service(HttpJspBase.java:70)
	at javax.servlet.http.HttpServlet.service(HttpServlet.java:729)
	at org.apache.jasper.servlet.JspServletWrapper.service(JspServletWrapper.java:443)
	at org.apache.jasper.servlet.JspServlet.serviceJspFile(JspServlet.java:385)
	at org.apache.jasper.servlet.JspServlet.service(JspServlet.java:329)
	at javax.servlet.http.HttpServlet.service(HttpServlet.java:729)
	at org.apache.catalina.core.ApplicationFilterChain.internalDoFilter(ApplicationFilterChain.java:230)
	at org.apache.catalina.core.ApplicationFilterChain.doFilter(ApplicationFilterChain.java:165)
	at org.apache.tomcat.websocket.server.WsFilter.doFilter(WsFilter.java:52)
	at org.apache.catalina.core.ApplicationFilterChain.internalDoFilter(ApplicationFilterChain.java:192)
	at org.apache.catalina.core.ApplicationFilterChain.doFilter(ApplicationFilterChain.java:165)
	at org.apache.catalina.core.StandardWrapperValve.invoke(StandardWrapperValve.java:198)
	at org.apache.catalina.core.StandardContextValve.invoke(StandardContextValve.java:96)
	at org.apache.catalina.authenticator.AuthenticatorBase.invoke(AuthenticatorBase.java:474)
	at org.apache.catalina.core.StandardHostValve.invoke(StandardHostValve.java:140)
	at org.apache.catalina.valves.ErrorReportValve.invoke(ErrorReportValve.java:79)
	at org.apache.catalina.valves.AbstractAccessLogValve.invoke(AbstractAccessLogValve.java:624)
	at org.apache.catalina.core.StandardEngineValve.invoke(StandardEngineValve.java:87)
	at org.apache.catalina.connector.CoyoteAdapter.service(CoyoteAdapter.java:349)
	at org.apache.coyote.http11.Http11Processor.service(Http11Processor.java:783)
	at org.apache.coyote.AbstractProcessorLight.process(AbstractProcessorLight.java:66)
	at org.apache.coyote.AbstractProtocol$ConnectionHandler.process(AbstractProtocol.java:789)
	at org.apache.tomcat.util.net.NioEndpoint$SocketProcessor.doRun(NioEndpoint.java:1437)
	at org.apache.tomcat.util.net.SocketProcessorBase.run(SocketProcessorBase.java:49)
	at java.base/java.util.concurrent.ThreadPoolExecutor.runWorker(ThreadPoolExecutor.java:1136)
	at java.base/java.util.concurrent.ThreadPoolExecutor$Worker.run(ThreadPoolExecutor.java:635)
	at org.apache.tomcat.util.threads.TaskThread$WrappingRunnable.run(TaskThread.java:61)
	at java.base/java.lang.Thread.run(Thread.java:833)

07-Nov-2023 14:53:26.701 심각 [http-nio-8080-exec-1] org.apache.catalina.core.StandardWrapperValve.invoke Servlet.service() for servlet [jsp] in context with path [/chap09] threw exception [An exception occurred processing JSP page /makeCookieWithDomain.jsp at line 6

3: <%
4:     Cookie cookie1 = new Cookie("id", "madvirus");
5:     cookie1.setDomain(".somehost.com");
6:     response.addCookie(cookie1);
7: 
8:     Cookie cookie2 = new Cookie("only", "onlycookie");
9:     response.addCookie(cookie2);


Stacktrace:] with root cause
 java.lang.IllegalArgumentException: An invalid domain [.somehost.com] was specified for this cookie
	at org.apache.tomcat.util.http.Rfc6265CookieProcessor.validateDomain(Rfc6265CookieProcessor.java:183)
	at org.apache.tomcat.util.http.Rfc6265CookieProcessor.generateHeader(Rfc6265CookieProcessor.java:125)
	at org.apache.catalina.connector.Response.generateCookieString(Response.java:989)
	at org.apache.catalina.connector.Response.addCookie(Response.java:937)
	at org.apache.catalina.connector.ResponseFacade.addCookie(ResponseFacade.java:386)
	at org.apache.jsp.makeCookieWithDomain_jsp._jspService(makeCookieWithDomain_jsp.java:116)
	at org.apache.jasper.runtime.HttpJspBase.service(HttpJspBase.java:70)
	at javax.servlet.http.HttpServlet.service(HttpServlet.java:729)
	at org.apache.jasper.servlet.JspServletWrapper.service(JspServletWrapper.java:443)
	at org.apache.jasper.servlet.JspServlet.serviceJspFile(JspServlet.java:385)
	at org.apache.jasper.servlet.JspServlet.service(JspServlet.java:329)
	at javax.servlet.http.HttpServlet.service(HttpServlet.java:729)
	at org.apache.catalina.core.ApplicationFilterChain.internalDoFilter(ApplicationFilterChain.java:230)
	at org.apache.catalina.core.ApplicationFilterChain.doFilter(ApplicationFilterChain.java:165)
	at org.apache.tomcat.websocket.server.WsFilter.doFilter(WsFilter.java:52)
	at org.apache.catalina.core.ApplicationFilterChain.internalDoFilter(ApplicationFilterChain.java:192)
	at org.apache.catalina.core.ApplicationFilterChain.doFilter(ApplicationFilterChain.java:165)
	at org.apache.catalina.core.StandardWrapperValve.invoke(StandardWrapperValve.java:198)
	at org.apache.catalina.core.StandardContextValve.invoke(StandardContextValve.java:96)
	at org.apache.catalina.authenticator.AuthenticatorBase.invoke(AuthenticatorBase.java:474)
	at org.apache.catalina.core.StandardHostValve.invoke(StandardHostValve.java:140)
	at org.apache.catalina.valves.ErrorReportValve.invoke(ErrorReportValve.java:79)
	at org.apache.catalina.valves.AbstractAccessLogValve.invoke(AbstractAccessLogValve.java:624)
	at org.apache.catalina.core.StandardEngineValve.invoke(StandardEngineValve.java:87)
	at org.apache.catalina.connector.CoyoteAdapter.service(CoyoteAdapter.java:349)
	at org.apache.coyote.http11.Http11Processor.service(Http11Processor.java:783)
	at org.apache.coyote.AbstractProcessorLight.process(AbstractProcessorLight.java:66)
	at org.apache.coyote.AbstractProtocol$ConnectionHandler.process(AbstractProtocol.java:789)
	at org.apache.tomcat.util.net.NioEndpoint$SocketProcessor.doRun(NioEndpoint.java:1437)
	at org.apache.tomcat.util.net.SocketProcessorBase.run(SocketProcessorBase.java:49)
	at java.base/java.util.concurrent.ThreadPoolExecutor.runWorker(ThreadPoolExecutor.java:1136)
	at java.base/java.util.concurrent.ThreadPoolExecutor$Worker.run(ThreadPoolExecutor.java:635)
	at org.apache.tomcat.util.threads.TaskThread$WrappingRunnable.run(TaskThread.java:61)
	at java.base/java.lang.Thread.run(Thread.java:833)

07-Nov-2023 15:00:23.515 정보 [localhost-startStop-4] org.apache.catalina.core.ApplicationContext.log SessionListener: contextDestroyed()
07-Nov-2023 15:00:23.515 정보 [localhost-startStop-4] org.apache.catalina.core.ApplicationContext.log ContextListener: contextDestroyed()
07-Nov-2023 15:00:31.297 정보 [localhost-startStop-1] org.apache.catalina.core.ApplicationContext.log ContextListener: contextInitialized()
07-Nov-2023 15:00:31.297 정보 [localhost-startStop-1] org.apache.catalina.core.ApplicationContext.log SessionListener: contextInitialized()
07-Nov-2023 15:00:33.583 심각 [http-nio-8080-exec-1] org.apache.catalina.core.StandardWrapperValve.invoke Servlet.service() for servlet [jsp] in context with path [/chap09] threw exception [java.lang.IllegalArgumentException: An invalid domain [.somehost.com] was specified for this cookie] with root cause
 java.lang.IllegalArgumentException: An invalid domain [.somehost.com] was specified for this cookie
	at org.apache.tomcat.util.http.Rfc6265CookieProcessor.validateDomain(Rfc6265CookieProcessor.java:183)
	at org.apache.tomcat.util.http.Rfc6265CookieProcessor.generateHeader(Rfc6265CookieProcessor.java:125)
	at org.apache.catalina.connector.Response.generateCookieString(Response.java:989)
	at org.apache.catalina.connector.Response.addCookie(Response.java:937)
	at org.apache.catalina.connector.ResponseFacade.addCookie(ResponseFacade.java:386)
	at org.apache.jsp.makeCookieWithDomain_jsp._jspService(makeCookieWithDomain_jsp.java:116)
	at org.apache.jasper.runtime.HttpJspBase.service(HttpJspBase.java:70)
	at javax.servlet.http.HttpServlet.service(HttpServlet.java:729)
	at org.apache.jasper.servlet.JspServletWrapper.service(JspServletWrapper.java:443)
	at org.apache.jasper.servlet.JspServlet.serviceJspFile(JspServlet.java:385)
	at org.apache.jasper.servlet.JspServlet.service(JspServlet.java:329)
	at javax.servlet.http.HttpServlet.service(HttpServlet.java:729)
	at org.apache.catalina.core.ApplicationFilterChain.internalDoFilter(ApplicationFilterChain.java:230)
	at org.apache.catalina.core.ApplicationFilterChain.doFilter(ApplicationFilterChain.java:165)
	at org.apache.tomcat.websocket.server.WsFilter.doFilter(WsFilter.java:52)
	at org.apache.catalina.core.ApplicationFilterChain.internalDoFilter(ApplicationFilterChain.java:192)
	at org.apache.catalina.core.ApplicationFilterChain.doFilter(ApplicationFilterChain.java:165)
	at org.apache.catalina.core.StandardWrapperValve.invoke(StandardWrapperValve.java:198)
	at org.apache.catalina.core.StandardContextValve.invoke(StandardContextValve.java:96)
	at org.apache.catalina.authenticator.AuthenticatorBase.invoke(AuthenticatorBase.java:474)
	at org.apache.catalina.core.StandardHostValve.invoke(StandardHostValve.java:140)
	at org.apache.catalina.valves.ErrorReportValve.invoke(ErrorReportValve.java:79)
	at org.apache.catalina.valves.AbstractAccessLogValve.invoke(AbstractAccessLogValve.java:624)
	at org.apache.catalina.core.StandardEngineValve.invoke(StandardEngineValve.java:87)
	at org.apache.catalina.connector.CoyoteAdapter.service(CoyoteAdapter.java:349)
	at org.apache.coyote.http11.Http11Processor.service(Http11Processor.java:783)
	at org.apache.coyote.AbstractProcessorLight.process(AbstractProcessorLight.java:66)
	at org.apache.coyote.AbstractProtocol$ConnectionHandler.process(AbstractProtocol.java:789)
	at org.apache.tomcat.util.net.NioEndpoint$SocketProcessor.doRun(NioEndpoint.java:1437)
	at org.apache.tomcat.util.net.SocketProcessorBase.run(SocketProcessorBase.java:49)
	at java.base/java.util.concurrent.ThreadPoolExecutor.runWorker(ThreadPoolExecutor.java:1136)
	at java.base/java.util.concurrent.ThreadPoolExecutor$Worker.run(ThreadPoolExecutor.java:635)
	at org.apache.tomcat.util.threads.TaskThread$WrappingRunnable.run(TaskThread.java:61)
	at java.base/java.lang.Thread.run(Thread.java:833)

07-Nov-2023 15:10:01.805 심각 [http-nio-8080-exec-4] org.apache.catalina.core.StandardWrapperValve.invoke Servlet.service() for servlet [jsp] in context with path [/chap09] threw exception [java.lang.IllegalArgumentException: An invalid domain [.somehost.com] was specified for this cookie] with root cause
 java.lang.IllegalArgumentException: An invalid domain [.somehost.com] was specified for this cookie
	at org.apache.tomcat.util.http.Rfc6265CookieProcessor.validateDomain(Rfc6265CookieProcessor.java:183)
	at org.apache.tomcat.util.http.Rfc6265CookieProcessor.generateHeader(Rfc6265CookieProcessor.java:125)
	at org.apache.catalina.connector.Response.generateCookieString(Response.java:989)
	at org.apache.catalina.connector.Response.addCookie(Response.java:937)
	at org.apache.catalina.connector.ResponseFacade.addCookie(ResponseFacade.java:386)
	at org.apache.jsp.makeCookieWithDomain_jsp._jspService(makeCookieWithDomain_jsp.java:116)
	at org.apache.jasper.runtime.HttpJspBase.service(HttpJspBase.java:70)
	at javax.servlet.http.HttpServlet.service(HttpServlet.java:729)
	at org.apache.jasper.servlet.JspServletWrapper.service(JspServletWrapper.java:443)
	at org.apache.jasper.servlet.JspServlet.serviceJspFile(JspServlet.java:385)
	at org.apache.jasper.servlet.JspServlet.service(JspServlet.java:329)
	at javax.servlet.http.HttpServlet.service(HttpServlet.java:729)
	at org.apache.catalina.core.ApplicationFilterChain.internalDoFilter(ApplicationFilterChain.java:230)
	at org.apache.catalina.core.ApplicationFilterChain.doFilter(ApplicationFilterChain.java:165)
	at org.apache.tomcat.websocket.server.WsFilter.doFilter(WsFilter.java:52)
	at org.apache.catalina.core.ApplicationFilterChain.internalDoFilter(ApplicationFilterChain.java:192)
	at org.apache.catalina.core.ApplicationFilterChain.doFilter(ApplicationFilterChain.java:165)
	at org.apache.catalina.core.StandardWrapperValve.invoke(StandardWrapperValve.java:198)
	at org.apache.catalina.core.StandardContextValve.invoke(StandardContextValve.java:96)
	at org.apache.catalina.authenticator.AuthenticatorBase.invoke(AuthenticatorBase.java:474)
	at org.apache.catalina.core.StandardHostValve.invoke(StandardHostValve.java:140)
	at org.apache.catalina.valves.ErrorReportValve.invoke(ErrorReportValve.java:79)
	at org.apache.catalina.valves.AbstractAccessLogValve.invoke(AbstractAccessLogValve.java:624)
	at org.apache.catalina.core.StandardEngineValve.invoke(StandardEngineValve.java:87)
	at org.apache.catalina.connector.CoyoteAdapter.service(CoyoteAdapter.java:349)
	at org.apache.coyote.http11.Http11Processor.service(Http11Processor.java:783)
	at org.apache.coyote.AbstractProcessorLight.process(AbstractProcessorLight.java:66)
	at org.apache.coyote.AbstractProtocol$ConnectionHandler.process(AbstractProtocol.java:789)
	at org.apache.tomcat.util.net.NioEndpoint$SocketProcessor.doRun(NioEndpoint.java:1437)
	at org.apache.tomcat.util.net.SocketProcessorBase.run(SocketProcessorBase.java:49)
	at java.base/java.util.concurrent.ThreadPoolExecutor.runWorker(ThreadPoolExecutor.java:1136)
	at java.base/java.util.concurrent.ThreadPoolExecutor$Worker.run(ThreadPoolExecutor.java:635)
	at org.apache.tomcat.util.threads.TaskThread$WrappingRunnable.run(TaskThread.java:61)
	at java.base/java.lang.Thread.run(Thread.java:833)

07-Nov-2023 15:12:06.620 심각 [http-nio-8080-exec-5] org.apache.catalina.core.StandardWrapperValve.invoke Servlet.service() for servlet [jsp] in context with path [/chap09] threw exception [Unable to compile class for JSP: 

An error occurred at line: 5 in the jsp file: /makeCookieWithDomain.jsp
Syntax error on tokens, delete these tokens
2: <%@ page import ="java.net.URLEncoder" %>
3: <%
4:     Cookie cookie1 = new Cookie("id", "madvirus");
5:     <%--cookie1.setDomain(".somehost.com");--%>
6:     cookie1.setDomain("localhost");
7:     response.addCookie(cookie1);
8: 


An error occurred at line: 22 in the jsp file: /makeCookieWithDomain.jsp
cookie2 cannot be resolved
19: <%= cookie1.getName() %>=<%= cookie1.getValue() %>
20: [<%= cookie1.getDomain() %>]
21: <br>
22: <%= cookie2.getName() %>=<%= cookie2.getValue() %>
23: [<%= cookie2.getDomain() %>]
24: <br>
25: <%= cookie3.getName() %>=<%= cookie3.getValue() %>


An error occurred at line: 22 in the jsp file: /makeCookieWithDomain.jsp
cookie2 cannot be resolved
19: <%= cookie1.getName() %>=<%= cookie1.getValue() %>
20: [<%= cookie1.getDomain() %>]
21: <br>
22: <%= cookie2.getName() %>=<%= cookie2.getValue() %>
23: [<%= cookie2.getDomain() %>]
24: <br>
25: <%= cookie3.getName() %>=<%= cookie3.getValue() %>


An error occurred at line: 23 in the jsp file: /makeCookieWithDomain.jsp
cookie2 cannot be resolved
20: [<%= cookie1.getDomain() %>]
21: <br>
22: <%= cookie2.getName() %>=<%= cookie2.getValue() %>
23: [<%= cookie2.getDomain() %>]
24: <br>
25: <%= cookie3.getName() %>=<%= cookie3.getValue() %>
26: [<%= cookie3.getDomain() %>]


An error occurred at line: 25 in the jsp file: /makeCookieWithDomain.jsp
cookie3 cannot be resolved
22: <%= cookie2.getName() %>=<%= cookie2.getValue() %>
23: [<%= cookie2.getDomain() %>]
24: <br>
25: <%= cookie3.getName() %>=<%= cookie3.getValue() %>
26: [<%= cookie3.getDomain() %>]
27: <br>
28: </body>


An error occurred at line: 25 in the jsp file: /makeCookieWithDomain.jsp
cookie3 cannot be resolved
22: <%= cookie2.getName() %>=<%= cookie2.getValue() %>
23: [<%= cookie2.getDomain() %>]
24: <br>
25: <%= cookie3.getName() %>=<%= cookie3.getValue() %>
26: [<%= cookie3.getDomain() %>]
27: <br>
28: </body>


An error occurred at line: 26 in the jsp file: /makeCookieWithDomain.jsp
cookie3 cannot be resolved
23: [<%= cookie2.getDomain() %>]
24: <br>
25: <%= cookie3.getName() %>=<%= cookie3.getValue() %>
26: [<%= cookie3.getDomain() %>]
27: <br>
28: </body>
29: </html>


Stacktrace:] with root cause
 org.apache.jasper.JasperException: Unable to compile class for JSP: 

An error occurred at line: 5 in the jsp file: /makeCookieWithDomain.jsp
Syntax error on tokens, delete these tokens
2: <%@ page import ="java.net.URLEncoder" %>
3: <%
4:     Cookie cookie1 = new Cookie("id", "madvirus");
5:     <%--cookie1.setDomain(".somehost.com");--%>
6:     cookie1.setDomain("localhost");
7:     response.addCookie(cookie1);
8: 


An error occurred at line: 22 in the jsp file: /makeCookieWithDomain.jsp
cookie2 cannot be resolved
19: <%= cookie1.getName() %>=<%= cookie1.getValue() %>
20: [<%= cookie1.getDomain() %>]
21: <br>
22: <%= cookie2.getName() %>=<%= cookie2.getValue() %>
23: [<%= cookie2.getDomain() %>]
24: <br>
25: <%= cookie3.getName() %>=<%= cookie3.getValue() %>


An error occurred at line: 22 in the jsp file: /makeCookieWithDomain.jsp
cookie2 cannot be resolved
19: <%= cookie1.getName() %>=<%= cookie1.getValue() %>
20: [<%= cookie1.getDomain() %>]
21: <br>
22: <%= cookie2.getName() %>=<%= cookie2.getValue() %>
23: [<%= cookie2.getDomain() %>]
24: <br>
25: <%= cookie3.getName() %>=<%= cookie3.getValue() %>


An error occurred at line: 23 in the jsp file: /makeCookieWithDomain.jsp
cookie2 cannot be resolved
20: [<%= cookie1.getDomain() %>]
21: <br>
22: <%= cookie2.getName() %>=<%= cookie2.getValue() %>
23: [<%= cookie2.getDomain() %>]
24: <br>
25: <%= cookie3.getName() %>=<%= cookie3.getValue() %>
26: [<%= cookie3.getDomain() %>]


An error occurred at line: 25 in the jsp file: /makeCookieWithDomain.jsp
cookie3 cannot be resolved
22: <%= cookie2.getName() %>=<%= cookie2.getValue() %>
23: [<%= cookie2.getDomain() %>]
24: <br>
25: <%= cookie3.getName() %>=<%= cookie3.getValue() %>
26: [<%= cookie3.getDomain() %>]
27: <br>
28: </body>


An error occurred at line: 25 in the jsp file: /makeCookieWithDomain.jsp
cookie3 cannot be resolved
22: <%= cookie2.getName() %>=<%= cookie2.getValue() %>
23: [<%= cookie2.getDomain() %>]
24: <br>
25: <%= cookie3.getName() %>=<%= cookie3.getValue() %>
26: [<%= cookie3.getDomain() %>]
27: <br>
28: </body>


An error occurred at line: 26 in the jsp file: /makeCookieWithDomain.jsp
cookie3 cannot be resolved
23: [<%= cookie2.getDomain() %>]
24: <br>
25: <%= cookie3.getName() %>=<%= cookie3.getValue() %>
26: [<%= cookie3.getDomain() %>]
27: <br>
28: </body>
29: </html>


Stacktrace:
	at org.apache.jasper.compiler.DefaultErrorHandler.javacError(DefaultErrorHandler.java:102)
	at org.apache.jasper.compiler.ErrorDispatcher.javacError(ErrorDispatcher.java:212)
	at org.apache.jasper.compiler.JDTCompiler.generateClass(JDTCompiler.java:457)
	at org.apache.jasper.compiler.Compiler.compile(Compiler.java:377)
	at org.apache.jasper.compiler.Compiler.compile(Compiler.java:349)
	at org.apache.jasper.compiler.Compiler.compile(Compiler.java:333)
	at org.apache.jasper.JspCompilationContext.compile(JspCompilationContext.java:600)
	at org.apache.jasper.servlet.JspServletWrapper.service(JspServletWrapper.java:368)
	at org.apache.jasper.servlet.JspServlet.serviceJspFile(JspServlet.java:385)
	at org.apache.jasper.servlet.JspServlet.service(JspServlet.java:329)
	at javax.servlet.http.HttpServlet.service(HttpServlet.java:729)
	at org.apache.catalina.core.ApplicationFilterChain.internalDoFilter(ApplicationFilterChain.java:230)
	at org.apache.catalina.core.ApplicationFilterChain.doFilter(ApplicationFilterChain.java:165)
	at org.apache.tomcat.websocket.server.WsFilter.doFilter(WsFilter.java:52)
	at org.apache.catalina.core.ApplicationFilterChain.internalDoFilter(ApplicationFilterChain.java:192)
	at org.apache.catalina.core.ApplicationFilterChain.doFilter(ApplicationFilterChain.java:165)
	at org.apache.catalina.core.StandardWrapperValve.invoke(StandardWrapperValve.java:198)
	at org.apache.catalina.core.StandardContextValve.invoke(StandardContextValve.java:96)
	at org.apache.catalina.authenticator.AuthenticatorBase.invoke(AuthenticatorBase.java:474)
	at org.apache.catalina.core.StandardHostValve.invoke(StandardHostValve.java:140)
	at org.apache.catalina.valves.ErrorReportValve.invoke(ErrorReportValve.java:79)
	at org.apache.catalina.valves.AbstractAccessLogValve.invoke(AbstractAccessLogValve.java:624)
	at org.apache.catalina.core.StandardEngineValve.invoke(StandardEngineValve.java:87)
	at org.apache.catalina.connector.CoyoteAdapter.service(CoyoteAdapter.java:349)
	at org.apache.coyote.http11.Http11Processor.service(Http11Processor.java:783)
	at org.apache.coyote.AbstractProcessorLight.process(AbstractProcessorLight.java:66)
	at org.apache.coyote.AbstractProtocol$ConnectionHandler.process(AbstractProtocol.java:789)
	at org.apache.tomcat.util.net.NioEndpoint$SocketProcessor.doRun(NioEndpoint.java:1437)
	at org.apache.tomcat.util.net.SocketProcessorBase.run(SocketProcessorBase.java:49)
	at java.base/java.util.concurrent.ThreadPoolExecutor.runWorker(ThreadPoolExecutor.java:1136)
	at java.base/java.util.concurrent.ThreadPoolExecutor$Worker.run(ThreadPoolExecutor.java:635)
	at org.apache.tomcat.util.threads.TaskThread$WrappingRunnable.run(TaskThread.java:61)
	at java.base/java.lang.Thread.run(Thread.java:833)

07-Nov-2023 15:16:26.158 심각 [http-nio-8080-exec-8] org.apache.catalina.core.StandardWrapperValve.invoke Servlet.service() for servlet [jsp] in context with path [/chap09] threw exception [An exception occurred processing JSP page /makeCookieWithDomain.jsp at line 11

8: 
9:     Cookie cookie3 = new Cookie("invalid", "invalidcookie");
10:     cookie3.setDomain("javacan.tistory.com");
11:     response.addCookie(cookie1);
12:     response.addCookie(cookie2);
13:     response.addCookie(cookie3);
14: %>


Stacktrace:] with root cause
 java.lang.IllegalArgumentException: An invalid domain [.somehost.com] was specified for this cookie
	at org.apache.tomcat.util.http.Rfc6265CookieProcessor.validateDomain(Rfc6265CookieProcessor.java:183)
	at org.apache.tomcat.util.http.Rfc6265CookieProcessor.generateHeader(Rfc6265CookieProcessor.java:125)
	at org.apache.catalina.connector.Response.generateCookieString(Response.java:989)
	at org.apache.catalina.connector.Response.addCookie(Response.java:937)
	at org.apache.catalina.connector.ResponseFacade.addCookie(ResponseFacade.java:386)
	at org.apache.jsp.makeCookieWithDomain_jsp._jspService(makeCookieWithDomain_jsp.java:121)
	at org.apache.jasper.runtime.HttpJspBase.service(HttpJspBase.java:70)
	at javax.servlet.http.HttpServlet.service(HttpServlet.java:729)
	at org.apache.jasper.servlet.JspServletWrapper.service(JspServletWrapper.java:443)
	at org.apache.jasper.servlet.JspServlet.serviceJspFile(JspServlet.java:385)
	at org.apache.jasper.servlet.JspServlet.service(JspServlet.java:329)
	at javax.servlet.http.HttpServlet.service(HttpServlet.java:729)
	at org.apache.catalina.core.ApplicationFilterChain.internalDoFilter(ApplicationFilterChain.java:230)
	at org.apache.catalina.core.ApplicationFilterChain.doFilter(ApplicationFilterChain.java:165)
	at org.apache.tomcat.websocket.server.WsFilter.doFilter(WsFilter.java:52)
	at org.apache.catalina.core.ApplicationFilterChain.internalDoFilter(ApplicationFilterChain.java:192)
	at org.apache.catalina.core.ApplicationFilterChain.doFilter(ApplicationFilterChain.java:165)
	at org.apache.catalina.core.StandardWrapperValve.invoke(StandardWrapperValve.java:198)
	at org.apache.catalina.core.StandardContextValve.invoke(StandardContextValve.java:96)
	at org.apache.catalina.authenticator.AuthenticatorBase.invoke(AuthenticatorBase.java:474)
	at org.apache.catalina.core.StandardHostValve.invoke(StandardHostValve.java:140)
	at org.apache.catalina.valves.ErrorReportValve.invoke(ErrorReportValve.java:79)
	at org.apache.catalina.valves.AbstractAccessLogValve.invoke(AbstractAccessLogValve.java:624)
	at org.apache.catalina.core.StandardEngineValve.invoke(StandardEngineValve.java:87)
	at org.apache.catalina.connector.CoyoteAdapter.service(CoyoteAdapter.java:349)
	at org.apache.coyote.http11.Http11Processor.service(Http11Processor.java:783)
	at org.apache.coyote.AbstractProcessorLight.process(AbstractProcessorLight.java:66)
	at org.apache.coyote.AbstractProtocol$ConnectionHandler.process(AbstractProtocol.java:789)
	at org.apache.tomcat.util.net.NioEndpoint$SocketProcessor.doRun(NioEndpoint.java:1437)
	at org.apache.tomcat.util.net.SocketProcessorBase.run(SocketProcessorBase.java:49)
	at java.base/java.util.concurrent.ThreadPoolExecutor.runWorker(ThreadPoolExecutor.java:1136)
	at java.base/java.util.concurrent.ThreadPoolExecutor$Worker.run(ThreadPoolExecutor.java:635)
	at org.apache.tomcat.util.threads.TaskThread$WrappingRunnable.run(TaskThread.java:61)
	at java.base/java.lang.Thread.run(Thread.java:833)

07-Nov-2023 15:18:19.350 심각 [http-nio-8080-exec-2] org.apache.catalina.core.StandardWrapperValve.invoke Servlet.service() for servlet [jsp] in context with path [/chap09] threw exception [An exception occurred processing JSP page /makeCookieWithDomain.jsp at line 11

8: 
9:     Cookie cookie3 = new Cookie("invalid", "invalidcookie");
10:     cookie3.setDomain("javacan.tistory.com");
11:     response.addCookie(cookie1);
12:     response.addCookie(cookie2);
13:     response.addCookie(cookie3);
14: %>


Stacktrace:] with root cause
 java.lang.IllegalArgumentException: An invalid domain [.somehost.] was specified for this cookie
	at org.apache.tomcat.util.http.Rfc6265CookieProcessor.validateDomain(Rfc6265CookieProcessor.java:183)
	at org.apache.tomcat.util.http.Rfc6265CookieProcessor.generateHeader(Rfc6265CookieProcessor.java:125)
	at org.apache.catalina.connector.Response.generateCookieString(Response.java:989)
	at org.apache.catalina.connector.Response.addCookie(Response.java:937)
	at org.apache.catalina.connector.ResponseFacade.addCookie(ResponseFacade.java:386)
	at org.apache.jsp.makeCookieWithDomain_jsp._jspService(makeCookieWithDomain_jsp.java:121)
	at org.apache.jasper.runtime.HttpJspBase.service(HttpJspBase.java:70)
	at javax.servlet.http.HttpServlet.service(HttpServlet.java:729)
	at org.apache.jasper.servlet.JspServletWrapper.service(JspServletWrapper.java:443)
	at org.apache.jasper.servlet.JspServlet.serviceJspFile(JspServlet.java:385)
	at org.apache.jasper.servlet.JspServlet.service(JspServlet.java:329)
	at javax.servlet.http.HttpServlet.service(HttpServlet.java:729)
	at org.apache.catalina.core.ApplicationFilterChain.internalDoFilter(ApplicationFilterChain.java:230)
	at org.apache.catalina.core.ApplicationFilterChain.doFilter(ApplicationFilterChain.java:165)
	at org.apache.tomcat.websocket.server.WsFilter.doFilter(WsFilter.java:52)
	at org.apache.catalina.core.ApplicationFilterChain.internalDoFilter(ApplicationFilterChain.java:192)
	at org.apache.catalina.core.ApplicationFilterChain.doFilter(ApplicationFilterChain.java:165)
	at org.apache.catalina.core.StandardWrapperValve.invoke(StandardWrapperValve.java:198)
	at org.apache.catalina.core.StandardContextValve.invoke(StandardContextValve.java:96)
	at org.apache.catalina.authenticator.AuthenticatorBase.invoke(AuthenticatorBase.java:474)
	at org.apache.catalina.core.StandardHostValve.invoke(StandardHostValve.java:140)
	at org.apache.catalina.valves.ErrorReportValve.invoke(ErrorReportValve.java:79)
	at org.apache.catalina.valves.AbstractAccessLogValve.invoke(AbstractAccessLogValve.java:624)
	at org.apache.catalina.core.StandardEngineValve.invoke(StandardEngineValve.java:87)
	at org.apache.catalina.connector.CoyoteAdapter.service(CoyoteAdapter.java:349)
	at org.apache.coyote.http11.Http11Processor.service(Http11Processor.java:783)
	at org.apache.coyote.AbstractProcessorLight.process(AbstractProcessorLight.java:66)
	at org.apache.coyote.AbstractProtocol$ConnectionHandler.process(AbstractProtocol.java:789)
	at org.apache.tomcat.util.net.NioEndpoint$SocketProcessor.doRun(NioEndpoint.java:1437)
	at org.apache.tomcat.util.net.SocketProcessorBase.run(SocketProcessorBase.java:49)
	at java.base/java.util.concurrent.ThreadPoolExecutor.runWorker(ThreadPoolExecutor.java:1136)
	at java.base/java.util.concurrent.ThreadPoolExecutor$Worker.run(ThreadPoolExecutor.java:635)
	at org.apache.tomcat.util.threads.TaskThread$WrappingRunnable.run(TaskThread.java:61)
	at java.base/java.lang.Thread.run(Thread.java:833)

07-Nov-2023 15:18:30.762 심각 [http-nio-8080-exec-3] org.apache.catalina.core.StandardWrapperValve.invoke Servlet.service() for servlet [jsp] in context with path [/chap09] threw exception [An exception occurred processing JSP page /makeCookieWithDomain.jsp at line 11

8: 
9:     Cookie cookie3 = new Cookie("invalid", "invalidcookie");
10:     cookie3.setDomain("javacan.tistory.com");
11:     response.addCookie(cookie1);
12:     response.addCookie(cookie2);
13:     response.addCookie(cookie3);
14: %>


Stacktrace:] with root cause
 java.lang.IllegalArgumentException: An invalid domain [.somehost.com] was specified for this cookie
	at org.apache.tomcat.util.http.Rfc6265CookieProcessor.validateDomain(Rfc6265CookieProcessor.java:183)
	at org.apache.tomcat.util.http.Rfc6265CookieProcessor.generateHeader(Rfc6265CookieProcessor.java:125)
	at org.apache.catalina.connector.Response.generateCookieString(Response.java:989)
	at org.apache.catalina.connector.Response.addCookie(Response.java:937)
	at org.apache.catalina.connector.ResponseFacade.addCookie(ResponseFacade.java:386)
	at org.apache.jsp.makeCookieWithDomain_jsp._jspService(makeCookieWithDomain_jsp.java:121)
	at org.apache.jasper.runtime.HttpJspBase.service(HttpJspBase.java:70)
	at javax.servlet.http.HttpServlet.service(HttpServlet.java:729)
	at org.apache.jasper.servlet.JspServletWrapper.service(JspServletWrapper.java:443)
	at org.apache.jasper.servlet.JspServlet.serviceJspFile(JspServlet.java:385)
	at org.apache.jasper.servlet.JspServlet.service(JspServlet.java:329)
	at javax.servlet.http.HttpServlet.service(HttpServlet.java:729)
	at org.apache.catalina.core.ApplicationFilterChain.internalDoFilter(ApplicationFilterChain.java:230)
	at org.apache.catalina.core.ApplicationFilterChain.doFilter(ApplicationFilterChain.java:165)
	at org.apache.tomcat.websocket.server.WsFilter.doFilter(WsFilter.java:52)
	at org.apache.catalina.core.ApplicationFilterChain.internalDoFilter(ApplicationFilterChain.java:192)
	at org.apache.catalina.core.ApplicationFilterChain.doFilter(ApplicationFilterChain.java:165)
	at org.apache.catalina.core.StandardWrapperValve.invoke(StandardWrapperValve.java:198)
	at org.apache.catalina.core.StandardContextValve.invoke(StandardContextValve.java:96)
	at org.apache.catalina.authenticator.AuthenticatorBase.invoke(AuthenticatorBase.java:474)
	at org.apache.catalina.core.StandardHostValve.invoke(StandardHostValve.java:140)
	at org.apache.catalina.valves.ErrorReportValve.invoke(ErrorReportValve.java:79)
	at org.apache.catalina.valves.AbstractAccessLogValve.invoke(AbstractAccessLogValve.java:624)
	at org.apache.catalina.core.StandardEngineValve.invoke(StandardEngineValve.java:87)
	at org.apache.catalina.connector.CoyoteAdapter.service(CoyoteAdapter.java:349)
	at org.apache.coyote.http11.Http11Processor.service(Http11Processor.java:783)
	at org.apache.coyote.AbstractProcessorLight.process(AbstractProcessorLight.java:66)
	at org.apache.coyote.AbstractProtocol$ConnectionHandler.process(AbstractProtocol.java:789)
	at org.apache.tomcat.util.net.NioEndpoint$SocketProcessor.doRun(NioEndpoint.java:1437)
	at org.apache.tomcat.util.net.SocketProcessorBase.run(SocketProcessorBase.java:49)
	at java.base/java.util.concurrent.ThreadPoolExecutor.runWorker(ThreadPoolExecutor.java:1136)
	at java.base/java.util.concurrent.ThreadPoolExecutor$Worker.run(ThreadPoolExecutor.java:635)
	at org.apache.tomcat.util.threads.TaskThread$WrappingRunnable.run(TaskThread.java:61)
	at java.base/java.lang.Thread.run(Thread.java:833)

07-Nov-2023 15:33:07.276 심각 [http-nio-8080-exec-10] org.apache.catalina.core.StandardWrapperValve.invoke Servlet.service() for servlet [jsp] in context with path [/chap09] threw exception [Unable to compile class for JSP: 

An error occurred at line: 6 in the jsp file: /path1/setCookieWithPath.jsp
The method addCookie(Cookie) is undefined for the type Cookie
3: <%
4:     Cookie cookie1 = new Cookie("path1", URLEncoder.encode("경로:/chap09/path1", "utf-8"));
5:     cookie1.setPath("/chap09/path1");
6:     cookie1.addCookie(cookie1);
7: 
8:     Cookie cookie2 = new Cookie("path2", URLEncoder.encode("경로:", "utf-8"));
9:     response.addCookie(cookie2);


Stacktrace:] with root cause
 org.apache.jasper.JasperException: Unable to compile class for JSP: 

An error occurred at line: 6 in the jsp file: /path1/setCookieWithPath.jsp
The method addCookie(Cookie) is undefined for the type Cookie
3: <%
4:     Cookie cookie1 = new Cookie("path1", URLEncoder.encode("경로:/chap09/path1", "utf-8"));
5:     cookie1.setPath("/chap09/path1");
6:     cookie1.addCookie(cookie1);
7: 
8:     Cookie cookie2 = new Cookie("path2", URLEncoder.encode("경로:", "utf-8"));
9:     response.addCookie(cookie2);


Stacktrace:
	at org.apache.jasper.compiler.DefaultErrorHandler.javacError(DefaultErrorHandler.java:102)
	at org.apache.jasper.compiler.ErrorDispatcher.javacError(ErrorDispatcher.java:212)
	at org.apache.jasper.compiler.JDTCompiler.generateClass(JDTCompiler.java:457)
	at org.apache.jasper.compiler.Compiler.compile(Compiler.java:377)
	at org.apache.jasper.compiler.Compiler.compile(Compiler.java:349)
	at org.apache.jasper.compiler.Compiler.compile(Compiler.java:333)
	at org.apache.jasper.JspCompilationContext.compile(JspCompilationContext.java:600)
	at org.apache.jasper.servlet.JspServletWrapper.service(JspServletWrapper.java:368)
	at org.apache.jasper.servlet.JspServlet.serviceJspFile(JspServlet.java:385)
	at org.apache.jasper.servlet.JspServlet.service(JspServlet.java:329)
	at javax.servlet.http.HttpServlet.service(HttpServlet.java:729)
	at org.apache.catalina.core.ApplicationFilterChain.internalDoFilter(ApplicationFilterChain.java:230)
	at org.apache.catalina.core.ApplicationFilterChain.doFilter(ApplicationFilterChain.java:165)
	at org.apache.tomcat.websocket.server.WsFilter.doFilter(WsFilter.java:52)
	at org.apache.catalina.core.ApplicationFilterChain.internalDoFilter(ApplicationFilterChain.java:192)
	at org.apache.catalina.core.ApplicationFilterChain.doFilter(ApplicationFilterChain.java:165)
	at org.apache.catalina.core.StandardWrapperValve.invoke(StandardWrapperValve.java:198)
	at org.apache.catalina.core.StandardContextValve.invoke(StandardContextValve.java:96)
	at org.apache.catalina.authenticator.AuthenticatorBase.invoke(AuthenticatorBase.java:474)
	at org.apache.catalina.core.StandardHostValve.invoke(StandardHostValve.java:140)
	at org.apache.catalina.valves.ErrorReportValve.invoke(ErrorReportValve.java:79)
	at org.apache.catalina.valves.AbstractAccessLogValve.invoke(AbstractAccessLogValve.java:624)
	at org.apache.catalina.core.StandardEngineValve.invoke(StandardEngineValve.java:87)
	at org.apache.catalina.connector.CoyoteAdapter.service(CoyoteAdapter.java:349)
	at org.apache.coyote.http11.Http11Processor.service(Http11Processor.java:783)
	at org.apache.coyote.AbstractProcessorLight.process(AbstractProcessorLight.java:66)
	at org.apache.coyote.AbstractProtocol$ConnectionHandler.process(AbstractProtocol.java:789)
	at org.apache.tomcat.util.net.NioEndpoint$SocketProcessor.doRun(NioEndpoint.java:1437)
	at org.apache.tomcat.util.net.SocketProcessorBase.run(SocketProcessorBase.java:49)
	at java.base/java.util.concurrent.ThreadPoolExecutor.runWorker(ThreadPoolExecutor.java:1136)
	at java.base/java.util.concurrent.ThreadPoolExecutor$Worker.run(ThreadPoolExecutor.java:635)
	at org.apache.tomcat.util.threads.TaskThread$WrappingRunnable.run(TaskThread.java:61)
	at java.base/java.lang.Thread.run(Thread.java:833)

